<?xml version="1.0" encoding="utf-8"?>
<log version="1.0" tool="runtool">

<msg id="1" tool="runtool">
  <type>log-start</type>
  <arg>2023/06/02 12:41:44</arg>
</msg>
<msg id="2" tool="runtool">
  <type>bandwidth-measurement-starts</type>
</msg>
<msg id="3" tool="runtool">
  <type>bandwidth-measurement-done</type>
</msg>
<msg id="4" tool="runtool">
  <type>collector-starts</type>
</msg>
<msg id="5" tool="runtool">
  <type>marker-file</type>
  <arg>/home/asl/Lorenzo/ASL-project-team28/MyResults/e000/trc000/trc000.advixe</arg>
</msg>
<msg id="6" tool="trc">
  <type>PROCESS_START</type>
  <arg>/home/asl/Lorenzo/ASL-project-team28/bin</arg>
  <arg>260246</arg>
  <severity>INFO</severity>
  <timestamp>Fri Jun  2 12:41:54 2023</timestamp>
</msg>
<msg id="7" tool="trc">
  <type>PROCESS_ANALYSIS_MODE</type>
  <arg>full</arg>
  <severity>INFO</severity>
  <timestamp>Fri Jun  2 12:41:54 2023</timestamp>
</msg>
<msg id="8" tool="trc">
  <type>LOAD_MODULE</type>
  <arg>/home/asl/Lorenzo/ASL-project-team28/bin</arg>
  <arg>0x5559637fa000</arg>
  <arg>0x55596380d3b7</arg>
  <arg>yes</arg>
  <severity>INFO</severity>
  <timestamp>Fri Jun  2 12:41:54 2023</timestamp>
</msg>
<msg id="9" tool="trc">
  <type>LOAD_MODULE</type>
  <arg>/lib64/ld-linux-x86-64.so.2</arg>
  <arg>0x7f28cd788000</arg>
  <arg>0x7f28cd7b4177</arg>
  <arg>no</arg>
  <severity>INFO</severity>
  <timestamp>Fri Jun  2 12:41:54 2023</timestamp>
</msg>
<msg id="10" tool="trc">
  <type>LOAD_MODULE</type>
  <arg>[vdso]</arg>
  <arg>0x7ffeb83be000</arg>
  <arg>0x7ffeb83bec64</arg>
  <arg>no</arg>
  <severity>INFO</severity>
  <timestamp>Fri Jun  2 12:41:54 2023</timestamp>
</msg>
<msg id="11" tool="trc">
  <type>LOAD_MODULE</type>
  <arg>/opt/intel/oneapi/mkl/2023.0.0/lib/intel64/libmkl_intel_lp64.so.2</arg>
  <arg>0x7f28b6592000</arg>
  <arg>0x7f28b77bd65f</arg>
  <arg>yes</arg>
  <severity>INFO</severity>
  <timestamp>Fri Jun  2 12:41:55 2023</timestamp>
</msg>
<msg id="12" tool="trc">
  <type>LOAD_MODULE</type>
  <arg>/opt/intel/oneapi/mkl/2023.0.0/lib/intel64/libmkl_sequential.so.2</arg>
  <arg>0x7f28b4b19000</arg>
  <arg>0x7f28b654e88f</arg>
  <arg>yes</arg>
  <severity>INFO</severity>
  <timestamp>Fri Jun  2 12:42:00 2023</timestamp>
</msg>
<msg id="13" tool="trc">
  <type>LOAD_MODULE</type>
  <arg>/opt/intel/oneapi/mkl/2023.0.0/lib/intel64/libmkl_core.so.2</arg>
  <arg>0x7f28b0708000</arg>
  <arg>0x7f28b4ae9e5f</arg>
  <arg>yes</arg>
  <severity>INFO</severity>
  <timestamp>Fri Jun  2 12:42:10 2023</timestamp>
</msg>
<msg id="14" tool="trc">
  <type>LOAD_MODULE</type>
  <arg>/lib/x86_64-linux-gnu/libstdc++.so.6</arg>
  <arg>0x7f28b03d0000</arg>
  <arg>0x7f28b059c7ff</arg>
  <arg>no</arg>
  <severity>INFO</severity>
  <timestamp>Fri Jun  2 12:42:33 2023</timestamp>
</msg>
<msg id="15" tool="trc">
  <type>LOAD_MODULE</type>
  <arg>/lib/x86_64-linux-gnu/libm.so.6</arg>
  <arg>0x7f28b025f000</arg>
  <arg>0x7f28b03a210f</arg>
  <arg>no</arg>
  <severity>INFO</severity>
  <timestamp>Fri Jun  2 12:42:33 2023</timestamp>
</msg>
<msg id="16" tool="trc">
  <type>LOAD_MODULE</type>
  <arg>/lib/x86_64-linux-gnu/libmvec.so.1</arg>
  <arg>0x7f28b0233000</arg>
  <arg>0x7f28b025e127</arg>
  <arg>no</arg>
  <severity>INFO</severity>
  <timestamp>Fri Jun  2 12:42:33 2023</timestamp>
</msg>
<msg id="17" tool="trc">
  <type>LOAD_MODULE</type>
  <arg>/lib/x86_64-linux-gnu/libgcc_s.so.1</arg>
  <arg>0x7f28b0219000</arg>
  <arg>0x7f28b0232447</arg>
  <arg>no</arg>
  <severity>INFO</severity>
  <timestamp>Fri Jun  2 12:42:33 2023</timestamp>
</msg>
<msg id="18" tool="trc">
  <type>LOAD_MODULE</type>
  <arg>/lib/x86_64-linux-gnu/libc.so.6</arg>
  <arg>0x7f28b0045000</arg>
  <arg>0x7f28b021867f</arg>
  <arg>no</arg>
  <severity>INFO</severity>
  <timestamp>Fri Jun  2 12:42:33 2023</timestamp>
</msg>
<msg id="19" tool="trc">
  <type>LOAD_MODULE</type>
  <arg>/lib/x86_64-linux-gnu/libdl.so.2</arg>
  <arg>0x7f28b003a000</arg>
  <arg>0x7f28b003f10f</arg>
  <arg>no</arg>
  <severity>INFO</severity>
  <timestamp>Fri Jun  2 12:42:33 2023</timestamp>
</msg>
<msg id="20" tool="trc">
  <type>LOAD_MODULE</type>
  <arg>/lib/x86_64-linux-gnu/libpthread.so.0</arg>
  <arg>0x7f28b0009000</arg>
  <arg>0x7f28b002a46f</arg>
  <arg>yes</arg>
  <severity>INFO</severity>
  <timestamp>Fri Jun  2 12:42:33 2023</timestamp>
</msg>
<msg id="21" tool="trc">
  <type>LOAD_MODULE</type>
  <arg>/opt/intel/oneapi/mkl/2023.0.0/lib/intel64/libmkl_avx2.so.2</arg>
  <arg>0x7f28a40e0000</arg>
  <arg>0x7f28a6faf247</arg>
  <arg>yes</arg>
  <severity>INFO</severity>
  <timestamp>Fri Jun  2 12:42:34 2023</timestamp>
</msg>
<msg id="22" tool="trc">
  <type>LOAD_MODULE</type>
  <arg>/opt/intel/oneapi/mkl/2023.0.0/lib/intel64/libmkl_vml_avx2.so.2</arg>
  <arg>0x7f289cb6a000</arg>
  <arg>0x7f289d956b6f</arg>
  <arg>yes</arg>
  <severity>INFO</severity>
  <timestamp>Fri Jun  2 12:42:34 2023</timestamp>
</msg>
<msg id="23" tool="trc">
  <type>PROCESS_START</type>
  <arg>/usr/bin/ls</arg>
  <arg>260259</arg>
  <severity>INFO</severity>
  <timestamp>Fri Jun  2 12:42:35 2023</timestamp>
</msg>
<msg id="24" tool="trc">
  <type>PROCESS_ANALYSIS_MODE</type>
  <arg>full</arg>
  <severity>INFO</severity>
  <timestamp>Fri Jun  2 12:42:35 2023</timestamp>
</msg>
<msg id="25" tool="trc">
  <type>LOAD_MODULE</type>
  <arg>/usr/bin/ls</arg>
  <arg>0x560d53f10000</arg>
  <arg>0x560d53f358b7</arg>
  <arg>no</arg>
  <severity>INFO</severity>
  <timestamp>Fri Jun  2 12:42:35 2023</timestamp>
</msg>
<msg id="26" tool="trc">
  <type>LOAD_MODULE</type>
  <arg>/lib64/ld-linux-x86-64.so.2</arg>
  <arg>0x7f045a017000</arg>
  <arg>0x7f045a043177</arg>
  <arg>no</arg>
  <severity>INFO</severity>
  <timestamp>Fri Jun  2 12:42:35 2023</timestamp>
</msg>
<msg id="27" tool="trc">
  <type>LOAD_MODULE</type>
  <arg>[vdso]</arg>
  <arg>0x7ffea2bf6000</arg>
  <arg>0x7ffea2bf6c64</arg>
  <arg>no</arg>
  <severity>INFO</severity>
  <timestamp>Fri Jun  2 12:42:35 2023</timestamp>
</msg>
<msg id="28" tool="trc">
  <type>LOAD_MODULE</type>
  <arg>/lib/x86_64-linux-gnu/libselinux.so.1</arg>
  <arg>0x7f0444189000</arg>
  <arg>0x7f04441b4607</arg>
  <arg>no</arg>
  <severity>INFO</severity>
  <timestamp>Fri Jun  2 12:42:35 2023</timestamp>
</msg>
<msg id="29" tool="trc">
  <type>LOAD_MODULE</type>
  <arg>/lib/x86_64-linux-gnu/libc.so.6</arg>
  <arg>0x7f0443ef8000</arg>
  <arg>0x7f04440cb67f</arg>
  <arg>no</arg>
  <severity>INFO</severity>
  <timestamp>Fri Jun  2 12:42:35 2023</timestamp>
</msg>
<msg id="30" tool="trc">
  <type>LOAD_MODULE</type>
  <arg>/lib/x86_64-linux-gnu/libpcre2-8.so.0</arg>
  <arg>0x7f0443e3e000</arg>
  <arg>0x7f0443ed53a7</arg>
  <arg>no</arg>
  <severity>INFO</severity>
  <timestamp>Fri Jun  2 12:42:36 2023</timestamp>
</msg>
<msg id="31" tool="trc">
  <type>LOAD_MODULE</type>
  <arg>/lib/x86_64-linux-gnu/libdl.so.2</arg>
  <arg>0x7f0443e17000</arg>
  <arg>0x7f0443e1c10f</arg>
  <arg>no</arg>
  <severity>INFO</severity>
  <timestamp>Fri Jun  2 12:42:36 2023</timestamp>
</msg>
<msg id="32" tool="trc">
  <type>LOAD_MODULE</type>
  <arg>/lib/x86_64-linux-gnu/libpthread.so.0</arg>
  <arg>0x7f0443dd8000</arg>
  <arg>0x7f0443df946f</arg>
  <arg>yes</arg>
  <severity>INFO</severity>
  <timestamp>Fri Jun  2 12:42:36 2023</timestamp>
</msg>
<msg id="33" tool="trc">
  <type>UNLOAD_MODULE</type>
  <arg>/usr/bin/ls</arg>
  <severity>INFO</severity>
  <timestamp>Fri Jun  2 12:42:37 2023</timestamp>
</msg>
<msg id="34" tool="trc">
  <type>UNLOAD_MODULE</type>
  <arg>/lib64/ld-linux-x86-64.so.2</arg>
  <severity>INFO</severity>
  <timestamp>Fri Jun  2 12:42:37 2023</timestamp>
</msg>
<msg id="35" tool="trc">
  <type>UNLOAD_MODULE</type>
  <arg>[vdso]</arg>
  <severity>INFO</severity>
  <timestamp>Fri Jun  2 12:42:37 2023</timestamp>
</msg>
<msg id="36" tool="trc">
  <type>UNLOAD_MODULE</type>
  <arg>/lib/x86_64-linux-gnu/libselinux.so.1</arg>
  <severity>INFO</severity>
  <timestamp>Fri Jun  2 12:42:37 2023</timestamp>
</msg>
<msg id="37" tool="trc">
  <type>UNLOAD_MODULE</type>
  <arg>/lib/x86_64-linux-gnu/libc.so.6</arg>
  <severity>INFO</severity>
  <timestamp>Fri Jun  2 12:42:37 2023</timestamp>
</msg>
<msg id="38" tool="trc">
  <type>UNLOAD_MODULE</type>
  <arg>/lib/x86_64-linux-gnu/libpcre2-8.so.0</arg>
  <severity>INFO</severity>
  <timestamp>Fri Jun  2 12:42:37 2023</timestamp>
</msg>
<msg id="39" tool="trc">
  <type>UNLOAD_MODULE</type>
  <arg>/lib/x86_64-linux-gnu/libdl.so.2</arg>
  <severity>INFO</severity>
  <timestamp>Fri Jun  2 12:42:37 2023</timestamp>
</msg>
<msg id="40" tool="trc">
  <type>UNLOAD_MODULE</type>
  <arg>/lib/x86_64-linux-gnu/libpthread.so.0</arg>
  <severity>INFO</severity>
  <timestamp>Fri Jun  2 12:42:37 2023</timestamp>
</msg>
<msg id="41" tool="trc">
  <type>PROCESS_FINISH</type>
  <arg>/usr/bin/ls</arg>
  <arg>260259</arg>
  <arg>0x0</arg>
  <severity>INFO</severity>
  <timestamp>Fri Jun  2 12:42:37 2023</timestamp>
</msg>
<msg id="42" tool="trc">
  <type>PROCESS_START</type>
  <arg>/usr/bin/dash</arg>
  <arg>260253</arg>
  <severity>INFO</severity>
  <timestamp>Fri Jun  2 12:42:34 2023</timestamp>
</msg>
<msg id="43" tool="trc">
  <type>PROCESS_ANALYSIS_MODE</type>
  <arg>full</arg>
  <severity>INFO</severity>
  <timestamp>Fri Jun  2 12:42:34 2023</timestamp>
</msg>
<msg id="44" tool="trc">
  <type>LOAD_MODULE</type>
  <arg>/usr/bin/dash</arg>
  <arg>0x56209ffdd000</arg>
  <arg>0x56209fffef6f</arg>
  <arg>no</arg>
  <severity>INFO</severity>
  <timestamp>Fri Jun  2 12:42:34 2023</timestamp>
</msg>
<msg id="45" tool="trc">
  <type>LOAD_MODULE</type>
  <arg>/lib64/ld-linux-x86-64.so.2</arg>
  <arg>0x7f6857d55000</arg>
  <arg>0x7f6857d81177</arg>
  <arg>no</arg>
  <severity>INFO</severity>
  <timestamp>Fri Jun  2 12:42:34 2023</timestamp>
</msg>
<msg id="46" tool="trc">
  <type>LOAD_MODULE</type>
  <arg>[vdso]</arg>
  <arg>0x7ffdd4b1f000</arg>
  <arg>0x7ffdd4b1fc64</arg>
  <arg>no</arg>
  <severity>INFO</severity>
  <timestamp>Fri Jun  2 12:42:34 2023</timestamp>
</msg>
<msg id="47" tool="trc">
  <type>LOAD_MODULE</type>
  <arg>/lib/x86_64-linux-gnu/libc.so.6</arg>
  <arg>0x7f6841d15000</arg>
  <arg>0x7f6841ee867f</arg>
  <arg>no</arg>
  <severity>INFO</severity>
  <timestamp>Fri Jun  2 12:42:35 2023</timestamp>
</msg>
<msg id="48" tool="runtool">
  <type>app-exit-code</type>
  <arg>1</arg>
</msg>
<msg id="49" tool="runtool">
  <type>marker-file</type>
  <arg>/home/asl/Lorenzo/ASL-project-team28/MyResults/e000/trc000/trc000.advixe</arg>
</msg>
<msg id="50" tool="runtool">
  <type>collector-done</type>
</msg>
<msg id="51" tool="runtool">
  <type>log-end</type>
  <arg>2023/06/02 12:42:42</arg>
</msg>

</log>

