10 [139973394699200] INFO perfrun.launcher <> - Launcher main begin
11 [139973394699200] INFO perfrun.launcher <> - MessageCatalogInit finished
11 [139973394699200] INFO perfrun.launcher <> - Launcher instance created
11 [139973394699200] INFO perfrun.launcher <> - argc = 7; cmdline = /opt/intel/oneapi/advisor/2023.0.0/bin64/advixe-runss --ui-output-format xml --ui-output-fd 6 --option-file /home/asl/Lorenzo/ASL-project-team28/MyResults/e000/hs000/config/runss.options 
62 [139973394699200] INFO perfrun.launcher <> - create msngr2::ICliToolContext
62 [139973394699200] INFO perfrun.launcher <> - create file finder object
62 [139973394699200] INFO perfrun.launcher <> - create a result directory: pattern = /home/asl/Lorenzo/ASL-project-team28/MyResults/e000/hs000 pid = 4294967295
64 [139973394699200] INFO perfrun.sdk <> - checked that the directory /home/asl/Lorenzo/ASL-project-team28/MyResults/e000/hs000 is a local directory
64 [139973394699200] INFO perfrun.sdk <> - the directory /home/asl/Lorenzo/ASL-project-team28/MyResults/e000/hs000 is a local directory with FS type ID 61267
64 [139973394699200] INFO perfrun.launcher <> - create data directory = /home/asl/Lorenzo/ASL-project-team28/MyResults/e000/hs000/data.0
64 [139973394699200] INFO perfrun.launcher <> - Creating the master collection flag
66 [139973394699200] INFO perfrun.launcher <> - Done creating the master collection flag
67 [139973385340672] INFO perfrun.launcher <> - plugin [remoteplug] was disabled because it doesn't support the given collection type.
67 [139973385340672] INFO perfrun.sdk <> - Allocating TMU :/home/asl/Lorenzo/ASL-project-team28/MyResults/e000/hs000/data.0/systemcollector-133414-palehost.sc
67 [139973385340672] INFO perfrun.launcher <> - plugin [] was disabled because it doesn't support the given collection type.
67 [139973385340672] INFO perfrun.launcher <> - plugin [gpu] was disabled because it doesn't support the given collection type.
67 [139973385340672] INFO perfrun.launcher <> - plugin [] was disabled because it doesn't support the given collection type.
67 [139973385340672] INFO perfrun.launcher <> - plugin [] was disabled because it doesn't support the given collection type.
67 [139973385340672] INFO perfrun.launcher <> - plugin [] was disabled because it doesn't support the given collection type.
67 [139973385340672] INFO perfrun.mrte <> - system-wide mode is 0
67 [139973385340672] INFO perfrun.mrte <> - Getting  mrte profiling environment ...
74 [139973385340672] INFO perfrun.mrte <> - INTEL_MRTE_DATA_DIR=/home/asl/Lorenzo/ASL-project-team28/MyResults/e000/hs000/data.0
74 [139973385340672] INFO perfrun.mrte <> - INTEL_MRTE_HOST_NAME=palehost
74 [139973385340672] INFO perfrun.mrte <> - JAVA_TOOL_OPTIONS=-agentlib:advixe_tpssmrte_javaprof_1.0 -Dsun.boot.library.path=/opt/intel/oneapi/advisor/2023.0.0/lib32/runtime:/opt/intel/oneapi/advisor/2023.0.0/lib64/runtime
74 [139973385340672] INFO perfrun.mrte <> - LD_LIBRARY_PATH=/opt/intel/oneapi/advisor/2023.0.0/lib32/runtime:/opt/intel/oneapi/advisor/2023.0.0/lib64/runtime:/opt/intel/oneapi/tbb/2021.8.0/env/../lib/intel64/gcc4.8:/opt/intel/oneapi/mpi/2021.8.0//libfabric/lib:/opt/intel/oneapi/mpi/2021.8.0//lib/release:/opt/intel/oneapi/mpi/2021.8.0//lib:/opt/intel/oneapi/mkl/2023.0.0/lib/intel64:/opt/intel/oneapi/ipp/2021.7.0/lib/intel64:/opt/intel/oneapi/ippcp/2021.6.3/lib/intel64:/opt/intel/oneapi/ipp/2021.7.0/lib/intel64:/opt/intel/oneapi/debugger/2023.0.0/gdb/intel64/lib:/opt/intel/oneapi/debugger/2023.0.0/libipt/intel64/lib:/opt/intel/oneapi/debugger/2023.0.0/dep/lib:/opt/intel/oneapi/compiler/2023.0.0/linux/lib:/opt/intel/oneapi/compiler/2023.0.0/linux/lib/x64:/opt/intel/oneapi/compiler/2023.0.0/linux/compiler/lib/intel64_lin:/opt/intel/oneapi/ccl/2021.8.0/lib/cpu_gpu_dpcpp:/opt/intel/oneapi/mkl/2023.1.0/lib/intel64:/opt/intel/oneapi/mkl/2023.1.0/lib/intel64:
74 [139973385340672] INFO perfrun.mrte <> - Data directory: /home/asl/Lorenzo/ASL-project-team28/MyResults/e000/hs000/data.0
74 [139973385340672] INFO perfrun.mrte <> - Mrte plugin is initialized
74 [139973385340672] INFO perfrun.launcher <> - plugin [] was disabled because it doesn't support the given collection type.
74 [139973385340672] INFO perfrun.launcher <> - plugin [] was disabled because it doesn't support the given collection type.
74 [139973385340672] INFO perfrun.launcher <> - plugin [] was disabled because it doesn't support the given collection type.
74 [139973385340672] INFO perfrun.launcher <> - plugin [] was disabled because it doesn't support the given collection type.
74 [139973385340672] INFO perfrun.launcher <> - plugin [] was disabled because it doesn't support the given collection type.
74 [139973385340672] INFO perfrun.launcher <> - plugin [] was disabled because it doesn't support the given collection type.
74 [139973385340672] INFO perfrun.launcher <> - plugin [] was disabled because it doesn't support the given collection type.
74 [139973385340672] INFO perfrun.tpss <> - initialize tpss controller
74 [139973385340672] INFO perfrun.tpss <> - configure collection mode: value = cpu:stack
74 [139973385340672] INFO perfrun.tpss <> - default obj-size-min=1024
74 [139973385340672] INFO perfrun.tpss <> - default hash-table-size=0
74 [139973385340672] INFO perfrun.launcher <> - plugin [] was disabled because it doesn't support the given collection type.
74 [139973385340672] INFO perfrun.launcher <> - plugin [] was disabled because it doesn't support the given collection type.
74 [139973385340672] INFO perfrun.launcher <> - plugin [] was disabled because it doesn't support the given collection type.
74 [139973385340672] INFO perfrun.launcher <> - plugin [] was disabled because it doesn't support the given collection type.
74 [139973385340672] INFO perfrun.launcher <> - plugin [] was disabled because it doesn't support the given collection type.
74 [139973385340672] INFO perfrun.launcher <> - plugin [] was disabled because it doesn't support the given collection type.
74 [139973385340672] INFO perfrun.launcher <> - plugin [] was disabled because it doesn't support the given collection type.
74 [139973385340672] INFO perfrun.launcher <> - plugin [] was disabled because it doesn't support the given collection type.
74 [139973385340672] INFO perfrun.launcher <> - plugin [] was disabled because it doesn't support the given collection type.
74 [139973394699200] INFO perfrun.launcher <> - set environment variable: LD_LIBRARY_PATH = /opt/intel/oneapi/advisor/2023.0.0/lib32/runtime:/opt/intel/oneapi/advisor/2023.0.0/lib64/runtime:/opt/intel/oneapi/tbb/2021.8.0/env/../lib/intel64/gcc4.8:/opt/intel/oneapi/mpi/2021.8.0//libfabric/lib:/opt/intel/oneapi/mpi/2021.8.0//lib/release:/opt/intel/oneapi/mpi/2021.8.0//lib:/opt/intel/oneapi/mkl/2023.0.0/lib/intel64:/opt/intel/oneapi/ipp/2021.7.0/lib/intel64:/opt/intel/oneapi/ippcp/2021.6.3/lib/intel64:/opt/intel/oneapi/ipp/2021.7.0/lib/intel64:/opt/intel/oneapi/debugger/2023.0.0/gdb/intel64/lib:/opt/intel/oneapi/debugger/2023.0.0/libipt/intel64/lib:/opt/intel/oneapi/debugger/2023.0.0/dep/lib:/opt/intel/oneapi/compiler/2023.0.0/linux/lib:/opt/intel/oneapi/compiler/2023.0.0/linux/lib/x64:/opt/intel/oneapi/compiler/2023.0.0/linux/compiler/lib/intel64_lin:/opt/intel/oneapi/ccl/2021.8.0/lib/cpu_gpu_dpcpp:/opt/intel/oneapi/mkl/2023.1.0/lib/intel64:/opt/intel/oneapi/mkl/2023.1.0/lib/intel64:
74 [139973394699200] INFO perfrun.launcher <> - set environment variable: INTEL_LIBITTNOTIFY32 = /opt/intel/oneapi/advisor/2023.0.0/lib32/runtime/libittnotify_collector.so
74 [139973394699200] INFO perfrun.launcher <> - set environment variable: INTEL_LIBITTNOTIFY64 = /opt/intel/oneapi/advisor/2023.0.0/lib64/runtime/libittnotify_collector.so
74 [139973394699200] INFO perfrun.launcher <> - set environment variable: INTEL_ITTNOTIFY_GROUPS = 
74 [139973394699200] INFO perfrun.launcher <> - set environment variable: INTEL_JIT_PROFILER32 = /opt/intel/oneapi/advisor/2023.0.0/lib32/runtime/libittnotify_collector.so
74 [139973394699200] INFO perfrun.launcher <> - set environment variable: INTEL_JIT_PROFILER64 = /opt/intel/oneapi/advisor/2023.0.0/lib64/runtime/libittnotify_collector.so
74 [139973394699200] INFO perfrun.launcher <> - set environment variable: OMP_TOOL_LIBRARIES = /opt/intel/oneapi/advisor/2023.0.0/lib32/runtime/libittnotify_collector.so:/opt/intel/oneapi/advisor/2023.0.0/lib64/runtime/libittnotify_collector.so
74 [139973394699200] INFO perfrun.launcher <> - set environment variable: ENABLE_JITPROFILING = 1
74 [139973394699200] INFO perfrun.launcher <> - set environment variable: CL_CONFIG_USE_VTUNE = True
74 [139973394699200] INFO perfrun.launcher <> - set environment variable: KMP_FORKJOIN_FRAMES = 0
74 [139973394699200] INFO perfrun.launcher <> - set environment variable: KMP_FORKJOIN_FRAMES_MODE = 0
75 [139973394699200] INFO perfrun.launcher <> - set environment variable: OMP_TOOL = disabled
75 [139973394699200] INFO perfrun.launcher <> - set environment variable: INTEL_MRTE_DATA_DIR = /home/asl/Lorenzo/ASL-project-team28/MyResults/e000/hs000/data.0
75 [139973394699200] INFO perfrun.launcher <> - set environment variable: INTEL_MRTE_HOST_NAME = palehost
75 [139973394699200] INFO perfrun.launcher <> - set environment variable: JAVA_TOOL_OPTIONS = -agentlib:advixe_tpssmrte_javaprof_1.0 -Dsun.boot.library.path=/opt/intel/oneapi/advisor/2023.0.0/lib32/runtime:/opt/intel/oneapi/advisor/2023.0.0/lib64/runtime
75 [139973394699200] INFO perfrun.launcher <> - set environment variable: LD_LIBRARY_PATH = /opt/intel/oneapi/advisor/2023.0.0/lib32/runtime:/opt/intel/oneapi/advisor/2023.0.0/lib64/runtime:/opt/intel/oneapi/tbb/2021.8.0/env/../lib/intel64/gcc4.8:/opt/intel/oneapi/mpi/2021.8.0//libfabric/lib:/opt/intel/oneapi/mpi/2021.8.0//lib/release:/opt/intel/oneapi/mpi/2021.8.0//lib:/opt/intel/oneapi/mkl/2023.0.0/lib/intel64:/opt/intel/oneapi/ipp/2021.7.0/lib/intel64:/opt/intel/oneapi/ippcp/2021.6.3/lib/intel64:/opt/intel/oneapi/ipp/2021.7.0/lib/intel64:/opt/intel/oneapi/debugger/2023.0.0/gdb/intel64/lib:/opt/intel/oneapi/debugger/2023.0.0/libipt/intel64/lib:/opt/intel/oneapi/debugger/2023.0.0/dep/lib:/opt/intel/oneapi/compiler/2023.0.0/linux/lib:/opt/intel/oneapi/compiler/2023.0.0/linux/lib/x64:/opt/intel/oneapi/compiler/2023.0.0/linux/compiler/lib/intel64_lin:/opt/intel/oneapi/ccl/2021.8.0/lib/cpu_gpu_dpcpp:/opt/intel/oneapi/mkl/2023.1.0/lib/intel64:/opt/intel/oneapi/mkl/2023.1.0/lib/intel64:
75 [139973394699200] INFO perfrun.launcher <> - RpcServer: run RPC server to handle requests
75 [139973394699200] INFO perfrun.launcher <> - Launcher: command line to start before modification = ./bin 1024 ./venv/bin/python solver.py tmp.bin data
75 [139973394699200] INFO perfrun.launcher <> - Launcher: command line to start after modification = /opt/intel/oneapi/advisor/2023.0.0/bin64/pin -error_file /home/asl/Lorenzo/ASL-project-team28/MyResults/e000/hs000/data.0/pinerr.tpsslog -detach_reattach -follow_execv -tool_load_option deepbind -t64 /opt/intel/oneapi/advisor/2023.0.0/lib64/libtpsstool.so -t /opt/intel/oneapi/advisor/2023.0.0/lib32/libtpsstool.so -server_name tpss_ipc.133414 -prd_dir /opt/intel/oneapi/advisor/2023.0.0 -- ./bin 1024 ./venv/bin/python solver.py tmp.bin data
75 [139973394699200] INFO perfrun.launcher <> - ProcessCreator object was created
75 [139973394699200] INFO perfrun.launcher <> - Launcher: the process was started in suspend mode
76 [139973385340672] WARN perfrun.system <> - Could not do anything with /sys/kernel/debug/kvm: boost::filesystem::status: Permission denied: "/sys/kernel/debug/kvm", at file: vcs/perfrun1/plugins/system/src/trace_writer.cpp:787
76 [139973385340672] WARN perfrun.system <> - Folder "/var/run/libvirt/qemu/"doesn't exist, at file: vcs/perfrun1/plugins/system/src/trace_writer.cpp:800
76 [139973385340672] WARN perfrun.sdk <> - Failed to find xl binary on any of the system paths: /bin, /sbin, /usr/bin, /usr/sbin., at file: vcs/perfrun1/sdk/src/utils.cpp:204
79 [139973385340672] INFO perfrun.vdso <> - Helper runtool '/opt/intel/oneapi/advisor/2023.0.0/bin32/advixe-runss -dump-vdso -r /home/asl/Lorenzo/ASL-project-team28/MyResults/e000/hs000 --tmp-dir /tmp/advixe-tmp-asl' returned 1
159 [139973385340672] INFO perfrun.vdso <> - Helper runtool '/opt/intel/oneapi/advisor/2023.0.0/bin64/advixe-runss -dump-vdso -r /home/asl/Lorenzo/ASL-project-team28/MyResults/e000/hs000 --tmp-dir /tmp/advixe-tmp-asl' returned 0
159 [139973385340672] INFO perfrun.itt <> - start itt controller for pid #133419
159 [139973385340672] INFO perfrun.tpss <> - start tpss controller for pid #133419
210 [139973394699200] INFO perfrun.launcher <> - Launcher: all plugins were started
210 [139973394699200] INFO perfrun.launcher <> - DirectoryMonitor object was created
210 [139973394699200] INFO perfrun.launcher <> - DirectoryMonitor: a callback was added
210 [139973394699200] INFO perfrun.launcher <> - DirectoryMonitor was started with pingTime = 1000
210 [139973394699200] INFO perfrun.launcher <> - DeadlineTimer is going to be constructed
210 [139973394699200] INFO perfrun.launcher <> - DeadlineTimer: a callback was added
214 [139973394699200] INFO perfrun.launcher <> - Launcher: resume the profiled application and  wait its termination or stop command
3140 [139973394699200] INFO perfrun.launcher <> - Launcher: the profiled application was terminated  with exit code = 0
3145 [139973385340672] INFO perfrun.itt <> - detach itt controller
3145 [139973385340672] INFO perfrun.itt <> - detach itt controller done
3145 [139973385340672] INFO perfrun.tpss <> - stop tpss controller
3146 [139973385340672] INFO perfrun.sdk <> - De-allocating TMU: /home/asl/Lorenzo/ASL-project-team28/MyResults/e000/hs000/data.0/systemcollector-133414-palehost.sc
3146 [139973385340672] INFO perfrun.system <> - closed the system trace file: /home/asl/Lorenzo/ASL-project-team28/MyResults/e000/hs000/data.0/systemcollector-133414-palehost.sc
3146 [139973394699200] INFO perfrun.launcher <> - Launcher: all plugins were stopped.
3146 [139973394699200] INFO perfrun.launcher <> - DeadlineTimer is going to be destroyed
3146 [139973394699200] INFO perfrun.launcher <> - DeadlineTimer was destroyed
3146 [139973394699200] INFO perfrun.launcher <> - DirectoryMonitor object was destroyed
3146 [139973394699200] WARN perfrun.launcher <> - Stop command is ignored because it is received when collection is already stopped, at file: vcs/perfrun1/launcher/src/command_handler.cpp:226
3146 [139973394699200] INFO perfrun.launcher <> - Application exit code: 0
3146 [139973394699200] INFO perfrun.launcher <> - Exit code: 0
