<?xml version="1.0" encoding="utf-8"?>
<log version="1.0" tool="runtool">

<msg id="1" tool="runtool">
  <type>log-start</type>
  <arg>2023/06/01 04:16:22</arg>
</msg>
<msg id="2" tool="runtool">
  <type>bandwidth-measurement-starts</type>
</msg>
<msg id="3" tool="runtool">
  <type>bandwidth-measurement-done</type>
</msg>
<msg id="4" tool="runtool">
  <type>collector-starts</type>
</msg>
<msg id="5" tool="runtool">
  <type>marker-file</type>
  <arg>/home/asl/Lorenzo/ASL-project-team28/MyResults/e000/trc000/trc000.advixe</arg>
</msg>
<msg id="6" tool="trc">
  <type>PROCESS_START</type>
  <arg>/home/asl/Lorenzo/ASL-project-team28/bin</arg>
  <arg>47916</arg>
  <severity>INFO</severity>
  <timestamp>Thu Jun  1 04:16:33 2023</timestamp>
</msg>
<msg id="7" tool="trc">
  <type>PROCESS_ANALYSIS_MODE</type>
  <arg>full</arg>
  <severity>INFO</severity>
  <timestamp>Thu Jun  1 04:16:33 2023</timestamp>
</msg>
<msg id="8" tool="trc">
  <type>LOAD_MODULE</type>
  <arg>/home/asl/Lorenzo/ASL-project-team28/bin</arg>
  <arg>0x560be10f9000</arg>
  <arg>0x560be11083b7</arg>
  <arg>yes</arg>
  <severity>INFO</severity>
  <timestamp>Thu Jun  1 04:16:33 2023</timestamp>
</msg>
<msg id="9" tool="trc">
  <type>LOAD_MODULE</type>
  <arg>/lib64/ld-linux-x86-64.so.2</arg>
  <arg>0x7f3f63817000</arg>
  <arg>0x7f3f63843177</arg>
  <arg>no</arg>
  <severity>INFO</severity>
  <timestamp>Thu Jun  1 04:16:33 2023</timestamp>
</msg>
<msg id="10" tool="trc">
  <type>LOAD_MODULE</type>
  <arg>[vdso]</arg>
  <arg>0x7ffc935a9000</arg>
  <arg>0x7ffc935a9c64</arg>
  <arg>no</arg>
  <severity>INFO</severity>
  <timestamp>Thu Jun  1 04:16:33 2023</timestamp>
</msg>
<msg id="11" tool="trc">
  <type>LOAD_MODULE</type>
  <arg>/opt/intel/oneapi/mkl/2023.0.0/lib/intel64/libmkl_intel_lp64.so.2</arg>
  <arg>0x7f3f4c64f000</arg>
  <arg>0x7f3f4d87a65f</arg>
  <arg>yes</arg>
  <severity>INFO</severity>
  <timestamp>Thu Jun  1 04:16:33 2023</timestamp>
</msg>
<msg id="12" tool="trc">
  <type>LOAD_MODULE</type>
  <arg>/opt/intel/oneapi/mkl/2023.0.0/lib/intel64/libmkl_sequential.so.2</arg>
  <arg>0x7f3f4abd5000</arg>
  <arg>0x7f3f4c60a88f</arg>
  <arg>yes</arg>
  <severity>INFO</severity>
  <timestamp>Thu Jun  1 04:16:39 2023</timestamp>
</msg>
<msg id="13" tool="trc">
  <type>LOAD_MODULE</type>
  <arg>/opt/intel/oneapi/mkl/2023.0.0/lib/intel64/libmkl_core.so.2</arg>
  <arg>0x7f3f467c5000</arg>
  <arg>0x7f3f4aba6e5f</arg>
  <arg>yes</arg>
  <severity>INFO</severity>
  <timestamp>Thu Jun  1 04:16:48 2023</timestamp>
</msg>
<msg id="14" tool="trc">
  <type>LOAD_MODULE</type>
  <arg>/lib/x86_64-linux-gnu/libstdc++.so.6</arg>
  <arg>0x7f3f46477000</arg>
  <arg>0x7f3f466437ff</arg>
  <arg>no</arg>
  <severity>INFO</severity>
  <timestamp>Thu Jun  1 04:17:12 2023</timestamp>
</msg>
<msg id="15" tool="trc">
  <type>LOAD_MODULE</type>
  <arg>/lib/x86_64-linux-gnu/libm.so.6</arg>
  <arg>0x7f3f46312000</arg>
  <arg>0x7f3f4645510f</arg>
  <arg>no</arg>
  <severity>INFO</severity>
  <timestamp>Thu Jun  1 04:17:12 2023</timestamp>
</msg>
<msg id="16" tool="trc">
  <type>LOAD_MODULE</type>
  <arg>/lib/x86_64-linux-gnu/libmvec.so.1</arg>
  <arg>0x7f3f462e6000</arg>
  <arg>0x7f3f46311127</arg>
  <arg>no</arg>
  <severity>INFO</severity>
  <timestamp>Thu Jun  1 04:17:12 2023</timestamp>
</msg>
<msg id="17" tool="trc">
  <type>LOAD_MODULE</type>
  <arg>/lib/x86_64-linux-gnu/libgcc_s.so.1</arg>
  <arg>0x7f3f462cc000</arg>
  <arg>0x7f3f462e5447</arg>
  <arg>no</arg>
  <severity>INFO</severity>
  <timestamp>Thu Jun  1 04:17:12 2023</timestamp>
</msg>
<msg id="18" tool="trc">
  <type>LOAD_MODULE</type>
  <arg>/lib/x86_64-linux-gnu/libc.so.6</arg>
  <arg>0x7f3f460f8000</arg>
  <arg>0x7f3f462cb67f</arg>
  <arg>no</arg>
  <severity>INFO</severity>
  <timestamp>Thu Jun  1 04:17:12 2023</timestamp>
</msg>
<msg id="19" tool="trc">
  <type>LOAD_MODULE</type>
  <arg>/lib/x86_64-linux-gnu/libdl.so.2</arg>
  <arg>0x7f3f46645000</arg>
  <arg>0x7f3f4664a10f</arg>
  <arg>no</arg>
  <severity>INFO</severity>
  <timestamp>Thu Jun  1 04:17:12 2023</timestamp>
</msg>
<msg id="20" tool="trc">
  <type>LOAD_MODULE</type>
  <arg>/lib/x86_64-linux-gnu/libpthread.so.0</arg>
  <arg>0x7f3f460b5000</arg>
  <arg>0x7f3f460d646f</arg>
  <arg>yes</arg>
  <severity>INFO</severity>
  <timestamp>Thu Jun  1 04:17:12 2023</timestamp>
</msg>
<msg id="21" tool="trc">
  <type>LOAD_MODULE</type>
  <arg>/opt/intel/oneapi/mkl/2023.0.0/lib/intel64/libmkl_avx2.so.2</arg>
  <arg>0x7f3f30b41000</arg>
  <arg>0x7f3f33a10247</arg>
  <arg>yes</arg>
  <severity>INFO</severity>
  <timestamp>Thu Jun  1 04:17:13 2023</timestamp>
</msg>
<msg id="22" tool="trc">
  <type>LOAD_MODULE</type>
  <arg>/opt/intel/oneapi/mkl/2023.0.0/lib/intel64/libmkl_vml_avx2.so.2</arg>
  <arg>0x7f3f3bac2000</arg>
  <arg>0x7f3f3c8aeb6f</arg>
  <arg>yes</arg>
  <severity>INFO</severity>
  <timestamp>Thu Jun  1 04:17:13 2023</timestamp>
</msg>
<msg id="23" tool="trc">
  <type>PROCESS_START</type>
  <arg>/usr/bin/dash</arg>
  <arg>47926</arg>
  <severity>INFO</severity>
  <timestamp>Thu Jun  1 04:17:13 2023</timestamp>
</msg>
<msg id="24" tool="trc">
  <type>PROCESS_ANALYSIS_MODE</type>
  <arg>full</arg>
  <severity>INFO</severity>
  <timestamp>Thu Jun  1 04:17:13 2023</timestamp>
</msg>
<msg id="25" tool="trc">
  <type>LOAD_MODULE</type>
  <arg>/usr/bin/dash</arg>
  <arg>0x55b8c24e7000</arg>
  <arg>0x55b8c2508f6f</arg>
  <arg>no</arg>
  <severity>INFO</severity>
  <timestamp>Thu Jun  1 04:17:13 2023</timestamp>
</msg>
<msg id="26" tool="trc">
  <type>LOAD_MODULE</type>
  <arg>/lib64/ld-linux-x86-64.so.2</arg>
  <arg>0x7efd73c2a000</arg>
  <arg>0x7efd73c56177</arg>
  <arg>no</arg>
  <severity>INFO</severity>
  <timestamp>Thu Jun  1 04:17:13 2023</timestamp>
</msg>
<msg id="27" tool="trc">
  <type>LOAD_MODULE</type>
  <arg>[vdso]</arg>
  <arg>0x7ffd06958000</arg>
  <arg>0x7ffd06958c64</arg>
  <arg>no</arg>
  <severity>INFO</severity>
  <timestamp>Thu Jun  1 04:17:13 2023</timestamp>
</msg>
<msg id="28" tool="trc">
  <type>LOAD_MODULE</type>
  <arg>/lib/x86_64-linux-gnu/libc.so.6</arg>
  <arg>0x7efd5dbe6000</arg>
  <arg>0x7efd5ddb967f</arg>
  <arg>no</arg>
  <severity>INFO</severity>
  <timestamp>Thu Jun  1 04:17:13 2023</timestamp>
</msg>
<msg id="29" tool="trc">
  <type>PROCESS_START</type>
  <arg>/usr/bin/ls</arg>
  <arg>47932</arg>
  <severity>INFO</severity>
  <timestamp>Thu Jun  1 04:17:14 2023</timestamp>
</msg>
<msg id="30" tool="trc">
  <type>PROCESS_ANALYSIS_MODE</type>
  <arg>full</arg>
  <severity>INFO</severity>
  <timestamp>Thu Jun  1 04:17:14 2023</timestamp>
</msg>
<msg id="31" tool="trc">
  <type>LOAD_MODULE</type>
  <arg>/usr/bin/ls</arg>
  <arg>0x557a988c3000</arg>
  <arg>0x557a988e88b7</arg>
  <arg>no</arg>
  <severity>INFO</severity>
  <timestamp>Thu Jun  1 04:17:14 2023</timestamp>
</msg>
<msg id="32" tool="trc">
  <type>LOAD_MODULE</type>
  <arg>/lib64/ld-linux-x86-64.so.2</arg>
  <arg>0x7f71b1ec5000</arg>
  <arg>0x7f71b1ef1177</arg>
  <arg>no</arg>
  <severity>INFO</severity>
  <timestamp>Thu Jun  1 04:17:14 2023</timestamp>
</msg>
<msg id="33" tool="trc">
  <type>LOAD_MODULE</type>
  <arg>[vdso]</arg>
  <arg>0x7ffc29bfd000</arg>
  <arg>0x7ffc29bfdc64</arg>
  <arg>no</arg>
  <severity>INFO</severity>
  <timestamp>Thu Jun  1 04:17:14 2023</timestamp>
</msg>
<msg id="34" tool="trc">
  <type>LOAD_MODULE</type>
  <arg>/lib/x86_64-linux-gnu/libselinux.so.1</arg>
  <arg>0x7f719c039000</arg>
  <arg>0x7f719c064607</arg>
  <arg>no</arg>
  <severity>INFO</severity>
  <timestamp>Thu Jun  1 04:17:14 2023</timestamp>
</msg>
<msg id="35" tool="trc">
  <type>LOAD_MODULE</type>
  <arg>/lib/x86_64-linux-gnu/libc.so.6</arg>
  <arg>0x7f719bdad000</arg>
  <arg>0x7f719bf8067f</arg>
  <arg>no</arg>
  <severity>INFO</severity>
  <timestamp>Thu Jun  1 04:17:14 2023</timestamp>
</msg>
<msg id="36" tool="trc">
  <type>LOAD_MODULE</type>
  <arg>/lib/x86_64-linux-gnu/libpcre2-8.so.0</arg>
  <arg>0x7f719bce0000</arg>
  <arg>0x7f719bd773a7</arg>
  <arg>no</arg>
  <severity>INFO</severity>
  <timestamp>Thu Jun  1 04:17:14 2023</timestamp>
</msg>
<msg id="37" tool="trc">
  <type>LOAD_MODULE</type>
  <arg>/lib/x86_64-linux-gnu/libdl.so.2</arg>
  <arg>0x7f719bd9d000</arg>
  <arg>0x7f719bda210f</arg>
  <arg>no</arg>
  <severity>INFO</severity>
  <timestamp>Thu Jun  1 04:17:14 2023</timestamp>
</msg>
<msg id="38" tool="trc">
  <type>LOAD_MODULE</type>
  <arg>/lib/x86_64-linux-gnu/libpthread.so.0</arg>
  <arg>0x7f719bc82000</arg>
  <arg>0x7f719bca346f</arg>
  <arg>yes</arg>
  <severity>INFO</severity>
  <timestamp>Thu Jun  1 04:17:14 2023</timestamp>
</msg>
<msg id="39" tool="trc">
  <type>UNLOAD_MODULE</type>
  <arg>/usr/bin/ls</arg>
  <severity>INFO</severity>
  <timestamp>Thu Jun  1 04:17:16 2023</timestamp>
</msg>
<msg id="40" tool="trc">
  <type>UNLOAD_MODULE</type>
  <arg>/lib64/ld-linux-x86-64.so.2</arg>
  <severity>INFO</severity>
  <timestamp>Thu Jun  1 04:17:16 2023</timestamp>
</msg>
<msg id="41" tool="trc">
  <type>UNLOAD_MODULE</type>
  <arg>[vdso]</arg>
  <severity>INFO</severity>
  <timestamp>Thu Jun  1 04:17:16 2023</timestamp>
</msg>
<msg id="42" tool="trc">
  <type>UNLOAD_MODULE</type>
  <arg>/lib/x86_64-linux-gnu/libselinux.so.1</arg>
  <severity>INFO</severity>
  <timestamp>Thu Jun  1 04:17:16 2023</timestamp>
</msg>
<msg id="43" tool="trc">
  <type>UNLOAD_MODULE</type>
  <arg>/lib/x86_64-linux-gnu/libc.so.6</arg>
  <severity>INFO</severity>
  <timestamp>Thu Jun  1 04:17:16 2023</timestamp>
</msg>
<msg id="44" tool="trc">
  <type>UNLOAD_MODULE</type>
  <arg>/lib/x86_64-linux-gnu/libpcre2-8.so.0</arg>
  <severity>INFO</severity>
  <timestamp>Thu Jun  1 04:17:16 2023</timestamp>
</msg>
<msg id="45" tool="trc">
  <type>UNLOAD_MODULE</type>
  <arg>/lib/x86_64-linux-gnu/libdl.so.2</arg>
  <severity>INFO</severity>
  <timestamp>Thu Jun  1 04:17:16 2023</timestamp>
</msg>
<msg id="46" tool="trc">
  <type>UNLOAD_MODULE</type>
  <arg>/lib/x86_64-linux-gnu/libpthread.so.0</arg>
  <severity>INFO</severity>
  <timestamp>Thu Jun  1 04:17:16 2023</timestamp>
</msg>
<msg id="47" tool="trc">
  <type>PROCESS_FINISH</type>
  <arg>/usr/bin/ls</arg>
  <arg>47932</arg>
  <arg>0x0</arg>
  <severity>INFO</severity>
  <timestamp>Thu Jun  1 04:17:16 2023</timestamp>
</msg>
<msg id="48" tool="runtool">
  <type>app-exit-code</type>
  <arg>1</arg>
</msg>
<msg id="49" tool="runtool">
  <type>marker-file</type>
  <arg>/home/asl/Lorenzo/ASL-project-team28/MyResults/e000/trc000/trc000.advixe</arg>
</msg>
<msg id="50" tool="runtool">
  <type>collector-done</type>
</msg>
<msg id="51" tool="runtool">
  <type>log-end</type>
  <arg>2023/06/01 04:17:21</arg>
</msg>

</log>

