<?xml version="1.0" encoding="utf-8"?>
<log version="1.0" tool="runtool">

<msg id="1" tool="runtool">
  <type>log-start</type>
  <arg>2023/06/01 07:02:31</arg>
</msg>
<msg id="2" tool="runtool">
  <type>bandwidth-measurement-starts</type>
</msg>
<msg id="3" tool="runtool">
  <type>bandwidth-measurement-done</type>
</msg>
<msg id="4" tool="runtool">
  <type>collector-starts</type>
</msg>
<msg id="5" tool="runtool">
  <type>marker-file</type>
  <arg>/home/asl/Lorenzo/ASL-project-team28/MyResults/e000/trc000/trc000.advixe</arg>
</msg>
<msg id="6" tool="trc">
  <type>PROCESS_START</type>
  <arg>/home/asl/Lorenzo/ASL-project-team28/bin</arg>
  <arg>71159</arg>
  <severity>INFO</severity>
  <timestamp>Thu Jun  1 07:02:41 2023</timestamp>
</msg>
<msg id="7" tool="trc">
  <type>PROCESS_ANALYSIS_MODE</type>
  <arg>full</arg>
  <severity>INFO</severity>
  <timestamp>Thu Jun  1 07:02:41 2023</timestamp>
</msg>
<msg id="8" tool="trc">
  <type>LOAD_MODULE</type>
  <arg>/home/asl/Lorenzo/ASL-project-team28/bin</arg>
  <arg>0x55eb251eb000</arg>
  <arg>0x55eb251f93af</arg>
  <arg>yes</arg>
  <severity>INFO</severity>
  <timestamp>Thu Jun  1 07:02:41 2023</timestamp>
</msg>
<msg id="9" tool="trc">
  <type>LOAD_MODULE</type>
  <arg>/lib64/ld-linux-x86-64.so.2</arg>
  <arg>0x7fa7e5b83000</arg>
  <arg>0x7fa7e5baf177</arg>
  <arg>no</arg>
  <severity>INFO</severity>
  <timestamp>Thu Jun  1 07:02:41 2023</timestamp>
</msg>
<msg id="10" tool="trc">
  <type>LOAD_MODULE</type>
  <arg>[vdso]</arg>
  <arg>0x7ffe99d0c000</arg>
  <arg>0x7ffe99d0cc64</arg>
  <arg>no</arg>
  <severity>INFO</severity>
  <timestamp>Thu Jun  1 07:02:41 2023</timestamp>
</msg>
<msg id="11" tool="trc">
  <type>LOAD_MODULE</type>
  <arg>/opt/intel/oneapi/mkl/2023.0.0/lib/intel64/libmkl_intel_lp64.so.2</arg>
  <arg>0x7fa7ce964000</arg>
  <arg>0x7fa7cfb8f65f</arg>
  <arg>yes</arg>
  <severity>INFO</severity>
  <timestamp>Thu Jun  1 07:02:41 2023</timestamp>
</msg>
<msg id="12" tool="trc">
  <type>LOAD_MODULE</type>
  <arg>/opt/intel/oneapi/mkl/2023.0.0/lib/intel64/libmkl_sequential.so.2</arg>
  <arg>0x7fa7cceea000</arg>
  <arg>0x7fa7ce91f88f</arg>
  <arg>yes</arg>
  <severity>INFO</severity>
  <timestamp>Thu Jun  1 07:02:47 2023</timestamp>
</msg>
<msg id="13" tool="trc">
  <type>LOAD_MODULE</type>
  <arg>/opt/intel/oneapi/mkl/2023.0.0/lib/intel64/libmkl_core.so.2</arg>
  <arg>0x7fa7c8ada000</arg>
  <arg>0x7fa7ccebbe5f</arg>
  <arg>yes</arg>
  <severity>INFO</severity>
  <timestamp>Thu Jun  1 07:02:57 2023</timestamp>
</msg>
<msg id="14" tool="trc">
  <type>LOAD_MODULE</type>
  <arg>/lib/x86_64-linux-gnu/libstdc++.so.6</arg>
  <arg>0x7fa7c878c000</arg>
  <arg>0x7fa7c89587ff</arg>
  <arg>no</arg>
  <severity>INFO</severity>
  <timestamp>Thu Jun  1 07:03:21 2023</timestamp>
</msg>
<msg id="15" tool="trc">
  <type>LOAD_MODULE</type>
  <arg>/lib/x86_64-linux-gnu/libm.so.6</arg>
  <arg>0x7fa7c8627000</arg>
  <arg>0x7fa7c876a10f</arg>
  <arg>no</arg>
  <severity>INFO</severity>
  <timestamp>Thu Jun  1 07:03:21 2023</timestamp>
</msg>
<msg id="16" tool="trc">
  <type>LOAD_MODULE</type>
  <arg>/lib/x86_64-linux-gnu/libmvec.so.1</arg>
  <arg>0x7fa7c85fb000</arg>
  <arg>0x7fa7c8626127</arg>
  <arg>no</arg>
  <severity>INFO</severity>
  <timestamp>Thu Jun  1 07:03:21 2023</timestamp>
</msg>
<msg id="17" tool="trc">
  <type>LOAD_MODULE</type>
  <arg>/lib/x86_64-linux-gnu/libgcc_s.so.1</arg>
  <arg>0x7fa7c85e1000</arg>
  <arg>0x7fa7c85fa447</arg>
  <arg>no</arg>
  <severity>INFO</severity>
  <timestamp>Thu Jun  1 07:03:21 2023</timestamp>
</msg>
<msg id="18" tool="trc">
  <type>LOAD_MODULE</type>
  <arg>/lib/x86_64-linux-gnu/libc.so.6</arg>
  <arg>0x7fa7c840d000</arg>
  <arg>0x7fa7c85e067f</arg>
  <arg>no</arg>
  <severity>INFO</severity>
  <timestamp>Thu Jun  1 07:03:21 2023</timestamp>
</msg>
<msg id="19" tool="trc">
  <type>LOAD_MODULE</type>
  <arg>/lib/x86_64-linux-gnu/libdl.so.2</arg>
  <arg>0x7fa7c8407000</arg>
  <arg>0x7fa7c840c10f</arg>
  <arg>no</arg>
  <severity>INFO</severity>
  <timestamp>Thu Jun  1 07:03:21 2023</timestamp>
</msg>
<msg id="20" tool="trc">
  <type>LOAD_MODULE</type>
  <arg>/lib/x86_64-linux-gnu/libpthread.so.0</arg>
  <arg>0x7fa7c83da000</arg>
  <arg>0x7fa7c83fb46f</arg>
  <arg>yes</arg>
  <severity>INFO</severity>
  <timestamp>Thu Jun  1 07:03:21 2023</timestamp>
</msg>
<msg id="21" tool="trc">
  <type>PROCESS_START</type>
  <arg>/usr/bin/ls</arg>
  <arg>71172</arg>
  <severity>INFO</severity>
  <timestamp>Thu Jun  1 07:03:22 2023</timestamp>
</msg>
<msg id="22" tool="trc">
  <type>PROCESS_ANALYSIS_MODE</type>
  <arg>full</arg>
  <severity>INFO</severity>
  <timestamp>Thu Jun  1 07:03:22 2023</timestamp>
</msg>
<msg id="23" tool="trc">
  <type>LOAD_MODULE</type>
  <arg>/usr/bin/ls</arg>
  <arg>0x5633f60c8000</arg>
  <arg>0x5633f60ed8b7</arg>
  <arg>no</arg>
  <severity>INFO</severity>
  <timestamp>Thu Jun  1 07:03:22 2023</timestamp>
</msg>
<msg id="24" tool="trc">
  <type>LOAD_MODULE</type>
  <arg>/lib64/ld-linux-x86-64.so.2</arg>
  <arg>0x7f9edd9cf000</arg>
  <arg>0x7f9edd9fb177</arg>
  <arg>no</arg>
  <severity>INFO</severity>
  <timestamp>Thu Jun  1 07:03:22 2023</timestamp>
</msg>
<msg id="25" tool="trc">
  <type>LOAD_MODULE</type>
  <arg>[vdso]</arg>
  <arg>0x7ffcfd4de000</arg>
  <arg>0x7ffcfd4dec64</arg>
  <arg>no</arg>
  <severity>INFO</severity>
  <timestamp>Thu Jun  1 07:03:22 2023</timestamp>
</msg>
<msg id="26" tool="trc">
  <type>LOAD_MODULE</type>
  <arg>/lib/x86_64-linux-gnu/libselinux.so.1</arg>
  <arg>0x7f9ec7b02000</arg>
  <arg>0x7f9ec7b2d607</arg>
  <arg>no</arg>
  <severity>INFO</severity>
  <timestamp>Thu Jun  1 07:03:23 2023</timestamp>
</msg>
<msg id="27" tool="trc">
  <type>LOAD_MODULE</type>
  <arg>/lib/x86_64-linux-gnu/libc.so.6</arg>
  <arg>0x7f9ec7876000</arg>
  <arg>0x7f9ec7a4967f</arg>
  <arg>no</arg>
  <severity>INFO</severity>
  <timestamp>Thu Jun  1 07:03:23 2023</timestamp>
</msg>
<msg id="28" tool="trc">
  <type>LOAD_MODULE</type>
  <arg>/lib/x86_64-linux-gnu/libpcre2-8.so.0</arg>
  <arg>0x7f9ec77b0000</arg>
  <arg>0x7f9ec78473a7</arg>
  <arg>no</arg>
  <severity>INFO</severity>
  <timestamp>Thu Jun  1 07:03:23 2023</timestamp>
</msg>
<msg id="29" tool="trc">
  <type>LOAD_MODULE</type>
  <arg>/lib/x86_64-linux-gnu/libdl.so.2</arg>
  <arg>0x7f9ec7789000</arg>
  <arg>0x7f9ec778e10f</arg>
  <arg>no</arg>
  <severity>INFO</severity>
  <timestamp>Thu Jun  1 07:03:23 2023</timestamp>
</msg>
<msg id="30" tool="trc">
  <type>LOAD_MODULE</type>
  <arg>/lib/x86_64-linux-gnu/libpthread.so.0</arg>
  <arg>0x7f9ec774b000</arg>
  <arg>0x7f9ec776c46f</arg>
  <arg>yes</arg>
  <severity>INFO</severity>
  <timestamp>Thu Jun  1 07:03:23 2023</timestamp>
</msg>
<msg id="31" tool="trc">
  <type>UNLOAD_MODULE</type>
  <arg>/usr/bin/ls</arg>
  <severity>INFO</severity>
  <timestamp>Thu Jun  1 07:03:24 2023</timestamp>
</msg>
<msg id="32" tool="trc">
  <type>UNLOAD_MODULE</type>
  <arg>/lib64/ld-linux-x86-64.so.2</arg>
  <severity>INFO</severity>
  <timestamp>Thu Jun  1 07:03:24 2023</timestamp>
</msg>
<msg id="33" tool="trc">
  <type>UNLOAD_MODULE</type>
  <arg>[vdso]</arg>
  <severity>INFO</severity>
  <timestamp>Thu Jun  1 07:03:24 2023</timestamp>
</msg>
<msg id="34" tool="trc">
  <type>UNLOAD_MODULE</type>
  <arg>/lib/x86_64-linux-gnu/libselinux.so.1</arg>
  <severity>INFO</severity>
  <timestamp>Thu Jun  1 07:03:24 2023</timestamp>
</msg>
<msg id="35" tool="trc">
  <type>UNLOAD_MODULE</type>
  <arg>/lib/x86_64-linux-gnu/libc.so.6</arg>
  <severity>INFO</severity>
  <timestamp>Thu Jun  1 07:03:24 2023</timestamp>
</msg>
<msg id="36" tool="trc">
  <type>UNLOAD_MODULE</type>
  <arg>/lib/x86_64-linux-gnu/libpcre2-8.so.0</arg>
  <severity>INFO</severity>
  <timestamp>Thu Jun  1 07:03:24 2023</timestamp>
</msg>
<msg id="37" tool="trc">
  <type>UNLOAD_MODULE</type>
  <arg>/lib/x86_64-linux-gnu/libdl.so.2</arg>
  <severity>INFO</severity>
  <timestamp>Thu Jun  1 07:03:24 2023</timestamp>
</msg>
<msg id="38" tool="trc">
  <type>UNLOAD_MODULE</type>
  <arg>/lib/x86_64-linux-gnu/libpthread.so.0</arg>
  <severity>INFO</severity>
  <timestamp>Thu Jun  1 07:03:24 2023</timestamp>
</msg>
<msg id="39" tool="trc">
  <type>PROCESS_FINISH</type>
  <arg>/usr/bin/ls</arg>
  <arg>71172</arg>
  <arg>0x0</arg>
  <severity>INFO</severity>
  <timestamp>Thu Jun  1 07:03:24 2023</timestamp>
</msg>
<msg id="40" tool="trc">
  <type>PROCESS_START</type>
  <arg>/usr/bin/dash</arg>
  <arg>71166</arg>
  <severity>INFO</severity>
  <timestamp>Thu Jun  1 07:03:22 2023</timestamp>
</msg>
<msg id="41" tool="trc">
  <type>PROCESS_ANALYSIS_MODE</type>
  <arg>full</arg>
  <severity>INFO</severity>
  <timestamp>Thu Jun  1 07:03:22 2023</timestamp>
</msg>
<msg id="42" tool="trc">
  <type>LOAD_MODULE</type>
  <arg>/usr/bin/dash</arg>
  <arg>0x5615ae0bc000</arg>
  <arg>0x5615ae0ddf6f</arg>
  <arg>no</arg>
  <severity>INFO</severity>
  <timestamp>Thu Jun  1 07:03:22 2023</timestamp>
</msg>
<msg id="43" tool="trc">
  <type>LOAD_MODULE</type>
  <arg>/lib64/ld-linux-x86-64.so.2</arg>
  <arg>0x7f1683ed9000</arg>
  <arg>0x7f1683f05177</arg>
  <arg>no</arg>
  <severity>INFO</severity>
  <timestamp>Thu Jun  1 07:03:22 2023</timestamp>
</msg>
<msg id="44" tool="trc">
  <type>LOAD_MODULE</type>
  <arg>[vdso]</arg>
  <arg>0x7fff955e3000</arg>
  <arg>0x7fff955e3c64</arg>
  <arg>no</arg>
  <severity>INFO</severity>
  <timestamp>Thu Jun  1 07:03:22 2023</timestamp>
</msg>
<msg id="45" tool="trc">
  <type>LOAD_MODULE</type>
  <arg>/lib/x86_64-linux-gnu/libc.so.6</arg>
  <arg>0x7f166de54000</arg>
  <arg>0x7f166e02767f</arg>
  <arg>no</arg>
  <severity>INFO</severity>
  <timestamp>Thu Jun  1 07:03:22 2023</timestamp>
</msg>
<msg id="46" tool="runtool">
  <type>app-exit-code</type>
  <arg>0</arg>
</msg>
<msg id="47" tool="runtool">
  <type>marker-file</type>
  <arg>/home/asl/Lorenzo/ASL-project-team28/MyResults/e000/trc000/trc000.advixe</arg>
</msg>
<msg id="48" tool="runtool">
  <type>collector-done</type>
</msg>
<msg id="49" tool="runtool">
  <type>log-end</type>
  <arg>2023/06/01 07:04:36</arg>
</msg>

</log>

