10 [139801972859840] INFO perfrun.launcher <> - Launcher main begin
11 [139801972859840] INFO perfrun.launcher <> - MessageCatalogInit finished
11 [139801972859840] INFO perfrun.launcher <> - Launcher instance created
11 [139801972859840] INFO perfrun.launcher <> - argc = 7; cmdline = /opt/intel/oneapi/advisor/2023.0.0/bin64/advixe-runss --ui-output-format xml --ui-output-fd 6 --option-file /home/asl/Lorenzo/ASL-project-team28/MyResults/e000/hs000/config/runss.options 
57 [139801972859840] INFO perfrun.launcher <> - create msngr2::ICliToolContext
57 [139801972859840] INFO perfrun.launcher <> - create file finder object
57 [139801972859840] INFO perfrun.launcher <> - create a result directory: pattern = /home/asl/Lorenzo/ASL-project-team28/MyResults/e000/hs000 pid = 4294967295
59 [139801972859840] INFO perfrun.sdk <> - checked that the directory /home/asl/Lorenzo/ASL-project-team28/MyResults/e000/hs000 is a local directory
59 [139801972859840] INFO perfrun.sdk <> - the directory /home/asl/Lorenzo/ASL-project-team28/MyResults/e000/hs000 is a local directory with FS type ID 61267
59 [139801972859840] INFO perfrun.launcher <> - create data directory = /home/asl/Lorenzo/ASL-project-team28/MyResults/e000/hs000/data.0
59 [139801972859840] INFO perfrun.launcher <> - Creating the master collection flag
62 [139801972859840] INFO perfrun.launcher <> - Done creating the master collection flag
62 [139801963501312] INFO perfrun.launcher <> - plugin [remoteplug] was disabled because it doesn't support the given collection type.
62 [139801963501312] INFO perfrun.sdk <> - Allocating TMU :/home/asl/Lorenzo/ASL-project-team28/MyResults/e000/hs000/data.0/systemcollector-96827-palehost.sc
63 [139801963501312] INFO perfrun.launcher <> - plugin [] was disabled because it doesn't support the given collection type.
63 [139801963501312] INFO perfrun.launcher <> - plugin [gpu] was disabled because it doesn't support the given collection type.
63 [139801963501312] INFO perfrun.launcher <> - plugin [] was disabled because it doesn't support the given collection type.
63 [139801963501312] INFO perfrun.launcher <> - plugin [] was disabled because it doesn't support the given collection type.
63 [139801963501312] INFO perfrun.launcher <> - plugin [] was disabled because it doesn't support the given collection type.
63 [139801963501312] INFO perfrun.mrte <> - system-wide mode is 0
63 [139801963501312] INFO perfrun.mrte <> - Getting  mrte profiling environment ...
69 [139801963501312] INFO perfrun.mrte <> - INTEL_MRTE_DATA_DIR=/home/asl/Lorenzo/ASL-project-team28/MyResults/e000/hs000/data.0
69 [139801963501312] INFO perfrun.mrte <> - INTEL_MRTE_HOST_NAME=palehost
69 [139801963501312] INFO perfrun.mrte <> - JAVA_TOOL_OPTIONS=-agentlib:advixe_tpssmrte_javaprof_1.0 -Dsun.boot.library.path=/opt/intel/oneapi/advisor/2023.0.0/lib32/runtime:/opt/intel/oneapi/advisor/2023.0.0/lib64/runtime
69 [139801963501312] INFO perfrun.mrte <> - LD_LIBRARY_PATH=/opt/intel/oneapi/advisor/2023.0.0/lib32/runtime:/opt/intel/oneapi/advisor/2023.0.0/lib64/runtime:/opt/intel/oneapi/tbb/2021.8.0/env/../lib/intel64/gcc4.8:/opt/intel/oneapi/mpi/2021.8.0//libfabric/lib:/opt/intel/oneapi/mpi/2021.8.0//lib/release:/opt/intel/oneapi/mpi/2021.8.0//lib:/opt/intel/oneapi/mkl/2023.0.0/lib/intel64:/opt/intel/oneapi/ipp/2021.7.0/lib/intel64:/opt/intel/oneapi/ippcp/2021.6.3/lib/intel64:/opt/intel/oneapi/ipp/2021.7.0/lib/intel64:/opt/intel/oneapi/debugger/2023.0.0/gdb/intel64/lib:/opt/intel/oneapi/debugger/2023.0.0/libipt/intel64/lib:/opt/intel/oneapi/debugger/2023.0.0/dep/lib:/opt/intel/oneapi/compiler/2023.0.0/linux/lib:/opt/intel/oneapi/compiler/2023.0.0/linux/lib/x64:/opt/intel/oneapi/compiler/2023.0.0/linux/compiler/lib/intel64_lin:/opt/intel/oneapi/ccl/2021.8.0/lib/cpu_gpu_dpcpp:/opt/intel/oneapi/mkl/2023.1.0/lib/intel64:/opt/intel/oneapi/mkl/2023.1.0/lib/intel64:
69 [139801963501312] INFO perfrun.mrte <> - Data directory: /home/asl/Lorenzo/ASL-project-team28/MyResults/e000/hs000/data.0
69 [139801963501312] INFO perfrun.mrte <> - Mrte plugin is initialized
69 [139801963501312] INFO perfrun.launcher <> - plugin [] was disabled because it doesn't support the given collection type.
69 [139801963501312] INFO perfrun.launcher <> - plugin [] was disabled because it doesn't support the given collection type.
69 [139801963501312] INFO perfrun.launcher <> - plugin [] was disabled because it doesn't support the given collection type.
69 [139801963501312] INFO perfrun.launcher <> - plugin [] was disabled because it doesn't support the given collection type.
69 [139801963501312] INFO perfrun.launcher <> - plugin [] was disabled because it doesn't support the given collection type.
69 [139801963501312] INFO perfrun.launcher <> - plugin [] was disabled because it doesn't support the given collection type.
69 [139801963501312] INFO perfrun.launcher <> - plugin [] was disabled because it doesn't support the given collection type.
69 [139801963501312] INFO perfrun.tpss <> - initialize tpss controller
69 [139801963501312] INFO perfrun.tpss <> - configure collection mode: value = cpu:stack
70 [139801963501312] INFO perfrun.tpss <> - default obj-size-min=1024
70 [139801963501312] INFO perfrun.tpss <> - default hash-table-size=0
70 [139801963501312] INFO perfrun.launcher <> - plugin [] was disabled because it doesn't support the given collection type.
70 [139801963501312] INFO perfrun.launcher <> - plugin [] was disabled because it doesn't support the given collection type.
70 [139801963501312] INFO perfrun.launcher <> - plugin [] was disabled because it doesn't support the given collection type.
70 [139801963501312] INFO perfrun.launcher <> - plugin [] was disabled because it doesn't support the given collection type.
70 [139801963501312] INFO perfrun.launcher <> - plugin [] was disabled because it doesn't support the given collection type.
70 [139801963501312] INFO perfrun.launcher <> - plugin [] was disabled because it doesn't support the given collection type.
70 [139801963501312] INFO perfrun.launcher <> - plugin [] was disabled because it doesn't support the given collection type.
70 [139801963501312] INFO perfrun.launcher <> - plugin [] was disabled because it doesn't support the given collection type.
70 [139801963501312] INFO perfrun.launcher <> - plugin [] was disabled because it doesn't support the given collection type.
70 [139801972859840] INFO perfrun.launcher <> - set environment variable: LD_LIBRARY_PATH = /opt/intel/oneapi/advisor/2023.0.0/lib32/runtime:/opt/intel/oneapi/advisor/2023.0.0/lib64/runtime:/opt/intel/oneapi/tbb/2021.8.0/env/../lib/intel64/gcc4.8:/opt/intel/oneapi/mpi/2021.8.0//libfabric/lib:/opt/intel/oneapi/mpi/2021.8.0//lib/release:/opt/intel/oneapi/mpi/2021.8.0//lib:/opt/intel/oneapi/mkl/2023.0.0/lib/intel64:/opt/intel/oneapi/ipp/2021.7.0/lib/intel64:/opt/intel/oneapi/ippcp/2021.6.3/lib/intel64:/opt/intel/oneapi/ipp/2021.7.0/lib/intel64:/opt/intel/oneapi/debugger/2023.0.0/gdb/intel64/lib:/opt/intel/oneapi/debugger/2023.0.0/libipt/intel64/lib:/opt/intel/oneapi/debugger/2023.0.0/dep/lib:/opt/intel/oneapi/compiler/2023.0.0/linux/lib:/opt/intel/oneapi/compiler/2023.0.0/linux/lib/x64:/opt/intel/oneapi/compiler/2023.0.0/linux/compiler/lib/intel64_lin:/opt/intel/oneapi/ccl/2021.8.0/lib/cpu_gpu_dpcpp:/opt/intel/oneapi/mkl/2023.1.0/lib/intel64:/opt/intel/oneapi/mkl/2023.1.0/lib/intel64:
70 [139801972859840] INFO perfrun.launcher <> - set environment variable: INTEL_LIBITTNOTIFY32 = /opt/intel/oneapi/advisor/2023.0.0/lib32/runtime/libittnotify_collector.so
70 [139801972859840] INFO perfrun.launcher <> - set environment variable: INTEL_LIBITTNOTIFY64 = /opt/intel/oneapi/advisor/2023.0.0/lib64/runtime/libittnotify_collector.so
70 [139801972859840] INFO perfrun.launcher <> - set environment variable: INTEL_ITTNOTIFY_GROUPS = 
70 [139801972859840] INFO perfrun.launcher <> - set environment variable: INTEL_JIT_PROFILER32 = /opt/intel/oneapi/advisor/2023.0.0/lib32/runtime/libittnotify_collector.so
70 [139801972859840] INFO perfrun.launcher <> - set environment variable: INTEL_JIT_PROFILER64 = /opt/intel/oneapi/advisor/2023.0.0/lib64/runtime/libittnotify_collector.so
70 [139801972859840] INFO perfrun.launcher <> - set environment variable: OMP_TOOL_LIBRARIES = /opt/intel/oneapi/advisor/2023.0.0/lib32/runtime/libittnotify_collector.so:/opt/intel/oneapi/advisor/2023.0.0/lib64/runtime/libittnotify_collector.so
70 [139801972859840] INFO perfrun.launcher <> - set environment variable: ENABLE_JITPROFILING = 1
70 [139801972859840] INFO perfrun.launcher <> - set environment variable: CL_CONFIG_USE_VTUNE = True
70 [139801972859840] INFO perfrun.launcher <> - set environment variable: KMP_FORKJOIN_FRAMES = 0
70 [139801972859840] INFO perfrun.launcher <> - set environment variable: KMP_FORKJOIN_FRAMES_MODE = 0
70 [139801972859840] INFO perfrun.launcher <> - set environment variable: OMP_TOOL = disabled
70 [139801972859840] INFO perfrun.launcher <> - set environment variable: INTEL_MRTE_DATA_DIR = /home/asl/Lorenzo/ASL-project-team28/MyResults/e000/hs000/data.0
70 [139801972859840] INFO perfrun.launcher <> - set environment variable: INTEL_MRTE_HOST_NAME = palehost
71 [139801972859840] INFO perfrun.launcher <> - set environment variable: JAVA_TOOL_OPTIONS = -agentlib:advixe_tpssmrte_javaprof_1.0 -Dsun.boot.library.path=/opt/intel/oneapi/advisor/2023.0.0/lib32/runtime:/opt/intel/oneapi/advisor/2023.0.0/lib64/runtime
71 [139801972859840] INFO perfrun.launcher <> - set environment variable: LD_LIBRARY_PATH = /opt/intel/oneapi/advisor/2023.0.0/lib32/runtime:/opt/intel/oneapi/advisor/2023.0.0/lib64/runtime:/opt/intel/oneapi/tbb/2021.8.0/env/../lib/intel64/gcc4.8:/opt/intel/oneapi/mpi/2021.8.0//libfabric/lib:/opt/intel/oneapi/mpi/2021.8.0//lib/release:/opt/intel/oneapi/mpi/2021.8.0//lib:/opt/intel/oneapi/mkl/2023.0.0/lib/intel64:/opt/intel/oneapi/ipp/2021.7.0/lib/intel64:/opt/intel/oneapi/ippcp/2021.6.3/lib/intel64:/opt/intel/oneapi/ipp/2021.7.0/lib/intel64:/opt/intel/oneapi/debugger/2023.0.0/gdb/intel64/lib:/opt/intel/oneapi/debugger/2023.0.0/libipt/intel64/lib:/opt/intel/oneapi/debugger/2023.0.0/dep/lib:/opt/intel/oneapi/compiler/2023.0.0/linux/lib:/opt/intel/oneapi/compiler/2023.0.0/linux/lib/x64:/opt/intel/oneapi/compiler/2023.0.0/linux/compiler/lib/intel64_lin:/opt/intel/oneapi/ccl/2021.8.0/lib/cpu_gpu_dpcpp:/opt/intel/oneapi/mkl/2023.1.0/lib/intel64:/opt/intel/oneapi/mkl/2023.1.0/lib/intel64:
71 [139801972859840] INFO perfrun.launcher <> - RpcServer: run RPC server to handle requests
71 [139801972859840] INFO perfrun.launcher <> - Launcher: command line to start before modification = ./bin 512 ./venv/bin/python solver.py tmp.bin data
71 [139801972859840] INFO perfrun.launcher <> - Launcher: command line to start after modification = /opt/intel/oneapi/advisor/2023.0.0/bin64/pin -error_file /home/asl/Lorenzo/ASL-project-team28/MyResults/e000/hs000/data.0/pinerr.tpsslog -detach_reattach -follow_execv -tool_load_option deepbind -t64 /opt/intel/oneapi/advisor/2023.0.0/lib64/libtpsstool.so -t /opt/intel/oneapi/advisor/2023.0.0/lib32/libtpsstool.so -server_name tpss_ipc.96827 -prd_dir /opt/intel/oneapi/advisor/2023.0.0 -- ./bin 512 ./venv/bin/python solver.py tmp.bin data
71 [139801972859840] INFO perfrun.launcher <> - ProcessCreator object was created
71 [139801972859840] INFO perfrun.launcher <> - Launcher: the process was started in suspend mode
72 [139801963501312] WARN perfrun.system <> - Could not do anything with /sys/kernel/debug/kvm: boost::filesystem::status: Permission denied: "/sys/kernel/debug/kvm", at file: vcs/perfrun1/plugins/system/src/trace_writer.cpp:787
72 [139801963501312] WARN perfrun.system <> - Folder "/var/run/libvirt/qemu/"doesn't exist, at file: vcs/perfrun1/plugins/system/src/trace_writer.cpp:800
72 [139801963501312] WARN perfrun.sdk <> - Failed to find xl binary on any of the system paths: /bin, /sbin, /usr/bin, /usr/sbin., at file: vcs/perfrun1/sdk/src/utils.cpp:204
75 [139801963501312] INFO perfrun.vdso <> - Helper runtool '/opt/intel/oneapi/advisor/2023.0.0/bin32/advixe-runss -dump-vdso -r /home/asl/Lorenzo/ASL-project-team28/MyResults/e000/hs000 --tmp-dir /tmp/advixe-tmp-asl' returned 1
150 [139801963501312] INFO perfrun.vdso <> - Helper runtool '/opt/intel/oneapi/advisor/2023.0.0/bin64/advixe-runss -dump-vdso -r /home/asl/Lorenzo/ASL-project-team28/MyResults/e000/hs000 --tmp-dir /tmp/advixe-tmp-asl' returned 0
150 [139801963501312] INFO perfrun.itt <> - start itt controller for pid #96832
151 [139801963501312] INFO perfrun.tpss <> - start tpss controller for pid #96832
201 [139801972859840] INFO perfrun.launcher <> - Launcher: all plugins were started
201 [139801972859840] INFO perfrun.launcher <> - DirectoryMonitor object was created
201 [139801972859840] INFO perfrun.launcher <> - DirectoryMonitor: a callback was added
201 [139801972859840] INFO perfrun.launcher <> - DirectoryMonitor was started with pingTime = 1000
201 [139801972859840] INFO perfrun.launcher <> - DeadlineTimer is going to be constructed
202 [139801972859840] INFO perfrun.launcher <> - DeadlineTimer: a callback was added
206 [139801972859840] INFO perfrun.launcher <> - Launcher: resume the profiled application and  wait its termination or stop command
1539 [139801972859840] INFO perfrun.launcher <> - Launcher: the profiled application was terminated  with exit code = 0
1545 [139801963501312] INFO perfrun.itt <> - detach itt controller
1545 [139801963501312] INFO perfrun.itt <> - detach itt controller done
1545 [139801963501312] INFO perfrun.tpss <> - stop tpss controller
1545 [139801963501312] INFO perfrun.sdk <> - De-allocating TMU: /home/asl/Lorenzo/ASL-project-team28/MyResults/e000/hs000/data.0/systemcollector-96827-palehost.sc
1545 [139801963501312] INFO perfrun.system <> - closed the system trace file: /home/asl/Lorenzo/ASL-project-team28/MyResults/e000/hs000/data.0/systemcollector-96827-palehost.sc
1545 [139801972859840] INFO perfrun.launcher <> - Launcher: all plugins were stopped.
1545 [139801972859840] INFO perfrun.launcher <> - DeadlineTimer is going to be destroyed
1545 [139801972859840] INFO perfrun.launcher <> - DeadlineTimer was destroyed
1545 [139801972859840] INFO perfrun.launcher <> - DirectoryMonitor object was destroyed
1545 [139801972859840] WARN perfrun.launcher <> - Stop command is ignored because it is received when collection is already stopped, at file: vcs/perfrun1/launcher/src/command_handler.cpp:226
1546 [139801972859840] INFO perfrun.launcher <> - Application exit code: 0
1546 [139801972859840] INFO perfrun.launcher <> - Exit code: 0
