<?xml version="1.0" encoding="utf-8"?>
<log version="1.0" tool="runtool">

<msg id="1" tool="runtool">
  <type>log-start</type>
  <arg>2023/06/16 19:55:22</arg>
</msg>
<msg id="2" tool="runtool">
  <type>bandwidth-measurement-starts</type>
</msg>
<msg id="3" tool="runtool">
  <type>bandwidth-measurement-done</type>
</msg>
<msg id="4" tool="runtool">
  <type>collector-starts</type>
</msg>
<msg id="5" tool="runtool">
  <type>marker-file</type>
  <arg>/home/asl/Lorenzo/ASL-project-team28/MyResults/e000/trc000/trc000.advixe</arg>
</msg>
<msg id="6" tool="trc">
  <type>PROCESS_START</type>
  <arg>/home/asl/Lorenzo/ASL-project-team28/bin</arg>
  <arg>36914</arg>
  <severity>INFO</severity>
  <timestamp>Fri Jun 16 19:55:32 2023</timestamp>
</msg>
<msg id="7" tool="trc">
  <type>PROCESS_ANALYSIS_MODE</type>
  <arg>full</arg>
  <severity>INFO</severity>
  <timestamp>Fri Jun 16 19:55:32 2023</timestamp>
</msg>
<msg id="8" tool="trc">
  <type>LOAD_MODULE</type>
  <arg>/home/asl/Lorenzo/ASL-project-team28/bin</arg>
  <arg>0x55a1622f9000</arg>
  <arg>0x55a1623173b7</arg>
  <arg>yes</arg>
  <severity>INFO</severity>
  <timestamp>Fri Jun 16 19:55:32 2023</timestamp>
</msg>
<msg id="9" tool="trc">
  <type>LOAD_MODULE</type>
  <arg>/lib64/ld-linux-x86-64.so.2</arg>
  <arg>0x7f60a6ea1000</arg>
  <arg>0x7f60a6ecd177</arg>
  <arg>no</arg>
  <severity>INFO</severity>
  <timestamp>Fri Jun 16 19:55:33 2023</timestamp>
</msg>
<msg id="10" tool="trc">
  <type>LOAD_MODULE</type>
  <arg>[vdso]</arg>
  <arg>0x7fff7dfd8000</arg>
  <arg>0x7fff7dfd8c64</arg>
  <arg>no</arg>
  <severity>INFO</severity>
  <timestamp>Fri Jun 16 19:55:33 2023</timestamp>
</msg>
<msg id="11" tool="trc">
  <type>LOAD_MODULE</type>
  <arg>/opt/intel/oneapi/mkl/2023.0.0/lib/intel64/libmkl_intel_lp64.so.2</arg>
  <arg>0x7f608faae000</arg>
  <arg>0x7f6090cd965f</arg>
  <arg>yes</arg>
  <severity>INFO</severity>
  <timestamp>Fri Jun 16 19:55:33 2023</timestamp>
</msg>
<msg id="12" tool="trc">
  <type>LOAD_MODULE</type>
  <arg>/opt/intel/oneapi/mkl/2023.0.0/lib/intel64/libmkl_sequential.so.2</arg>
  <arg>0x7f608e027000</arg>
  <arg>0x7f608fa5c88f</arg>
  <arg>yes</arg>
  <severity>INFO</severity>
  <timestamp>Fri Jun 16 19:55:38 2023</timestamp>
</msg>
<msg id="13" tool="trc">
  <type>LOAD_MODULE</type>
  <arg>/opt/intel/oneapi/mkl/2023.0.0/lib/intel64/libmkl_core.so.2</arg>
  <arg>0x7f6089c1e000</arg>
  <arg>0x7f608dfffe5f</arg>
  <arg>yes</arg>
  <severity>INFO</severity>
  <timestamp>Fri Jun 16 19:55:47 2023</timestamp>
</msg>
<msg id="14" tool="trc">
  <type>LOAD_MODULE</type>
  <arg>/lib/x86_64-linux-gnu/libstdc++.so.6</arg>
  <arg>0x7f60898d0000</arg>
  <arg>0x7f6089a9c7ff</arg>
  <arg>no</arg>
  <severity>INFO</severity>
  <timestamp>Fri Jun 16 19:56:08 2023</timestamp>
</msg>
<msg id="15" tool="trc">
  <type>LOAD_MODULE</type>
  <arg>/lib/x86_64-linux-gnu/libm.so.6</arg>
  <arg>0x7f608976b000</arg>
  <arg>0x7f60898ae10f</arg>
  <arg>no</arg>
  <severity>INFO</severity>
  <timestamp>Fri Jun 16 19:56:08 2023</timestamp>
</msg>
<msg id="16" tool="trc">
  <type>LOAD_MODULE</type>
  <arg>/lib/x86_64-linux-gnu/libmvec.so.1</arg>
  <arg>0x7f608973f000</arg>
  <arg>0x7f608976a127</arg>
  <arg>no</arg>
  <severity>INFO</severity>
  <timestamp>Fri Jun 16 19:56:08 2023</timestamp>
</msg>
<msg id="17" tool="trc">
  <type>LOAD_MODULE</type>
  <arg>/lib/x86_64-linux-gnu/libgcc_s.so.1</arg>
  <arg>0x7f6089725000</arg>
  <arg>0x7f608973e447</arg>
  <arg>no</arg>
  <severity>INFO</severity>
  <timestamp>Fri Jun 16 19:56:08 2023</timestamp>
</msg>
<msg id="18" tool="trc">
  <type>LOAD_MODULE</type>
  <arg>/lib/x86_64-linux-gnu/libc.so.6</arg>
  <arg>0x7f6089551000</arg>
  <arg>0x7f608972467f</arg>
  <arg>no</arg>
  <severity>INFO</severity>
  <timestamp>Fri Jun 16 19:56:08 2023</timestamp>
</msg>
<msg id="19" tool="trc">
  <type>LOAD_MODULE</type>
  <arg>/lib/x86_64-linux-gnu/libdl.so.2</arg>
  <arg>0x7f6089547000</arg>
  <arg>0x7f608954c10f</arg>
  <arg>no</arg>
  <severity>INFO</severity>
  <timestamp>Fri Jun 16 19:56:08 2023</timestamp>
</msg>
<msg id="20" tool="trc">
  <type>LOAD_MODULE</type>
  <arg>/lib/x86_64-linux-gnu/libpthread.so.0</arg>
  <arg>0x7f608951e000</arg>
  <arg>0x7f608953f46f</arg>
  <arg>yes</arg>
  <severity>INFO</severity>
  <timestamp>Fri Jun 16 19:56:08 2023</timestamp>
</msg>
<msg id="21" tool="trc">
  <type>LOAD_MODULE</type>
  <arg>/opt/intel/oneapi/mkl/2023.0.0/lib/intel64/libmkl_avx2.so.2</arg>
  <arg>0x7f6067f9b000</arg>
  <arg>0x7f606ae6a247</arg>
  <arg>yes</arg>
  <severity>INFO</severity>
  <timestamp>Fri Jun 16 19:56:08 2023</timestamp>
</msg>
<msg id="22" tool="trc">
  <type>LOAD_MODULE</type>
  <arg>/opt/intel/oneapi/mkl/2023.0.0/lib/intel64/libmkl_vml_avx2.so.2</arg>
  <arg>0x7f60671ae000</arg>
  <arg>0x7f6067f9ab6f</arg>
  <arg>yes</arg>
  <severity>INFO</severity>
  <timestamp>Fri Jun 16 19:56:25 2023</timestamp>
</msg>
<msg id="23" tool="trc">
  <type>PROCESS_START</type>
  <arg>/usr/bin/ls</arg>
  <arg>36931</arg>
  <severity>INFO</severity>
  <timestamp>Fri Jun 16 19:57:37 2023</timestamp>
</msg>
<msg id="24" tool="trc">
  <type>PROCESS_ANALYSIS_MODE</type>
  <arg>full</arg>
  <severity>INFO</severity>
  <timestamp>Fri Jun 16 19:57:37 2023</timestamp>
</msg>
<msg id="25" tool="trc">
  <type>LOAD_MODULE</type>
  <arg>/usr/bin/ls</arg>
  <arg>0x55bc86a09000</arg>
  <arg>0x55bc86a2e8b7</arg>
  <arg>no</arg>
  <severity>INFO</severity>
  <timestamp>Fri Jun 16 19:57:37 2023</timestamp>
</msg>
<msg id="26" tool="trc">
  <type>LOAD_MODULE</type>
  <arg>/lib64/ld-linux-x86-64.so.2</arg>
  <arg>0x7fe2df199000</arg>
  <arg>0x7fe2df1c5177</arg>
  <arg>no</arg>
  <severity>INFO</severity>
  <timestamp>Fri Jun 16 19:57:37 2023</timestamp>
</msg>
<msg id="27" tool="trc">
  <type>LOAD_MODULE</type>
  <arg>[vdso]</arg>
  <arg>0x7ffdb0ff0000</arg>
  <arg>0x7ffdb0ff0c64</arg>
  <arg>no</arg>
  <severity>INFO</severity>
  <timestamp>Fri Jun 16 19:57:37 2023</timestamp>
</msg>
<msg id="28" tool="trc">
  <type>LOAD_MODULE</type>
  <arg>/lib/x86_64-linux-gnu/libselinux.so.1</arg>
  <arg>0x7fe2c926e000</arg>
  <arg>0x7fe2c9299607</arg>
  <arg>no</arg>
  <severity>INFO</severity>
  <timestamp>Fri Jun 16 19:57:37 2023</timestamp>
</msg>
<msg id="29" tool="trc">
  <type>LOAD_MODULE</type>
  <arg>/lib/x86_64-linux-gnu/libc.so.6</arg>
  <arg>0x7fe2c8fe2000</arg>
  <arg>0x7fe2c91b567f</arg>
  <arg>no</arg>
  <severity>INFO</severity>
  <timestamp>Fri Jun 16 19:57:37 2023</timestamp>
</msg>
<msg id="30" tool="trc">
  <type>LOAD_MODULE</type>
  <arg>/lib/x86_64-linux-gnu/libpcre2-8.so.0</arg>
  <arg>0x7fe2c8f1c000</arg>
  <arg>0x7fe2c8fb33a7</arg>
  <arg>no</arg>
  <severity>INFO</severity>
  <timestamp>Fri Jun 16 19:57:37 2023</timestamp>
</msg>
<msg id="31" tool="trc">
  <type>LOAD_MODULE</type>
  <arg>/lib/x86_64-linux-gnu/libdl.so.2</arg>
  <arg>0x7fe2c8ef5000</arg>
  <arg>0x7fe2c8efa10f</arg>
  <arg>no</arg>
  <severity>INFO</severity>
  <timestamp>Fri Jun 16 19:57:37 2023</timestamp>
</msg>
<msg id="32" tool="trc">
  <type>LOAD_MODULE</type>
  <arg>/lib/x86_64-linux-gnu/libpthread.so.0</arg>
  <arg>0x7fe2c8eb7000</arg>
  <arg>0x7fe2c8ed846f</arg>
  <arg>yes</arg>
  <severity>INFO</severity>
  <timestamp>Fri Jun 16 19:57:37 2023</timestamp>
</msg>
<msg id="33" tool="trc">
  <type>UNLOAD_MODULE</type>
  <arg>/usr/bin/ls</arg>
  <severity>INFO</severity>
  <timestamp>Fri Jun 16 19:57:38 2023</timestamp>
</msg>
<msg id="34" tool="trc">
  <type>UNLOAD_MODULE</type>
  <arg>/lib64/ld-linux-x86-64.so.2</arg>
  <severity>INFO</severity>
  <timestamp>Fri Jun 16 19:57:38 2023</timestamp>
</msg>
<msg id="35" tool="trc">
  <type>UNLOAD_MODULE</type>
  <arg>[vdso]</arg>
  <severity>INFO</severity>
  <timestamp>Fri Jun 16 19:57:38 2023</timestamp>
</msg>
<msg id="36" tool="trc">
  <type>UNLOAD_MODULE</type>
  <arg>/lib/x86_64-linux-gnu/libselinux.so.1</arg>
  <severity>INFO</severity>
  <timestamp>Fri Jun 16 19:57:38 2023</timestamp>
</msg>
<msg id="37" tool="trc">
  <type>UNLOAD_MODULE</type>
  <arg>/lib/x86_64-linux-gnu/libc.so.6</arg>
  <severity>INFO</severity>
  <timestamp>Fri Jun 16 19:57:38 2023</timestamp>
</msg>
<msg id="38" tool="trc">
  <type>UNLOAD_MODULE</type>
  <arg>/lib/x86_64-linux-gnu/libpcre2-8.so.0</arg>
  <severity>INFO</severity>
  <timestamp>Fri Jun 16 19:57:38 2023</timestamp>
</msg>
<msg id="39" tool="trc">
  <type>UNLOAD_MODULE</type>
  <arg>/lib/x86_64-linux-gnu/libdl.so.2</arg>
  <severity>INFO</severity>
  <timestamp>Fri Jun 16 19:57:38 2023</timestamp>
</msg>
<msg id="40" tool="trc">
  <type>UNLOAD_MODULE</type>
  <arg>/lib/x86_64-linux-gnu/libpthread.so.0</arg>
  <severity>INFO</severity>
  <timestamp>Fri Jun 16 19:57:38 2023</timestamp>
</msg>
<msg id="41" tool="trc">
  <type>PROCESS_FINISH</type>
  <arg>/usr/bin/ls</arg>
  <arg>36931</arg>
  <arg>0x0</arg>
  <severity>INFO</severity>
  <timestamp>Fri Jun 16 19:57:38 2023</timestamp>
</msg>
<msg id="42" tool="trc">
  <type>PROCESS_START</type>
  <arg>/usr/bin/dash</arg>
  <arg>36925</arg>
  <severity>INFO</severity>
  <timestamp>Fri Jun 16 19:57:36 2023</timestamp>
</msg>
<msg id="43" tool="trc">
  <type>PROCESS_ANALYSIS_MODE</type>
  <arg>full</arg>
  <severity>INFO</severity>
  <timestamp>Fri Jun 16 19:57:36 2023</timestamp>
</msg>
<msg id="44" tool="trc">
  <type>LOAD_MODULE</type>
  <arg>/usr/bin/dash</arg>
  <arg>0x55d0acb00000</arg>
  <arg>0x55d0acb21f6f</arg>
  <arg>no</arg>
  <severity>INFO</severity>
  <timestamp>Fri Jun 16 19:57:36 2023</timestamp>
</msg>
<msg id="45" tool="trc">
  <type>LOAD_MODULE</type>
  <arg>/lib64/ld-linux-x86-64.so.2</arg>
  <arg>0x7f764a1ed000</arg>
  <arg>0x7f764a219177</arg>
  <arg>no</arg>
  <severity>INFO</severity>
  <timestamp>Fri Jun 16 19:57:36 2023</timestamp>
</msg>
<msg id="46" tool="trc">
  <type>LOAD_MODULE</type>
  <arg>[vdso]</arg>
  <arg>0x7ffc94b35000</arg>
  <arg>0x7ffc94b35c64</arg>
  <arg>no</arg>
  <severity>INFO</severity>
  <timestamp>Fri Jun 16 19:57:36 2023</timestamp>
</msg>
<msg id="47" tool="trc">
  <type>LOAD_MODULE</type>
  <arg>/lib/x86_64-linux-gnu/libc.so.6</arg>
  <arg>0x7f763410a000</arg>
  <arg>0x7f76342dd67f</arg>
  <arg>no</arg>
  <severity>INFO</severity>
  <timestamp>Fri Jun 16 19:57:36 2023</timestamp>
</msg>
<msg id="48" tool="runtool">
  <type>app-exit-code</type>
  <arg>1</arg>
</msg>
<msg id="49" tool="runtool">
  <type>marker-file</type>
  <arg>/home/asl/Lorenzo/ASL-project-team28/MyResults/e000/trc000/trc000.advixe</arg>
</msg>
<msg id="50" tool="runtool">
  <type>collector-done</type>
</msg>
<msg id="51" tool="runtool">
  <type>log-end</type>
  <arg>2023/06/16 19:58:54</arg>
</msg>

</log>

