<?xml version="1.0" encoding="utf-8"?>
<log version="1.0" tool="runtool">

<msg id="1" tool="runtool">
  <type>log-start</type>
  <arg>2023/06/01 06:32:16</arg>
</msg>
<msg id="2" tool="runtool">
  <type>bandwidth-measurement-starts</type>
</msg>
<msg id="3" tool="runtool">
  <type>bandwidth-measurement-done</type>
</msg>
<msg id="4" tool="runtool">
  <type>collector-starts</type>
</msg>
<msg id="5" tool="runtool">
  <type>marker-file</type>
  <arg>/home/asl/Lorenzo/ASL-project-team28/MyResults/e000/trc000/trc000.advixe</arg>
</msg>
<msg id="6" tool="trc">
  <type>PROCESS_START</type>
  <arg>/home/asl/Lorenzo/ASL-project-team28/bin</arg>
  <arg>68922</arg>
  <severity>INFO</severity>
  <timestamp>Thu Jun  1 06:32:26 2023</timestamp>
</msg>
<msg id="7" tool="trc">
  <type>PROCESS_ANALYSIS_MODE</type>
  <arg>full</arg>
  <severity>INFO</severity>
  <timestamp>Thu Jun  1 06:32:27 2023</timestamp>
</msg>
<msg id="8" tool="trc">
  <type>LOAD_MODULE</type>
  <arg>/home/asl/Lorenzo/ASL-project-team28/bin</arg>
  <arg>0x56153f238000</arg>
  <arg>0x56153f2463af</arg>
  <arg>yes</arg>
  <severity>INFO</severity>
  <timestamp>Thu Jun  1 06:32:27 2023</timestamp>
</msg>
<msg id="9" tool="trc">
  <type>LOAD_MODULE</type>
  <arg>/lib64/ld-linux-x86-64.so.2</arg>
  <arg>0x7f31b6ecb000</arg>
  <arg>0x7f31b6ef7177</arg>
  <arg>no</arg>
  <severity>INFO</severity>
  <timestamp>Thu Jun  1 06:32:27 2023</timestamp>
</msg>
<msg id="10" tool="trc">
  <type>LOAD_MODULE</type>
  <arg>[vdso]</arg>
  <arg>0x7ffd976cd000</arg>
  <arg>0x7ffd976cdc64</arg>
  <arg>no</arg>
  <severity>INFO</severity>
  <timestamp>Thu Jun  1 06:32:27 2023</timestamp>
</msg>
<msg id="11" tool="trc">
  <type>LOAD_MODULE</type>
  <arg>/opt/intel/oneapi/mkl/2023.0.0/lib/intel64/libmkl_intel_lp64.so.2</arg>
  <arg>0x7f319fcef000</arg>
  <arg>0x7f31a0f1a65f</arg>
  <arg>yes</arg>
  <severity>INFO</severity>
  <timestamp>Thu Jun  1 06:32:27 2023</timestamp>
</msg>
<msg id="12" tool="trc">
  <type>LOAD_MODULE</type>
  <arg>/opt/intel/oneapi/mkl/2023.0.0/lib/intel64/libmkl_sequential.so.2</arg>
  <arg>0x7f319e276000</arg>
  <arg>0x7f319fcab88f</arg>
  <arg>yes</arg>
  <severity>INFO</severity>
  <timestamp>Thu Jun  1 06:32:32 2023</timestamp>
</msg>
<msg id="13" tool="trc">
  <type>LOAD_MODULE</type>
  <arg>/opt/intel/oneapi/mkl/2023.0.0/lib/intel64/libmkl_core.so.2</arg>
  <arg>0x7f3199e65000</arg>
  <arg>0x7f319e246e5f</arg>
  <arg>yes</arg>
  <severity>INFO</severity>
  <timestamp>Thu Jun  1 06:32:42 2023</timestamp>
</msg>
<msg id="14" tool="trc">
  <type>LOAD_MODULE</type>
  <arg>/lib/x86_64-linux-gnu/libstdc++.so.6</arg>
  <arg>0x7f3199b17000</arg>
  <arg>0x7f3199ce37ff</arg>
  <arg>no</arg>
  <severity>INFO</severity>
  <timestamp>Thu Jun  1 06:33:05 2023</timestamp>
</msg>
<msg id="15" tool="trc">
  <type>LOAD_MODULE</type>
  <arg>/lib/x86_64-linux-gnu/libm.so.6</arg>
  <arg>0x7f31999b2000</arg>
  <arg>0x7f3199af510f</arg>
  <arg>no</arg>
  <severity>INFO</severity>
  <timestamp>Thu Jun  1 06:33:05 2023</timestamp>
</msg>
<msg id="16" tool="trc">
  <type>LOAD_MODULE</type>
  <arg>/lib/x86_64-linux-gnu/libmvec.so.1</arg>
  <arg>0x7f3199986000</arg>
  <arg>0x7f31999b1127</arg>
  <arg>no</arg>
  <severity>INFO</severity>
  <timestamp>Thu Jun  1 06:33:05 2023</timestamp>
</msg>
<msg id="17" tool="trc">
  <type>LOAD_MODULE</type>
  <arg>/lib/x86_64-linux-gnu/libgcc_s.so.1</arg>
  <arg>0x7f319996c000</arg>
  <arg>0x7f3199985447</arg>
  <arg>no</arg>
  <severity>INFO</severity>
  <timestamp>Thu Jun  1 06:33:05 2023</timestamp>
</msg>
<msg id="18" tool="trc">
  <type>LOAD_MODULE</type>
  <arg>/lib/x86_64-linux-gnu/libc.so.6</arg>
  <arg>0x7f3199798000</arg>
  <arg>0x7f319996b67f</arg>
  <arg>no</arg>
  <severity>INFO</severity>
  <timestamp>Thu Jun  1 06:33:05 2023</timestamp>
</msg>
<msg id="19" tool="trc">
  <type>LOAD_MODULE</type>
  <arg>/lib/x86_64-linux-gnu/libdl.so.2</arg>
  <arg>0x7f3199792000</arg>
  <arg>0x7f319979710f</arg>
  <arg>no</arg>
  <severity>INFO</severity>
  <timestamp>Thu Jun  1 06:33:06 2023</timestamp>
</msg>
<msg id="20" tool="trc">
  <type>LOAD_MODULE</type>
  <arg>/lib/x86_64-linux-gnu/libpthread.so.0</arg>
  <arg>0x7f3199765000</arg>
  <arg>0x7f319978646f</arg>
  <arg>yes</arg>
  <severity>INFO</severity>
  <timestamp>Thu Jun  1 06:33:06 2023</timestamp>
</msg>
<msg id="21" tool="trc">
  <type>PROCESS_START</type>
  <arg>/usr/bin/dash</arg>
  <arg>68929</arg>
  <severity>INFO</severity>
  <timestamp>Thu Jun  1 06:33:06 2023</timestamp>
</msg>
<msg id="22" tool="trc">
  <type>PROCESS_ANALYSIS_MODE</type>
  <arg>full</arg>
  <severity>INFO</severity>
  <timestamp>Thu Jun  1 06:33:06 2023</timestamp>
</msg>
<msg id="23" tool="trc">
  <type>LOAD_MODULE</type>
  <arg>/usr/bin/dash</arg>
  <arg>0x558e33565000</arg>
  <arg>0x558e33586f6f</arg>
  <arg>no</arg>
  <severity>INFO</severity>
  <timestamp>Thu Jun  1 06:33:06 2023</timestamp>
</msg>
<msg id="24" tool="trc">
  <type>LOAD_MODULE</type>
  <arg>/lib64/ld-linux-x86-64.so.2</arg>
  <arg>0x7f3f7e98c000</arg>
  <arg>0x7f3f7e9b8177</arg>
  <arg>no</arg>
  <severity>INFO</severity>
  <timestamp>Thu Jun  1 06:33:06 2023</timestamp>
</msg>
<msg id="25" tool="trc">
  <type>LOAD_MODULE</type>
  <arg>[vdso]</arg>
  <arg>0x7ffebf8e5000</arg>
  <arg>0x7ffebf8e5c64</arg>
  <arg>no</arg>
  <severity>INFO</severity>
  <timestamp>Thu Jun  1 06:33:06 2023</timestamp>
</msg>
<msg id="26" tool="trc">
  <type>LOAD_MODULE</type>
  <arg>/lib/x86_64-linux-gnu/libc.so.6</arg>
  <arg>0x7f3f6894a000</arg>
  <arg>0x7f3f68b1d67f</arg>
  <arg>no</arg>
  <severity>INFO</severity>
  <timestamp>Thu Jun  1 06:33:06 2023</timestamp>
</msg>
<msg id="27" tool="trc">
  <type>PROCESS_START</type>
  <arg>/usr/bin/ls</arg>
  <arg>68935</arg>
  <severity>INFO</severity>
  <timestamp>Thu Jun  1 06:33:07 2023</timestamp>
</msg>
<msg id="28" tool="trc">
  <type>PROCESS_ANALYSIS_MODE</type>
  <arg>full</arg>
  <severity>INFO</severity>
  <timestamp>Thu Jun  1 06:33:07 2023</timestamp>
</msg>
<msg id="29" tool="trc">
  <type>LOAD_MODULE</type>
  <arg>/usr/bin/ls</arg>
  <arg>0x55f16cdfd000</arg>
  <arg>0x55f16ce228b7</arg>
  <arg>no</arg>
  <severity>INFO</severity>
  <timestamp>Thu Jun  1 06:33:07 2023</timestamp>
</msg>
<msg id="30" tool="trc">
  <type>LOAD_MODULE</type>
  <arg>/lib64/ld-linux-x86-64.so.2</arg>
  <arg>0x7f9157ee0000</arg>
  <arg>0x7f9157f0c177</arg>
  <arg>no</arg>
  <severity>INFO</severity>
  <timestamp>Thu Jun  1 06:33:07 2023</timestamp>
</msg>
<msg id="31" tool="trc">
  <type>LOAD_MODULE</type>
  <arg>[vdso]</arg>
  <arg>0x7ffc18751000</arg>
  <arg>0x7ffc18751c64</arg>
  <arg>no</arg>
  <severity>INFO</severity>
  <timestamp>Thu Jun  1 06:33:07 2023</timestamp>
</msg>
<msg id="32" tool="trc">
  <type>LOAD_MODULE</type>
  <arg>/lib/x86_64-linux-gnu/libselinux.so.1</arg>
  <arg>0x7f9142056000</arg>
  <arg>0x7f9142081607</arg>
  <arg>no</arg>
  <severity>INFO</severity>
  <timestamp>Thu Jun  1 06:33:07 2023</timestamp>
</msg>
<msg id="33" tool="trc">
  <type>LOAD_MODULE</type>
  <arg>/lib/x86_64-linux-gnu/libc.so.6</arg>
  <arg>0x7f9141dca000</arg>
  <arg>0x7f9141f9d67f</arg>
  <arg>no</arg>
  <severity>INFO</severity>
  <timestamp>Thu Jun  1 06:33:07 2023</timestamp>
</msg>
<msg id="34" tool="trc">
  <type>LOAD_MODULE</type>
  <arg>/lib/x86_64-linux-gnu/libpcre2-8.so.0</arg>
  <arg>0x7f9141cfd000</arg>
  <arg>0x7f9141d943a7</arg>
  <arg>no</arg>
  <severity>INFO</severity>
  <timestamp>Thu Jun  1 06:33:08 2023</timestamp>
</msg>
<msg id="35" tool="trc">
  <type>LOAD_MODULE</type>
  <arg>/lib/x86_64-linux-gnu/libdl.so.2</arg>
  <arg>0x7f9141dba000</arg>
  <arg>0x7f9141dbf10f</arg>
  <arg>no</arg>
  <severity>INFO</severity>
  <timestamp>Thu Jun  1 06:33:08 2023</timestamp>
</msg>
<msg id="36" tool="trc">
  <type>LOAD_MODULE</type>
  <arg>/lib/x86_64-linux-gnu/libpthread.so.0</arg>
  <arg>0x7f9141c9f000</arg>
  <arg>0x7f9141cc046f</arg>
  <arg>yes</arg>
  <severity>INFO</severity>
  <timestamp>Thu Jun  1 06:33:08 2023</timestamp>
</msg>
<msg id="37" tool="trc">
  <type>UNLOAD_MODULE</type>
  <arg>/usr/bin/ls</arg>
  <severity>INFO</severity>
  <timestamp>Thu Jun  1 06:33:09 2023</timestamp>
</msg>
<msg id="38" tool="trc">
  <type>UNLOAD_MODULE</type>
  <arg>/lib64/ld-linux-x86-64.so.2</arg>
  <severity>INFO</severity>
  <timestamp>Thu Jun  1 06:33:09 2023</timestamp>
</msg>
<msg id="39" tool="trc">
  <type>UNLOAD_MODULE</type>
  <arg>[vdso]</arg>
  <severity>INFO</severity>
  <timestamp>Thu Jun  1 06:33:09 2023</timestamp>
</msg>
<msg id="40" tool="trc">
  <type>UNLOAD_MODULE</type>
  <arg>/lib/x86_64-linux-gnu/libselinux.so.1</arg>
  <severity>INFO</severity>
  <timestamp>Thu Jun  1 06:33:09 2023</timestamp>
</msg>
<msg id="41" tool="trc">
  <type>UNLOAD_MODULE</type>
  <arg>/lib/x86_64-linux-gnu/libc.so.6</arg>
  <severity>INFO</severity>
  <timestamp>Thu Jun  1 06:33:09 2023</timestamp>
</msg>
<msg id="42" tool="trc">
  <type>UNLOAD_MODULE</type>
  <arg>/lib/x86_64-linux-gnu/libpcre2-8.so.0</arg>
  <severity>INFO</severity>
  <timestamp>Thu Jun  1 06:33:09 2023</timestamp>
</msg>
<msg id="43" tool="trc">
  <type>UNLOAD_MODULE</type>
  <arg>/lib/x86_64-linux-gnu/libdl.so.2</arg>
  <severity>INFO</severity>
  <timestamp>Thu Jun  1 06:33:09 2023</timestamp>
</msg>
<msg id="44" tool="trc">
  <type>UNLOAD_MODULE</type>
  <arg>/lib/x86_64-linux-gnu/libpthread.so.0</arg>
  <severity>INFO</severity>
  <timestamp>Thu Jun  1 06:33:09 2023</timestamp>
</msg>
<msg id="45" tool="trc">
  <type>PROCESS_FINISH</type>
  <arg>/usr/bin/ls</arg>
  <arg>68935</arg>
  <arg>0x0</arg>
  <severity>INFO</severity>
  <timestamp>Thu Jun  1 06:33:09 2023</timestamp>
</msg>
<msg id="46" tool="runtool">
  <type>app-exit-code</type>
  <arg>0</arg>
</msg>
<msg id="47" tool="runtool">
  <type>marker-file</type>
  <arg>/home/asl/Lorenzo/ASL-project-team28/MyResults/e000/trc000/trc000.advixe</arg>
</msg>
<msg id="48" tool="runtool">
  <type>collector-done</type>
</msg>
<msg id="49" tool="runtool">
  <type>log-end</type>
  <arg>2023/06/01 06:33:15</arg>
</msg>

</log>

