<?xml version="1.0" encoding="utf-8"?>
<log version="1.0" tool="runtool">

<msg id="1" tool="runtool">
  <type>log-start</type>
  <arg>2023/06/01 20:49:47</arg>
</msg>
<msg id="2" tool="runtool">
  <type>bandwidth-measurement-starts</type>
</msg>
<msg id="3" tool="runtool">
  <type>bandwidth-measurement-done</type>
</msg>
<msg id="4" tool="runtool">
  <type>collector-starts</type>
</msg>
<msg id="5" tool="runtool">
  <type>marker-file</type>
  <arg>/home/asl/Lorenzo/ASL-project-team28/MyResults/e000/trc000/trc000.advixe</arg>
</msg>
<msg id="6" tool="trc">
  <type>PROCESS_START</type>
  <arg>/home/asl/Lorenzo/ASL-project-team28/bin</arg>
  <arg>232078</arg>
  <severity>INFO</severity>
  <timestamp>Thu Jun  1 20:49:58 2023</timestamp>
</msg>
<msg id="7" tool="trc">
  <type>PROCESS_ANALYSIS_MODE</type>
  <arg>full</arg>
  <severity>INFO</severity>
  <timestamp>Thu Jun  1 20:49:58 2023</timestamp>
</msg>
<msg id="8" tool="trc">
  <type>LOAD_MODULE</type>
  <arg>/home/asl/Lorenzo/ASL-project-team28/bin</arg>
  <arg>0x56537fe91000</arg>
  <arg>0x56537fea23b7</arg>
  <arg>yes</arg>
  <severity>INFO</severity>
  <timestamp>Thu Jun  1 20:49:58 2023</timestamp>
</msg>
<msg id="9" tool="trc">
  <type>LOAD_MODULE</type>
  <arg>/lib64/ld-linux-x86-64.so.2</arg>
  <arg>0x7f995b032000</arg>
  <arg>0x7f995b05e177</arg>
  <arg>no</arg>
  <severity>INFO</severity>
  <timestamp>Thu Jun  1 20:49:58 2023</timestamp>
</msg>
<msg id="10" tool="trc">
  <type>LOAD_MODULE</type>
  <arg>[vdso]</arg>
  <arg>0x7ffd9d1f2000</arg>
  <arg>0x7ffd9d1f2c64</arg>
  <arg>no</arg>
  <severity>INFO</severity>
  <timestamp>Thu Jun  1 20:49:58 2023</timestamp>
</msg>
<msg id="11" tool="trc">
  <type>LOAD_MODULE</type>
  <arg>/opt/intel/oneapi/mkl/2023.0.0/lib/intel64/libmkl_intel_lp64.so.2</arg>
  <arg>0x7f9943dce000</arg>
  <arg>0x7f9944ff965f</arg>
  <arg>yes</arg>
  <severity>INFO</severity>
  <timestamp>Thu Jun  1 20:49:58 2023</timestamp>
</msg>
<msg id="12" tool="trc">
  <type>LOAD_MODULE</type>
  <arg>/opt/intel/oneapi/mkl/2023.0.0/lib/intel64/libmkl_sequential.so.2</arg>
  <arg>0x7f994234e000</arg>
  <arg>0x7f9943d8388f</arg>
  <arg>yes</arg>
  <severity>INFO</severity>
  <timestamp>Thu Jun  1 20:50:04 2023</timestamp>
</msg>
<msg id="13" tool="trc">
  <type>LOAD_MODULE</type>
  <arg>/opt/intel/oneapi/mkl/2023.0.0/lib/intel64/libmkl_core.so.2</arg>
  <arg>0x7f993df3e000</arg>
  <arg>0x7f994231fe5f</arg>
  <arg>yes</arg>
  <severity>INFO</severity>
  <timestamp>Thu Jun  1 20:50:14 2023</timestamp>
</msg>
<msg id="14" tool="trc">
  <type>LOAD_MODULE</type>
  <arg>/lib/x86_64-linux-gnu/libstdc++.so.6</arg>
  <arg>0x7f993dbf0000</arg>
  <arg>0x7f993ddbc7ff</arg>
  <arg>no</arg>
  <severity>INFO</severity>
  <timestamp>Thu Jun  1 20:50:38 2023</timestamp>
</msg>
<msg id="15" tool="trc">
  <type>LOAD_MODULE</type>
  <arg>/lib/x86_64-linux-gnu/libm.so.6</arg>
  <arg>0x7f993da8b000</arg>
  <arg>0x7f993dbce10f</arg>
  <arg>no</arg>
  <severity>INFO</severity>
  <timestamp>Thu Jun  1 20:50:38 2023</timestamp>
</msg>
<msg id="16" tool="trc">
  <type>LOAD_MODULE</type>
  <arg>/lib/x86_64-linux-gnu/libmvec.so.1</arg>
  <arg>0x7f993da5f000</arg>
  <arg>0x7f993da8a127</arg>
  <arg>no</arg>
  <severity>INFO</severity>
  <timestamp>Thu Jun  1 20:50:38 2023</timestamp>
</msg>
<msg id="17" tool="trc">
  <type>LOAD_MODULE</type>
  <arg>/lib/x86_64-linux-gnu/libgcc_s.so.1</arg>
  <arg>0x7f993da45000</arg>
  <arg>0x7f993da5e447</arg>
  <arg>no</arg>
  <severity>INFO</severity>
  <timestamp>Thu Jun  1 20:50:38 2023</timestamp>
</msg>
<msg id="18" tool="trc">
  <type>LOAD_MODULE</type>
  <arg>/lib/x86_64-linux-gnu/libc.so.6</arg>
  <arg>0x7f993d871000</arg>
  <arg>0x7f993da4467f</arg>
  <arg>no</arg>
  <severity>INFO</severity>
  <timestamp>Thu Jun  1 20:50:38 2023</timestamp>
</msg>
<msg id="19" tool="trc">
  <type>LOAD_MODULE</type>
  <arg>/lib/x86_64-linux-gnu/libdl.so.2</arg>
  <arg>0x7f993d867000</arg>
  <arg>0x7f993d86c10f</arg>
  <arg>no</arg>
  <severity>INFO</severity>
  <timestamp>Thu Jun  1 20:50:39 2023</timestamp>
</msg>
<msg id="20" tool="trc">
  <type>LOAD_MODULE</type>
  <arg>/lib/x86_64-linux-gnu/libpthread.so.0</arg>
  <arg>0x7f993d83e000</arg>
  <arg>0x7f993d85f46f</arg>
  <arg>yes</arg>
  <severity>INFO</severity>
  <timestamp>Thu Jun  1 20:50:39 2023</timestamp>
</msg>
<msg id="21" tool="trc">
  <type>LOAD_MODULE</type>
  <arg>/opt/intel/oneapi/mkl/2023.0.0/lib/intel64/libmkl_avx2.so.2</arg>
  <arg>0x7f99282aa000</arg>
  <arg>0x7f992b179247</arg>
  <arg>yes</arg>
  <severity>INFO</severity>
  <timestamp>Thu Jun  1 20:50:39 2023</timestamp>
</msg>
<msg id="22" tool="trc">
  <type>LOAD_MODULE</type>
  <arg>/opt/intel/oneapi/mkl/2023.0.0/lib/intel64/libmkl_vml_avx2.so.2</arg>
  <arg>0x7f992741f000</arg>
  <arg>0x7f992820bb6f</arg>
  <arg>yes</arg>
  <severity>INFO</severity>
  <timestamp>Thu Jun  1 20:50:59 2023</timestamp>
</msg>
<msg id="23" tool="trc">
  <type>PROCESS_START</type>
  <arg>/usr/bin/dash</arg>
  <arg>232090</arg>
  <severity>INFO</severity>
  <timestamp>Thu Jun  1 20:51:10 2023</timestamp>
</msg>
<msg id="24" tool="trc">
  <type>PROCESS_ANALYSIS_MODE</type>
  <arg>full</arg>
  <severity>INFO</severity>
  <timestamp>Thu Jun  1 20:51:10 2023</timestamp>
</msg>
<msg id="25" tool="trc">
  <type>LOAD_MODULE</type>
  <arg>/usr/bin/dash</arg>
  <arg>0x55cf334d5000</arg>
  <arg>0x55cf334f6f6f</arg>
  <arg>no</arg>
  <severity>INFO</severity>
  <timestamp>Thu Jun  1 20:51:10 2023</timestamp>
</msg>
<msg id="26" tool="trc">
  <type>LOAD_MODULE</type>
  <arg>/lib64/ld-linux-x86-64.so.2</arg>
  <arg>0x7f9bc0ccf000</arg>
  <arg>0x7f9bc0cfb177</arg>
  <arg>no</arg>
  <severity>INFO</severity>
  <timestamp>Thu Jun  1 20:51:10 2023</timestamp>
</msg>
<msg id="27" tool="trc">
  <type>LOAD_MODULE</type>
  <arg>[vdso]</arg>
  <arg>0x7ffdc29c2000</arg>
  <arg>0x7ffdc29c2c64</arg>
  <arg>no</arg>
  <severity>INFO</severity>
  <timestamp>Thu Jun  1 20:51:10 2023</timestamp>
</msg>
<msg id="28" tool="trc">
  <type>LOAD_MODULE</type>
  <arg>/lib/x86_64-linux-gnu/libc.so.6</arg>
  <arg>0x7f9baac1c000</arg>
  <arg>0x7f9baadef67f</arg>
  <arg>no</arg>
  <severity>INFO</severity>
  <timestamp>Thu Jun  1 20:51:10 2023</timestamp>
</msg>
<msg id="29" tool="trc">
  <type>PROCESS_START</type>
  <arg>/usr/bin/ls</arg>
  <arg>232096</arg>
  <severity>INFO</severity>
  <timestamp>Thu Jun  1 20:51:11 2023</timestamp>
</msg>
<msg id="30" tool="trc">
  <type>PROCESS_ANALYSIS_MODE</type>
  <arg>full</arg>
  <severity>INFO</severity>
  <timestamp>Thu Jun  1 20:51:11 2023</timestamp>
</msg>
<msg id="31" tool="trc">
  <type>LOAD_MODULE</type>
  <arg>/usr/bin/ls</arg>
  <arg>0x55789f483000</arg>
  <arg>0x55789f4a88b7</arg>
  <arg>no</arg>
  <severity>INFO</severity>
  <timestamp>Thu Jun  1 20:51:11 2023</timestamp>
</msg>
<msg id="32" tool="trc">
  <type>LOAD_MODULE</type>
  <arg>/lib64/ld-linux-x86-64.so.2</arg>
  <arg>0x7f896938b000</arg>
  <arg>0x7f89693b7177</arg>
  <arg>no</arg>
  <severity>INFO</severity>
  <timestamp>Thu Jun  1 20:51:11 2023</timestamp>
</msg>
<msg id="33" tool="trc">
  <type>LOAD_MODULE</type>
  <arg>[vdso]</arg>
  <arg>0x7fff3931e000</arg>
  <arg>0x7fff3931ec64</arg>
  <arg>no</arg>
  <severity>INFO</severity>
  <timestamp>Thu Jun  1 20:51:11 2023</timestamp>
</msg>
<msg id="34" tool="trc">
  <type>LOAD_MODULE</type>
  <arg>/lib/x86_64-linux-gnu/libselinux.so.1</arg>
  <arg>0x7f8953490000</arg>
  <arg>0x7f89534bb607</arg>
  <arg>no</arg>
  <severity>INFO</severity>
  <timestamp>Thu Jun  1 20:51:11 2023</timestamp>
</msg>
<msg id="35" tool="trc">
  <type>LOAD_MODULE</type>
  <arg>/lib/x86_64-linux-gnu/libc.so.6</arg>
  <arg>0x7f8953204000</arg>
  <arg>0x7f89533d767f</arg>
  <arg>no</arg>
  <severity>INFO</severity>
  <timestamp>Thu Jun  1 20:51:11 2023</timestamp>
</msg>
<msg id="36" tool="trc">
  <type>LOAD_MODULE</type>
  <arg>/lib/x86_64-linux-gnu/libpcre2-8.so.0</arg>
  <arg>0x7f8953143000</arg>
  <arg>0x7f89531da3a7</arg>
  <arg>no</arg>
  <severity>INFO</severity>
  <timestamp>Thu Jun  1 20:51:12 2023</timestamp>
</msg>
<msg id="37" tool="trc">
  <type>LOAD_MODULE</type>
  <arg>/lib/x86_64-linux-gnu/libdl.so.2</arg>
  <arg>0x7f895311a000</arg>
  <arg>0x7f895311f10f</arg>
  <arg>no</arg>
  <severity>INFO</severity>
  <timestamp>Thu Jun  1 20:51:12 2023</timestamp>
</msg>
<msg id="38" tool="trc">
  <type>LOAD_MODULE</type>
  <arg>/lib/x86_64-linux-gnu/libpthread.so.0</arg>
  <arg>0x7f89530d9000</arg>
  <arg>0x7f89530fa46f</arg>
  <arg>yes</arg>
  <severity>INFO</severity>
  <timestamp>Thu Jun  1 20:51:12 2023</timestamp>
</msg>
<msg id="39" tool="trc">
  <type>UNLOAD_MODULE</type>
  <arg>/usr/bin/ls</arg>
  <severity>INFO</severity>
  <timestamp>Thu Jun  1 20:51:13 2023</timestamp>
</msg>
<msg id="40" tool="trc">
  <type>UNLOAD_MODULE</type>
  <arg>/lib64/ld-linux-x86-64.so.2</arg>
  <severity>INFO</severity>
  <timestamp>Thu Jun  1 20:51:13 2023</timestamp>
</msg>
<msg id="41" tool="trc">
  <type>UNLOAD_MODULE</type>
  <arg>[vdso]</arg>
  <severity>INFO</severity>
  <timestamp>Thu Jun  1 20:51:13 2023</timestamp>
</msg>
<msg id="42" tool="trc">
  <type>UNLOAD_MODULE</type>
  <arg>/lib/x86_64-linux-gnu/libselinux.so.1</arg>
  <severity>INFO</severity>
  <timestamp>Thu Jun  1 20:51:13 2023</timestamp>
</msg>
<msg id="43" tool="trc">
  <type>UNLOAD_MODULE</type>
  <arg>/lib/x86_64-linux-gnu/libc.so.6</arg>
  <severity>INFO</severity>
  <timestamp>Thu Jun  1 20:51:13 2023</timestamp>
</msg>
<msg id="44" tool="trc">
  <type>UNLOAD_MODULE</type>
  <arg>/lib/x86_64-linux-gnu/libpcre2-8.so.0</arg>
  <severity>INFO</severity>
  <timestamp>Thu Jun  1 20:51:13 2023</timestamp>
</msg>
<msg id="45" tool="trc">
  <type>UNLOAD_MODULE</type>
  <arg>/lib/x86_64-linux-gnu/libdl.so.2</arg>
  <severity>INFO</severity>
  <timestamp>Thu Jun  1 20:51:13 2023</timestamp>
</msg>
<msg id="46" tool="trc">
  <type>UNLOAD_MODULE</type>
  <arg>/lib/x86_64-linux-gnu/libpthread.so.0</arg>
  <severity>INFO</severity>
  <timestamp>Thu Jun  1 20:51:13 2023</timestamp>
</msg>
<msg id="47" tool="trc">
  <type>PROCESS_FINISH</type>
  <arg>/usr/bin/ls</arg>
  <arg>232096</arg>
  <arg>0x0</arg>
  <severity>INFO</severity>
  <timestamp>Thu Jun  1 20:51:13 2023</timestamp>
</msg>
<msg id="48" tool="runtool">
  <type>app-exit-code</type>
  <arg>1</arg>
</msg>
<msg id="49" tool="runtool">
  <type>marker-file</type>
  <arg>/home/asl/Lorenzo/ASL-project-team28/MyResults/e000/trc000/trc000.advixe</arg>
</msg>
<msg id="50" tool="runtool">
  <type>collector-done</type>
</msg>
<msg id="51" tool="runtool">
  <type>log-end</type>
  <arg>2023/06/01 20:51:43</arg>
</msg>

</log>

