<?xml version="1.0" encoding="utf-8"?>
<log version="1.0" tool="runtool">

<msg id="1" tool="runtool">
  <type>log-start</type>
  <arg>2023/06/02 12:42:55</arg>
</msg>
<msg id="2" tool="runtool">
  <type>bandwidth-measurement-starts</type>
</msg>
<msg id="3" tool="runtool">
  <type>bandwidth-measurement-done</type>
</msg>
<msg id="4" tool="runtool">
  <type>collector-starts</type>
</msg>
<msg id="5" tool="runtool">
  <type>marker-file</type>
  <arg>/home/asl/Lorenzo/ASL-project-team28/MyResults/e000/trc000/trc000.advixe</arg>
</msg>
<msg id="6" tool="trc">
  <type>PROCESS_START</type>
  <arg>/home/asl/Lorenzo/ASL-project-team28/bin</arg>
  <arg>260465</arg>
  <severity>INFO</severity>
  <timestamp>Fri Jun  2 12:43:06 2023</timestamp>
</msg>
<msg id="7" tool="trc">
  <type>PROCESS_ANALYSIS_MODE</type>
  <arg>full</arg>
  <severity>INFO</severity>
  <timestamp>Fri Jun  2 12:43:06 2023</timestamp>
</msg>
<msg id="8" tool="trc">
  <type>LOAD_MODULE</type>
  <arg>/home/asl/Lorenzo/ASL-project-team28/bin</arg>
  <arg>0x5610b8de5000</arg>
  <arg>0x5610b8df83b7</arg>
  <arg>yes</arg>
  <severity>INFO</severity>
  <timestamp>Fri Jun  2 12:43:06 2023</timestamp>
</msg>
<msg id="9" tool="trc">
  <type>LOAD_MODULE</type>
  <arg>/lib64/ld-linux-x86-64.so.2</arg>
  <arg>0x7f44a5bcb000</arg>
  <arg>0x7f44a5bf7177</arg>
  <arg>no</arg>
  <severity>INFO</severity>
  <timestamp>Fri Jun  2 12:43:06 2023</timestamp>
</msg>
<msg id="10" tool="trc">
  <type>LOAD_MODULE</type>
  <arg>[vdso]</arg>
  <arg>0x7ffd7337a000</arg>
  <arg>0x7ffd7337ac64</arg>
  <arg>no</arg>
  <severity>INFO</severity>
  <timestamp>Fri Jun  2 12:43:06 2023</timestamp>
</msg>
<msg id="11" tool="trc">
  <type>LOAD_MODULE</type>
  <arg>/opt/intel/oneapi/mkl/2023.0.0/lib/intel64/libmkl_intel_lp64.so.2</arg>
  <arg>0x7f448e9d5000</arg>
  <arg>0x7f448fc0065f</arg>
  <arg>yes</arg>
  <severity>INFO</severity>
  <timestamp>Fri Jun  2 12:43:06 2023</timestamp>
</msg>
<msg id="12" tool="trc">
  <type>LOAD_MODULE</type>
  <arg>/opt/intel/oneapi/mkl/2023.0.0/lib/intel64/libmkl_sequential.so.2</arg>
  <arg>0x7f448cf5c000</arg>
  <arg>0x7f448e99188f</arg>
  <arg>yes</arg>
  <severity>INFO</severity>
  <timestamp>Fri Jun  2 12:43:12 2023</timestamp>
</msg>
<msg id="13" tool="trc">
  <type>LOAD_MODULE</type>
  <arg>/opt/intel/oneapi/mkl/2023.0.0/lib/intel64/libmkl_core.so.2</arg>
  <arg>0x7f4488b4b000</arg>
  <arg>0x7f448cf2ce5f</arg>
  <arg>yes</arg>
  <severity>INFO</severity>
  <timestamp>Fri Jun  2 12:43:21 2023</timestamp>
</msg>
<msg id="14" tool="trc">
  <type>LOAD_MODULE</type>
  <arg>/lib/x86_64-linux-gnu/libstdc++.so.6</arg>
  <arg>0x7f4488813000</arg>
  <arg>0x7f44889df7ff</arg>
  <arg>no</arg>
  <severity>INFO</severity>
  <timestamp>Fri Jun  2 12:43:44 2023</timestamp>
</msg>
<msg id="15" tool="trc">
  <type>LOAD_MODULE</type>
  <arg>/lib/x86_64-linux-gnu/libm.so.6</arg>
  <arg>0x7f44886a2000</arg>
  <arg>0x7f44887e510f</arg>
  <arg>no</arg>
  <severity>INFO</severity>
  <timestamp>Fri Jun  2 12:43:44 2023</timestamp>
</msg>
<msg id="16" tool="trc">
  <type>LOAD_MODULE</type>
  <arg>/lib/x86_64-linux-gnu/libmvec.so.1</arg>
  <arg>0x7f4488676000</arg>
  <arg>0x7f44886a1127</arg>
  <arg>no</arg>
  <severity>INFO</severity>
  <timestamp>Fri Jun  2 12:43:44 2023</timestamp>
</msg>
<msg id="17" tool="trc">
  <type>LOAD_MODULE</type>
  <arg>/lib/x86_64-linux-gnu/libgcc_s.so.1</arg>
  <arg>0x7f448865c000</arg>
  <arg>0x7f4488675447</arg>
  <arg>no</arg>
  <severity>INFO</severity>
  <timestamp>Fri Jun  2 12:43:44 2023</timestamp>
</msg>
<msg id="18" tool="trc">
  <type>LOAD_MODULE</type>
  <arg>/lib/x86_64-linux-gnu/libc.so.6</arg>
  <arg>0x7f4488488000</arg>
  <arg>0x7f448865b67f</arg>
  <arg>no</arg>
  <severity>INFO</severity>
  <timestamp>Fri Jun  2 12:43:44 2023</timestamp>
</msg>
<msg id="19" tool="trc">
  <type>LOAD_MODULE</type>
  <arg>/lib/x86_64-linux-gnu/libdl.so.2</arg>
  <arg>0x7f448847d000</arg>
  <arg>0x7f448848210f</arg>
  <arg>no</arg>
  <severity>INFO</severity>
  <timestamp>Fri Jun  2 12:43:45 2023</timestamp>
</msg>
<msg id="20" tool="trc">
  <type>LOAD_MODULE</type>
  <arg>/lib/x86_64-linux-gnu/libpthread.so.0</arg>
  <arg>0x7f448844c000</arg>
  <arg>0x7f448846d46f</arg>
  <arg>yes</arg>
  <severity>INFO</severity>
  <timestamp>Fri Jun  2 12:43:45 2023</timestamp>
</msg>
<msg id="21" tool="trc">
  <type>LOAD_MODULE</type>
  <arg>/opt/intel/oneapi/mkl/2023.0.0/lib/intel64/libmkl_avx2.so.2</arg>
  <arg>0x7f4472eca000</arg>
  <arg>0x7f4475d99247</arg>
  <arg>yes</arg>
  <severity>INFO</severity>
  <timestamp>Fri Jun  2 12:43:45 2023</timestamp>
</msg>
<msg id="22" tool="trc">
  <type>LOAD_MODULE</type>
  <arg>/opt/intel/oneapi/mkl/2023.0.0/lib/intel64/libmkl_vml_avx2.so.2</arg>
  <arg>0x7f447de55000</arg>
  <arg>0x7f447ec41b6f</arg>
  <arg>yes</arg>
  <severity>INFO</severity>
  <timestamp>Fri Jun  2 12:43:46 2023</timestamp>
</msg>
<msg id="23" tool="trc">
  <type>PROCESS_START</type>
  <arg>/usr/bin/dash</arg>
  <arg>260470</arg>
  <severity>INFO</severity>
  <timestamp>Fri Jun  2 12:43:46 2023</timestamp>
</msg>
<msg id="24" tool="trc">
  <type>PROCESS_ANALYSIS_MODE</type>
  <arg>full</arg>
  <severity>INFO</severity>
  <timestamp>Fri Jun  2 12:43:46 2023</timestamp>
</msg>
<msg id="25" tool="trc">
  <type>LOAD_MODULE</type>
  <arg>/usr/bin/dash</arg>
  <arg>0x562a5f707000</arg>
  <arg>0x562a5f728f6f</arg>
  <arg>no</arg>
  <severity>INFO</severity>
  <timestamp>Fri Jun  2 12:43:46 2023</timestamp>
</msg>
<msg id="26" tool="trc">
  <type>LOAD_MODULE</type>
  <arg>/lib64/ld-linux-x86-64.so.2</arg>
  <arg>0x7f0b52e30000</arg>
  <arg>0x7f0b52e5c177</arg>
  <arg>no</arg>
  <severity>INFO</severity>
  <timestamp>Fri Jun  2 12:43:46 2023</timestamp>
</msg>
<msg id="27" tool="trc">
  <type>LOAD_MODULE</type>
  <arg>[vdso]</arg>
  <arg>0x7fff465f2000</arg>
  <arg>0x7fff465f2c64</arg>
  <arg>no</arg>
  <severity>INFO</severity>
  <timestamp>Fri Jun  2 12:43:46 2023</timestamp>
</msg>
<msg id="28" tool="trc">
  <type>LOAD_MODULE</type>
  <arg>/lib/x86_64-linux-gnu/libc.so.6</arg>
  <arg>0x7f0b3cdf0000</arg>
  <arg>0x7f0b3cfc367f</arg>
  <arg>no</arg>
  <severity>INFO</severity>
  <timestamp>Fri Jun  2 12:43:46 2023</timestamp>
</msg>
<msg id="29" tool="trc">
  <type>PROCESS_START</type>
  <arg>/usr/bin/ls</arg>
  <arg>260476</arg>
  <severity>INFO</severity>
  <timestamp>Fri Jun  2 12:43:47 2023</timestamp>
</msg>
<msg id="30" tool="trc">
  <type>PROCESS_ANALYSIS_MODE</type>
  <arg>full</arg>
  <severity>INFO</severity>
  <timestamp>Fri Jun  2 12:43:47 2023</timestamp>
</msg>
<msg id="31" tool="trc">
  <type>LOAD_MODULE</type>
  <arg>/usr/bin/ls</arg>
  <arg>0x5603e5c48000</arg>
  <arg>0x5603e5c6d8b7</arg>
  <arg>no</arg>
  <severity>INFO</severity>
  <timestamp>Fri Jun  2 12:43:47 2023</timestamp>
</msg>
<msg id="32" tool="trc">
  <type>LOAD_MODULE</type>
  <arg>/lib64/ld-linux-x86-64.so.2</arg>
  <arg>0x7f82236bd000</arg>
  <arg>0x7f82236e9177</arg>
  <arg>no</arg>
  <severity>INFO</severity>
  <timestamp>Fri Jun  2 12:43:47 2023</timestamp>
</msg>
<msg id="33" tool="trc">
  <type>LOAD_MODULE</type>
  <arg>[vdso]</arg>
  <arg>0x7fff81bc8000</arg>
  <arg>0x7fff81bc8c64</arg>
  <arg>no</arg>
  <severity>INFO</severity>
  <timestamp>Fri Jun  2 12:43:47 2023</timestamp>
</msg>
<msg id="34" tool="trc">
  <type>LOAD_MODULE</type>
  <arg>/lib/x86_64-linux-gnu/libselinux.so.1</arg>
  <arg>0x7f820d82f000</arg>
  <arg>0x7f820d85a607</arg>
  <arg>no</arg>
  <severity>INFO</severity>
  <timestamp>Fri Jun  2 12:43:47 2023</timestamp>
</msg>
<msg id="35" tool="trc">
  <type>LOAD_MODULE</type>
  <arg>/lib/x86_64-linux-gnu/libc.so.6</arg>
  <arg>0x7f820d59e000</arg>
  <arg>0x7f820d77167f</arg>
  <arg>no</arg>
  <severity>INFO</severity>
  <timestamp>Fri Jun  2 12:43:47 2023</timestamp>
</msg>
<msg id="36" tool="trc">
  <type>LOAD_MODULE</type>
  <arg>/lib/x86_64-linux-gnu/libpcre2-8.so.0</arg>
  <arg>0x7f820d4e4000</arg>
  <arg>0x7f820d57b3a7</arg>
  <arg>no</arg>
  <severity>INFO</severity>
  <timestamp>Fri Jun  2 12:43:47 2023</timestamp>
</msg>
<msg id="37" tool="trc">
  <type>LOAD_MODULE</type>
  <arg>/lib/x86_64-linux-gnu/libdl.so.2</arg>
  <arg>0x7f820d4bd000</arg>
  <arg>0x7f820d4c210f</arg>
  <arg>no</arg>
  <severity>INFO</severity>
  <timestamp>Fri Jun  2 12:43:47 2023</timestamp>
</msg>
<msg id="38" tool="trc">
  <type>LOAD_MODULE</type>
  <arg>/lib/x86_64-linux-gnu/libpthread.so.0</arg>
  <arg>0x7f820d47e000</arg>
  <arg>0x7f820d49f46f</arg>
  <arg>yes</arg>
  <severity>INFO</severity>
  <timestamp>Fri Jun  2 12:43:47 2023</timestamp>
</msg>
<msg id="39" tool="trc">
  <type>UNLOAD_MODULE</type>
  <arg>/usr/bin/ls</arg>
  <severity>INFO</severity>
  <timestamp>Fri Jun  2 12:43:49 2023</timestamp>
</msg>
<msg id="40" tool="trc">
  <type>UNLOAD_MODULE</type>
  <arg>/lib64/ld-linux-x86-64.so.2</arg>
  <severity>INFO</severity>
  <timestamp>Fri Jun  2 12:43:49 2023</timestamp>
</msg>
<msg id="41" tool="trc">
  <type>UNLOAD_MODULE</type>
  <arg>[vdso]</arg>
  <severity>INFO</severity>
  <timestamp>Fri Jun  2 12:43:49 2023</timestamp>
</msg>
<msg id="42" tool="trc">
  <type>UNLOAD_MODULE</type>
  <arg>/lib/x86_64-linux-gnu/libselinux.so.1</arg>
  <severity>INFO</severity>
  <timestamp>Fri Jun  2 12:43:49 2023</timestamp>
</msg>
<msg id="43" tool="trc">
  <type>UNLOAD_MODULE</type>
  <arg>/lib/x86_64-linux-gnu/libc.so.6</arg>
  <severity>INFO</severity>
  <timestamp>Fri Jun  2 12:43:49 2023</timestamp>
</msg>
<msg id="44" tool="trc">
  <type>UNLOAD_MODULE</type>
  <arg>/lib/x86_64-linux-gnu/libpcre2-8.so.0</arg>
  <severity>INFO</severity>
  <timestamp>Fri Jun  2 12:43:49 2023</timestamp>
</msg>
<msg id="45" tool="trc">
  <type>UNLOAD_MODULE</type>
  <arg>/lib/x86_64-linux-gnu/libdl.so.2</arg>
  <severity>INFO</severity>
  <timestamp>Fri Jun  2 12:43:49 2023</timestamp>
</msg>
<msg id="46" tool="trc">
  <type>UNLOAD_MODULE</type>
  <arg>/lib/x86_64-linux-gnu/libpthread.so.0</arg>
  <severity>INFO</severity>
  <timestamp>Fri Jun  2 12:43:49 2023</timestamp>
</msg>
<msg id="47" tool="trc">
  <type>PROCESS_FINISH</type>
  <arg>/usr/bin/ls</arg>
  <arg>260476</arg>
  <arg>0x0</arg>
  <severity>INFO</severity>
  <timestamp>Fri Jun  2 12:43:49 2023</timestamp>
</msg>
<msg id="48" tool="runtool">
  <type>app-exit-code</type>
  <arg>1</arg>
</msg>
<msg id="49" tool="runtool">
  <type>marker-file</type>
  <arg>/home/asl/Lorenzo/ASL-project-team28/MyResults/e000/trc000/trc000.advixe</arg>
</msg>
<msg id="50" tool="runtool">
  <type>collector-done</type>
</msg>
<msg id="51" tool="runtool">
  <type>log-end</type>
  <arg>2023/06/02 12:43:54</arg>
</msg>

</log>

