<?xml version="1.0" encoding="utf-8" ?>
<!-- DO NOT EDIT THIS FILE -->

<log version='2.0' source='trc'>
	<msg id='1' display='false' source='trc'>
		<type>PROCESS_START</type>
		<severity>INFO</severity>
		<timestamp>Fri Jun  2 17:46:32 2023</timestamp>
		<arg name='process'>/home/asl/Lorenzo/ASL-project-team28/bin</arg>
		<arg name='pid'>287887</arg>
	</msg>
	<!-- Instrumentation filter's state:
    Patterns applicability:
        Generic loop pattern.....................: disabled
        Generic loop pattern (with dynamic jumps): disabled
        Known trip value loop pattern............: disabled
        Runtime final value loop pattern.........: disabled
        No initial IV loop pattern...............: disabled
        IV step only loop pattern................: disabled
        No entry loop pattern....................: disabled
    Clustered memory model (CMM) applicability:
        Generic loop pattern.....................: enabled
        Generic loop pattern (with dynamic jumps): enabled
        Known trip value loop pattern............: enabled
        Runtime final value loop pattern.........: enabled
        No initial IV loop pattern...............: enabled
        IV step only loop pattern................: enabled
        No entry loop pattern....................: disabled
 -->
	<!-- Callstack mode:
    filter modules.........: true
    filter routines........: true
    count loops............: false
    count flops............: true
    trace..................: false
    extended trace.........: false
    omp trace..............: false
    jit trace..............: false
    failures trace.........: false
    dump raw...............: false
    dump final.............: false
    dump all...............: false
    stack stitching........: true
    stl profiling..........: true
    aggressive frame switch: true
    unwind frame exit......: true
    analyze child loops....: true
 -->
	<!-- Managed application profiling: -->
	<!-- 	State...................: enabled -->
	<!-- Gpu Profiling: -->
	<!-- 	State: disabled -->
	<!-- Creating caches according to description: 4:32k:8w/256k:4w/1:6144k:12w -->
	<!-- Created cache simulator with the following features: set locker, random set sampler, fast random set mapper, bb attribution, default tag, empty feature with size 6291456, associativity 12, and sampling 0.100000 -->
	<!-- Created cache simulator with the following features: empty feature, random set sampler, fast random set mapper, bb attribution, default tag, empty feature with size 262144, associativity 4, and sampling 0.100000 -->
	<!-- Created cache simulator with the following features: empty feature, random set sampler, fast random set mapper, bb attribution, default tag, empty feature with size 262144, associativity 4, and sampling 0.100000 -->
	<!-- Created cache simulator with the following features: empty feature, random set sampler, fast random set mapper, bb attribution, default tag, empty feature with size 262144, associativity 4, and sampling 0.100000 -->
	<!-- Created cache simulator with the following features: empty feature, random set sampler, fast random set mapper, bb attribution, default tag, empty feature with size 262144, associativity 4, and sampling 0.100000 -->
	<!-- Created cache simulator with the following features: empty feature, random set sampler, fast random set mapper, bb attribution, default tag, empty feature with size 32768, associativity 8, and sampling 0.100000 -->
	<!-- Created cache simulator with the following features: empty feature, random set sampler, fast random set mapper, bb attribution, default tag, empty feature with size 32768, associativity 8, and sampling 0.100000 -->
	<!-- Created cache simulator with the following features: empty feature, random set sampler, fast random set mapper, bb attribution, default tag, empty feature with size 32768, associativity 8, and sampling 0.100000 -->
	<!-- Created cache simulator with the following features: empty feature, random set sampler, fast random set mapper, bb attribution, default tag, empty feature with size 32768, associativity 8, and sampling 0.100000 -->
	<!-- Cache hierarchy created. Status=success -->
	<msg id='2' display='false' source='trc'>
		<type>PROCESS_ANALYSIS_MODE</type>
		<severity>INFO</severity>
		<timestamp>Fri Jun  2 17:46:32 2023</timestamp>
		<arg name='mode'>full</arg>
	</msg>
	<!-- Update image info for [1:0x55D9C81D6000:YN] /home/asl/Lorenzo/ASL-project-team28/bin -->
	<msg id='3' display='false' source='trc'>
		<type>LOAD_MODULE</type>
		<severity>INFO</severity>
		<timestamp>Fri Jun  2 17:46:32 2023</timestamp>
		<arg name='module'>/home/asl/Lorenzo/ASL-project-team28/bin</arg>
		<arg name='basement'>0x55d9c81d6000</arg>
		<arg name='ceiling'>0x55d9c81f23b7</arg>
		<arg name='symtab'>yes</arg>
	</msg>
	<!-- Instrumenting image: id = 1, name = /home/asl/Lorenzo/ASL-project-team28/bin -->
	<!-- Update image info for [2:0x7F5FDFF68000:NN] /lib64/ld-linux-x86-64.so.2 -->
	<msg id='4' display='false' source='trc'>
		<type>LOAD_MODULE</type>
		<severity>INFO</severity>
		<timestamp>Fri Jun  2 17:46:32 2023</timestamp>
		<arg name='module'>/lib64/ld-linux-x86-64.so.2</arg>
		<arg name='basement'>0x7f5fdff68000</arg>
		<arg name='ceiling'>0x7f5fdff94177</arg>
		<arg name='symtab'>no</arg>
	</msg>
	<!-- Instrumentation of /lib64/ld-linux-x86-64.so.2 image skipped because of filter conditions [cs-mode]. -->
	<!-- Update image info for [3:0x7FFCF2312000:NN] [vdso] -->
	<msg id='5' display='false' source='trc'>
		<type>LOAD_MODULE</type>
		<severity>INFO</severity>
		<timestamp>Fri Jun  2 17:46:32 2023</timestamp>
		<arg name='module'>[vdso]</arg>
		<arg name='basement'>0x7ffcf2312000</arg>
		<arg name='ceiling'>0x7ffcf2312c64</arg>
		<arg name='symtab'>no</arg>
	</msg>
	<!-- Instrumentation of [vdso] image skipped because of filter conditions [cs-mode]. -->
	<!-- Update image info for [4:0x7F5FC8C81000:YN] /opt/intel/oneapi/mkl/2023.0.0/lib/intel64/libmkl_intel_lp64.so.2 -->
	<msg id='6' display='false' source='trc'>
		<type>LOAD_MODULE</type>
		<severity>INFO</severity>
		<timestamp>Fri Jun  2 17:46:33 2023</timestamp>
		<arg name='module'>/opt/intel/oneapi/mkl/2023.0.0/lib/intel64/libmkl_intel_lp64.so.2</arg>
		<arg name='basement'>0x7f5fc8c81000</arg>
		<arg name='ceiling'>0x7f5fc9eac65f</arg>
		<arg name='symtab'>yes</arg>
	</msg>
	<!-- Instrumenting image: id = 4, name = /opt/intel/oneapi/mkl/2023.0.0/lib/intel64/libmkl_intel_lp64.so.2 -->
	<!-- Update image info for [5:0x7F5FC71F9000:YN] /opt/intel/oneapi/mkl/2023.0.0/lib/intel64/libmkl_sequential.so.2 -->
	<msg id='7' display='false' source='trc'>
		<type>LOAD_MODULE</type>
		<severity>INFO</severity>
		<timestamp>Fri Jun  2 17:46:38 2023</timestamp>
		<arg name='module'>/opt/intel/oneapi/mkl/2023.0.0/lib/intel64/libmkl_sequential.so.2</arg>
		<arg name='basement'>0x7f5fc71f9000</arg>
		<arg name='ceiling'>0x7f5fc8c2e88f</arg>
		<arg name='symtab'>yes</arg>
	</msg>
	<!-- Instrumenting image: id = 5, name = /opt/intel/oneapi/mkl/2023.0.0/lib/intel64/libmkl_sequential.so.2 -->
	<!-- Update image info for [6:0x7F5FC2DF1000:YN] /opt/intel/oneapi/mkl/2023.0.0/lib/intel64/libmkl_core.so.2 -->
	<msg id='8' display='false' source='trc'>
		<type>LOAD_MODULE</type>
		<severity>INFO</severity>
		<timestamp>Fri Jun  2 17:46:48 2023</timestamp>
		<arg name='module'>/opt/intel/oneapi/mkl/2023.0.0/lib/intel64/libmkl_core.so.2</arg>
		<arg name='basement'>0x7f5fc2df1000</arg>
		<arg name='ceiling'>0x7f5fc71d2e5f</arg>
		<arg name='symtab'>yes</arg>
	</msg>
	<!-- Instrumenting image: id = 6, name = /opt/intel/oneapi/mkl/2023.0.0/lib/intel64/libmkl_core.so.2 -->
	<!-- skipping routine "__mkl_cpu_detect_and_load_dll", reason cannot build control-flow graph (HasDynamicJumps) -->
	<!-- skipping routine "mkl_blas_xdgemm", reason cannot build control-flow graph (HasDynamicJumps) -->
	<!-- Update image info for [7:0x7F5FC2AA4000:NN] /lib/x86_64-linux-gnu/libstdc++.so.6 -->
	<msg id='9' display='false' source='trc'>
		<type>LOAD_MODULE</type>
		<severity>INFO</severity>
		<timestamp>Fri Jun  2 17:47:11 2023</timestamp>
		<arg name='module'>/lib/x86_64-linux-gnu/libstdc++.so.6</arg>
		<arg name='basement'>0x7f5fc2aa4000</arg>
		<arg name='ceiling'>0x7f5fc2c707ff</arg>
		<arg name='symtab'>no</arg>
	</msg>
	<!-- Instrumentation of /lib/x86_64-linux-gnu/libstdc++.so.6 image skipped because of filter conditions [cs-mode]. -->
	<!-- Update image info for [8:0x7F5FC293F000:NN] /lib/x86_64-linux-gnu/libm.so.6 -->
	<msg id='10' display='false' source='trc'>
		<type>LOAD_MODULE</type>
		<severity>INFO</severity>
		<timestamp>Fri Jun  2 17:47:11 2023</timestamp>
		<arg name='module'>/lib/x86_64-linux-gnu/libm.so.6</arg>
		<arg name='basement'>0x7f5fc293f000</arg>
		<arg name='ceiling'>0x7f5fc2a8210f</arg>
		<arg name='symtab'>no</arg>
	</msg>
	<!-- Instrumentation of /lib/x86_64-linux-gnu/libm.so.6 image skipped because of filter conditions [cs-mode]. -->
	<!-- Update image info for [9:0x7F5FC2913000:NN] /lib/x86_64-linux-gnu/libmvec.so.1 -->
	<msg id='11' display='false' source='trc'>
		<type>LOAD_MODULE</type>
		<severity>INFO</severity>
		<timestamp>Fri Jun  2 17:47:11 2023</timestamp>
		<arg name='module'>/lib/x86_64-linux-gnu/libmvec.so.1</arg>
		<arg name='basement'>0x7f5fc2913000</arg>
		<arg name='ceiling'>0x7f5fc293e127</arg>
		<arg name='symtab'>no</arg>
	</msg>
	<!-- Instrumentation of /lib/x86_64-linux-gnu/libmvec.so.1 image skipped because of filter conditions [cs-mode]. -->
	<!-- Update image info for [10:0x7F5FC28D8000:NN] /lib/x86_64-linux-gnu/libgcc_s.so.1 -->
	<msg id='12' display='false' source='trc'>
		<type>LOAD_MODULE</type>
		<severity>INFO</severity>
		<timestamp>Fri Jun  2 17:47:11 2023</timestamp>
		<arg name='module'>/lib/x86_64-linux-gnu/libgcc_s.so.1</arg>
		<arg name='basement'>0x7f5fc28d8000</arg>
		<arg name='ceiling'>0x7f5fc28f1447</arg>
		<arg name='symtab'>no</arg>
	</msg>
	<!-- Instrumentation of /lib/x86_64-linux-gnu/libgcc_s.so.1 image skipped because of filter conditions [cs-mode]. -->
	<!-- Update image info for [11:0x7F5FC2704000:NN] /lib/x86_64-linux-gnu/libc.so.6 -->
	<msg id='13' display='false' source='trc'>
		<type>LOAD_MODULE</type>
		<severity>INFO</severity>
		<timestamp>Fri Jun  2 17:47:11 2023</timestamp>
		<arg name='module'>/lib/x86_64-linux-gnu/libc.so.6</arg>
		<arg name='basement'>0x7f5fc2704000</arg>
		<arg name='ceiling'>0x7f5fc28d767f</arg>
		<arg name='symtab'>no</arg>
	</msg>
	<!-- Instrumentation of /lib/x86_64-linux-gnu/libc.so.6 image skipped because of filter conditions. -->
	<!-- Update image info for [12:0x7F5FC26FE000:NN] /lib/x86_64-linux-gnu/libdl.so.2 -->
	<msg id='14' display='false' source='trc'>
		<type>LOAD_MODULE</type>
		<severity>INFO</severity>
		<timestamp>Fri Jun  2 17:47:11 2023</timestamp>
		<arg name='module'>/lib/x86_64-linux-gnu/libdl.so.2</arg>
		<arg name='basement'>0x7f5fc26fe000</arg>
		<arg name='ceiling'>0x7f5fc270310f</arg>
		<arg name='symtab'>no</arg>
	</msg>
	<!-- Instrumentation of /lib/x86_64-linux-gnu/libdl.so.2 image skipped because of filter conditions [cs-mode]. -->
	<!-- Update image info for [13:0x7F5FC26CF000:YN] /lib/x86_64-linux-gnu/libpthread.so.0 -->
	<msg id='15' display='false' source='trc'>
		<type>LOAD_MODULE</type>
		<severity>INFO</severity>
		<timestamp>Fri Jun  2 17:47:11 2023</timestamp>
		<arg name='module'>/lib/x86_64-linux-gnu/libpthread.so.0</arg>
		<arg name='basement'>0x7f5fc26cf000</arg>
		<arg name='ceiling'>0x7f5fc26f046f</arg>
		<arg name='symtab'>yes</arg>
	</msg>
	<!-- Instrumentation of /lib/x86_64-linux-gnu/libpthread.so.0 image skipped because of filter conditions [cs-mode]. -->
	<!-- Update image info for [14:0x7F5FAD143000:YN] /opt/intel/oneapi/mkl/2023.0.0/lib/intel64/libmkl_avx2.so.2 -->
	<msg id='16' display='false' source='trc'>
		<type>LOAD_MODULE</type>
		<severity>INFO</severity>
		<timestamp>Fri Jun  2 17:47:12 2023</timestamp>
		<arg name='module'>/opt/intel/oneapi/mkl/2023.0.0/lib/intel64/libmkl_avx2.so.2</arg>
		<arg name='basement'>0x7f5fad143000</arg>
		<arg name='ceiling'>0x7f5fb0012247</arg>
		<arg name='symtab'>yes</arg>
	</msg>
	<!-- Instrumentation of /opt/intel/oneapi/mkl/2023.0.0/lib/intel64/libmkl_avx2.so.2 image skipped because of filter conditions [cs-mode]. -->
	<!-- Update image info for [15:0x7F5FB80D6000:YN] /opt/intel/oneapi/mkl/2023.0.0/lib/intel64/libmkl_vml_avx2.so.2 -->
	<msg id='17' display='false' source='trc'>
		<type>LOAD_MODULE</type>
		<severity>INFO</severity>
		<timestamp>Fri Jun  2 17:47:12 2023</timestamp>
		<arg name='module'>/opt/intel/oneapi/mkl/2023.0.0/lib/intel64/libmkl_vml_avx2.so.2</arg>
		<arg name='basement'>0x7f5fb80d6000</arg>
		<arg name='ceiling'>0x7f5fb8ec2b6f</arg>
		<arg name='symtab'>yes</arg>
	</msg>
	<!-- Instrumentation of /opt/intel/oneapi/mkl/2023.0.0/lib/intel64/libmkl_vml_avx2.so.2 image skipped because of filter conditions [cs-mode]. -->
</log>
	<msg id='18' display='false' source='trc'>
		<type>UNLOAD_MODULE</type>
		<severity>INFO</severity>
		<timestamp>Fri Jun  2 17:47:16 2023</timestamp>
		<arg name='module'>/home/asl/Lorenzo/ASL-project-team28/bin</arg>
	</msg>
	<msg id='19' display='false' source='trc'>
		<type>UNLOAD_MODULE</type>
		<severity>INFO</severity>
		<timestamp>Fri Jun  2 17:47:16 2023</timestamp>
		<arg name='module'>/lib64/ld-linux-x86-64.so.2</arg>
	</msg>
	<msg id='20' display='false' source='trc'>
		<type>UNLOAD_MODULE</type>
		<severity>INFO</severity>
		<timestamp>Fri Jun  2 17:47:16 2023</timestamp>
		<arg name='module'>[vdso]</arg>
	</msg>
	<msg id='21' display='false' source='trc'>
		<type>UNLOAD_MODULE</type>
		<severity>INFO</severity>
		<timestamp>Fri Jun  2 17:47:16 2023</timestamp>
		<arg name='module'>/opt/intel/oneapi/mkl/2023.0.0/lib/intel64/libmkl_intel_lp64.so.2</arg>
	</msg>
	<msg id='22' display='false' source='trc'>
		<type>UNLOAD_MODULE</type>
		<severity>INFO</severity>
		<timestamp>Fri Jun  2 17:47:16 2023</timestamp>
		<arg name='module'>/opt/intel/oneapi/mkl/2023.0.0/lib/intel64/libmkl_sequential.so.2</arg>
	</msg>
	<msg id='23' display='false' source='trc'>
		<type>UNLOAD_MODULE</type>
		<severity>INFO</severity>
		<timestamp>Fri Jun  2 17:47:16 2023</timestamp>
		<arg name='module'>/opt/intel/oneapi/mkl/2023.0.0/lib/intel64/libmkl_core.so.2</arg>
	</msg>
	<msg id='24' display='false' source='trc'>
		<type>UNLOAD_MODULE</type>
		<severity>INFO</severity>
		<timestamp>Fri Jun  2 17:47:16 2023</timestamp>
		<arg name='module'>/lib/x86_64-linux-gnu/libstdc++.so.6</arg>
	</msg>
	<msg id='25' display='false' source='trc'>
		<type>UNLOAD_MODULE</type>
		<severity>INFO</severity>
		<timestamp>Fri Jun  2 17:47:16 2023</timestamp>
		<arg name='module'>/lib/x86_64-linux-gnu/libm.so.6</arg>
	</msg>
	<msg id='26' display='false' source='trc'>
		<type>UNLOAD_MODULE</type>
		<severity>INFO</severity>
		<timestamp>Fri Jun  2 17:47:16 2023</timestamp>
		<arg name='module'>/lib/x86_64-linux-gnu/libmvec.so.1</arg>
	</msg>
	<msg id='27' display='false' source='trc'>
		<type>UNLOAD_MODULE</type>
		<severity>INFO</severity>
		<timestamp>Fri Jun  2 17:47:16 2023</timestamp>
		<arg name='module'>/lib/x86_64-linux-gnu/libgcc_s.so.1</arg>
	</msg>
	<msg id='28' display='false' source='trc'>
		<type>UNLOAD_MODULE</type>
		<severity>INFO</severity>
		<timestamp>Fri Jun  2 17:47:16 2023</timestamp>
		<arg name='module'>/lib/x86_64-linux-gnu/libc.so.6</arg>
	</msg>
	<msg id='29' display='false' source='trc'>
		<type>UNLOAD_MODULE</type>
		<severity>INFO</severity>
		<timestamp>Fri Jun  2 17:47:16 2023</timestamp>
		<arg name='module'>/lib/x86_64-linux-gnu/libdl.so.2</arg>
	</msg>
	<msg id='30' display='false' source='trc'>
		<type>UNLOAD_MODULE</type>
		<severity>INFO</severity>
		<timestamp>Fri Jun  2 17:47:16 2023</timestamp>
		<arg name='module'>/lib/x86_64-linux-gnu/libpthread.so.0</arg>
	</msg>
	<msg id='31' display='false' source='trc'>
		<type>UNLOAD_MODULE</type>
		<severity>INFO</severity>
		<timestamp>Fri Jun  2 17:47:16 2023</timestamp>
		<arg name='module'>/opt/intel/oneapi/mkl/2023.0.0/lib/intel64/libmkl_avx2.so.2</arg>
	</msg>
	<msg id='32' display='false' source='trc'>
		<type>UNLOAD_MODULE</type>
		<severity>INFO</severity>
		<timestamp>Fri Jun  2 17:47:16 2023</timestamp>
		<arg name='module'>/opt/intel/oneapi/mkl/2023.0.0/lib/intel64/libmkl_vml_avx2.so.2</arg>
	</msg>
	<msg id='33' display='false' source='trc'>
		<type>PROCESS_FINISH</type>
		<severity>INFO</severity>
		<timestamp>Fri Jun  2 17:47:16 2023</timestamp>
		<arg name='process'>/home/asl/Lorenzo/ASL-project-team28/bin</arg>
		<arg name='pid'>287887</arg>
		<arg name='exitcode'>0x1</arg>
	</msg>
	<!-- Application exited with code 1 -->
</log>