10 [139753595959232] INFO perfrun.launcher <> - Launcher main begin
11 [139753595959232] INFO perfrun.launcher <> - MessageCatalogInit finished
11 [139753595959232] INFO perfrun.launcher <> - Launcher instance created
11 [139753595959232] INFO perfrun.launcher <> - argc = 6; cmdline = /opt/intel/oneapi/advisor/2023.0.0/bin64/advixe-runss -dump-vdso -r /home/asl/Lorenzo/ASL-project-team28/MyResults/e000/hs000 --tmp-dir /tmp/advixe-tmp-asl 
54 [139753595959232] INFO perfrun.launcher <> - create msngr2::ICliToolContext
55 [139753595959232] INFO perfrun.launcher <> - create file finder object
55 [139753586611968] INFO perfrun.launcher <> - plugin [remoteplug] was disabled because it doesn't support the given collection type.
55 [139753586611968] INFO perfrun.launcher <> - plugin [system] was disabled because it doesn't support the given collection type.
55 [139753586611968] INFO perfrun.vdso <> - dumping [vdso] pseudomodule
56 [139753586611968] WARN perfrun.vdso <> - could not archive [vdso], return code 5, at file: vcs/perfrun1/plugins/vdso/src/vdso_collector.cpp:264
56 [139753586611968] INFO perfrun.launcher <> - plugin [itt] was disabled because it doesn't support the given collection type.
56 [139753586611968] INFO perfrun.launcher <> - plugin [] was disabled because it doesn't support the given collection type.
56 [139753586611968] INFO perfrun.launcher <> - plugin [gpu] was disabled because it doesn't support the given collection type.
56 [139753586611968] INFO perfrun.launcher <> - plugin [] was disabled because it doesn't support the given collection type.
56 [139753586611968] INFO perfrun.launcher <> - plugin [] was disabled because it doesn't support the given collection type.
56 [139753586611968] INFO perfrun.launcher <> - plugin [] was disabled because it doesn't support the given collection type.
56 [139753586611968] INFO perfrun.launcher <> - plugin [mrte] was disabled because it doesn't support the given collection type.
56 [139753586611968] INFO perfrun.launcher <> - plugin [] was disabled because it doesn't support the given collection type.
56 [139753586611968] INFO perfrun.launcher <> - plugin [] was disabled because it doesn't support the given collection type.
56 [139753586611968] INFO perfrun.launcher <> - plugin [] was disabled because it doesn't support the given collection type.
56 [139753586611968] INFO perfrun.launcher <> - plugin [] was disabled because it doesn't support the given collection type.
56 [139753586611968] INFO perfrun.launcher <> - plugin [] was disabled because it doesn't support the given collection type.
56 [139753586611968] INFO perfrun.launcher <> - plugin [] was disabled because it doesn't support the given collection type.
56 [139753586611968] INFO perfrun.launcher <> - plugin [] was disabled because it doesn't support the given collection type.
56 [139753586611968] INFO perfrun.launcher <> - plugin [tpss] was disabled because it doesn't support the given collection type.
56 [139753586611968] INFO perfrun.launcher <> - plugin [] was disabled because it doesn't support the given collection type.
56 [139753586611968] INFO perfrun.launcher <> - plugin [] was disabled because it doesn't support the given collection type.
56 [139753586611968] INFO perfrun.launcher <> - plugin [] was disabled because it doesn't support the given collection type.
56 [139753586611968] INFO perfrun.launcher <> - plugin [] was disabled because it doesn't support the given collection type.
56 [139753586611968] INFO perfrun.launcher <> - plugin [] was disabled because it doesn't support the given collection type.
56 [139753586611968] INFO perfrun.launcher <> - plugin [] was disabled because it doesn't support the given collection type.
56 [139753586611968] INFO perfrun.launcher <> - plugin [] was disabled because it doesn't support the given collection type.
56 [139753586611968] INFO perfrun.launcher <> - plugin [] was disabled because it doesn't support the given collection type.
56 [139753586611968] INFO perfrun.launcher <> - plugin [] was disabled because it doesn't support the given collection type.
56 [139753595959232] INFO perfrun.launcher <> - Application exit code: 0
56 [139753595959232] INFO perfrun.launcher <> - Exit code: 0
