<?xml version="1.0" encoding="utf-8"?>
<log version="1.0" tool="runtool">

<msg id="1" tool="runtool">
  <type>log-start</type>
  <arg>2023/06/02 15:36:17</arg>
</msg>
<msg id="2" tool="runtool">
  <type>bandwidth-measurement-starts</type>
</msg>
<msg id="3" tool="runtool">
  <type>bandwidth-measurement-done</type>
</msg>
<msg id="4" tool="runtool">
  <type>collector-starts</type>
</msg>
<msg id="5" tool="runtool">
  <type>marker-file</type>
  <arg>/home/asl/Lorenzo/ASL-project-team28/MyResults/e000/trc000/trc000.advixe</arg>
</msg>
<msg id="6" tool="trc">
  <type>PROCESS_START</type>
  <arg>/home/asl/Lorenzo/ASL-project-team28/bin</arg>
  <arg>274616</arg>
  <severity>INFO</severity>
  <timestamp>Fri Jun  2 15:36:28 2023</timestamp>
</msg>
<msg id="7" tool="trc">
  <type>PROCESS_ANALYSIS_MODE</type>
  <arg>full</arg>
  <severity>INFO</severity>
  <timestamp>Fri Jun  2 15:36:28 2023</timestamp>
</msg>
<msg id="8" tool="trc">
  <type>LOAD_MODULE</type>
  <arg>/home/asl/Lorenzo/ASL-project-team28/bin</arg>
  <arg>0x564355b07000</arg>
  <arg>0x564355b1b3d7</arg>
  <arg>yes</arg>
  <severity>INFO</severity>
  <timestamp>Fri Jun  2 15:36:28 2023</timestamp>
</msg>
<msg id="9" tool="trc">
  <type>LOAD_MODULE</type>
  <arg>/lib64/ld-linux-x86-64.so.2</arg>
  <arg>0x7fd23b513000</arg>
  <arg>0x7fd23b53f177</arg>
  <arg>no</arg>
  <severity>INFO</severity>
  <timestamp>Fri Jun  2 15:36:28 2023</timestamp>
</msg>
<msg id="10" tool="trc">
  <type>LOAD_MODULE</type>
  <arg>[vdso]</arg>
  <arg>0x7fffb62f1000</arg>
  <arg>0x7fffb62f1c64</arg>
  <arg>no</arg>
  <severity>INFO</severity>
  <timestamp>Fri Jun  2 15:36:28 2023</timestamp>
</msg>
<msg id="11" tool="trc">
  <type>LOAD_MODULE</type>
  <arg>/opt/intel/oneapi/mkl/2023.0.0/lib/intel64/libmkl_intel_lp64.so.2</arg>
  <arg>0x7fd22430b000</arg>
  <arg>0x7fd22553665f</arg>
  <arg>yes</arg>
  <severity>INFO</severity>
  <timestamp>Fri Jun  2 15:36:28 2023</timestamp>
</msg>
<msg id="12" tool="trc">
  <type>LOAD_MODULE</type>
  <arg>/opt/intel/oneapi/mkl/2023.0.0/lib/intel64/libmkl_sequential.so.2</arg>
  <arg>0x7fd222892000</arg>
  <arg>0x7fd2242c788f</arg>
  <arg>yes</arg>
  <severity>INFO</severity>
  <timestamp>Fri Jun  2 15:36:33 2023</timestamp>
</msg>
<msg id="13" tool="trc">
  <type>LOAD_MODULE</type>
  <arg>/opt/intel/oneapi/mkl/2023.0.0/lib/intel64/libmkl_core.so.2</arg>
  <arg>0x7fd21e481000</arg>
  <arg>0x7fd222862e5f</arg>
  <arg>yes</arg>
  <severity>INFO</severity>
  <timestamp>Fri Jun  2 15:36:43 2023</timestamp>
</msg>
<msg id="14" tool="trc">
  <type>LOAD_MODULE</type>
  <arg>/lib/x86_64-linux-gnu/libstdc++.so.6</arg>
  <arg>0x7fd21e11e000</arg>
  <arg>0x7fd21e2ea7ff</arg>
  <arg>no</arg>
  <severity>INFO</severity>
  <timestamp>Fri Jun  2 15:37:06 2023</timestamp>
</msg>
<msg id="15" tool="trc">
  <type>LOAD_MODULE</type>
  <arg>/lib/x86_64-linux-gnu/libm.so.6</arg>
  <arg>0x7fd21dfad000</arg>
  <arg>0x7fd21e0f010f</arg>
  <arg>no</arg>
  <severity>INFO</severity>
  <timestamp>Fri Jun  2 15:37:06 2023</timestamp>
</msg>
<msg id="16" tool="trc">
  <type>LOAD_MODULE</type>
  <arg>/lib/x86_64-linux-gnu/libmvec.so.1</arg>
  <arg>0x7fd21df81000</arg>
  <arg>0x7fd21dfac127</arg>
  <arg>no</arg>
  <severity>INFO</severity>
  <timestamp>Fri Jun  2 15:37:06 2023</timestamp>
</msg>
<msg id="17" tool="trc">
  <type>LOAD_MODULE</type>
  <arg>/lib/x86_64-linux-gnu/libgcc_s.so.1</arg>
  <arg>0x7fd21df67000</arg>
  <arg>0x7fd21df80447</arg>
  <arg>no</arg>
  <severity>INFO</severity>
  <timestamp>Fri Jun  2 15:37:06 2023</timestamp>
</msg>
<msg id="18" tool="trc">
  <type>LOAD_MODULE</type>
  <arg>/lib/x86_64-linux-gnu/libc.so.6</arg>
  <arg>0x7fd21dd93000</arg>
  <arg>0x7fd21df6667f</arg>
  <arg>no</arg>
  <severity>INFO</severity>
  <timestamp>Fri Jun  2 15:37:06 2023</timestamp>
</msg>
<msg id="19" tool="trc">
  <type>LOAD_MODULE</type>
  <arg>/lib/x86_64-linux-gnu/libdl.so.2</arg>
  <arg>0x7fd21dd8d000</arg>
  <arg>0x7fd21dd9210f</arg>
  <arg>no</arg>
  <severity>INFO</severity>
  <timestamp>Fri Jun  2 15:37:07 2023</timestamp>
</msg>
<msg id="20" tool="trc">
  <type>LOAD_MODULE</type>
  <arg>/lib/x86_64-linux-gnu/libpthread.so.0</arg>
  <arg>0x7fd21dd69000</arg>
  <arg>0x7fd21dd8a46f</arg>
  <arg>yes</arg>
  <severity>INFO</severity>
  <timestamp>Fri Jun  2 15:37:07 2023</timestamp>
</msg>
<msg id="21" tool="trc">
  <type>LOAD_MODULE</type>
  <arg>/opt/intel/oneapi/mkl/2023.0.0/lib/intel64/libmkl_avx2.so.2</arg>
  <arg>0x7fd211e2d000</arg>
  <arg>0x7fd214cfc247</arg>
  <arg>yes</arg>
  <severity>INFO</severity>
  <timestamp>Fri Jun  2 15:37:07 2023</timestamp>
</msg>
<msg id="22" tool="trc">
  <type>LOAD_MODULE</type>
  <arg>/opt/intel/oneapi/mkl/2023.0.0/lib/intel64/libmkl_vml_avx2.so.2</arg>
  <arg>0x7fd20a8c0000</arg>
  <arg>0x7fd20b6acb6f</arg>
  <arg>yes</arg>
  <severity>INFO</severity>
  <timestamp>Fri Jun  2 15:37:07 2023</timestamp>
</msg>
<msg id="23" tool="trc">
  <type>PROCESS_START</type>
  <arg>/usr/bin/dash</arg>
  <arg>274623</arg>
  <severity>INFO</severity>
  <timestamp>Fri Jun  2 15:37:08 2023</timestamp>
</msg>
<msg id="24" tool="trc">
  <type>PROCESS_ANALYSIS_MODE</type>
  <arg>full</arg>
  <severity>INFO</severity>
  <timestamp>Fri Jun  2 15:37:08 2023</timestamp>
</msg>
<msg id="25" tool="trc">
  <type>LOAD_MODULE</type>
  <arg>/usr/bin/dash</arg>
  <arg>0x55d8533fd000</arg>
  <arg>0x55d85341ef6f</arg>
  <arg>no</arg>
  <severity>INFO</severity>
  <timestamp>Fri Jun  2 15:37:08 2023</timestamp>
</msg>
<msg id="26" tool="trc">
  <type>LOAD_MODULE</type>
  <arg>/lib64/ld-linux-x86-64.so.2</arg>
  <arg>0x7fbdb495e000</arg>
  <arg>0x7fbdb498a177</arg>
  <arg>no</arg>
  <severity>INFO</severity>
  <timestamp>Fri Jun  2 15:37:08 2023</timestamp>
</msg>
<msg id="27" tool="trc">
  <type>LOAD_MODULE</type>
  <arg>[vdso]</arg>
  <arg>0x7ffc487a3000</arg>
  <arg>0x7ffc487a3c64</arg>
  <arg>no</arg>
  <severity>INFO</severity>
  <timestamp>Fri Jun  2 15:37:08 2023</timestamp>
</msg>
<msg id="28" tool="trc">
  <type>LOAD_MODULE</type>
  <arg>/lib/x86_64-linux-gnu/libc.so.6</arg>
  <arg>0x7fbd9e90d000</arg>
  <arg>0x7fbd9eae067f</arg>
  <arg>no</arg>
  <severity>INFO</severity>
  <timestamp>Fri Jun  2 15:37:08 2023</timestamp>
</msg>
<msg id="29" tool="trc">
  <type>PROCESS_START</type>
  <arg>/usr/bin/ls</arg>
  <arg>274629</arg>
  <severity>INFO</severity>
  <timestamp>Fri Jun  2 15:37:08 2023</timestamp>
</msg>
<msg id="30" tool="trc">
  <type>PROCESS_ANALYSIS_MODE</type>
  <arg>full</arg>
  <severity>INFO</severity>
  <timestamp>Fri Jun  2 15:37:08 2023</timestamp>
</msg>
<msg id="31" tool="trc">
  <type>LOAD_MODULE</type>
  <arg>/usr/bin/ls</arg>
  <arg>0x55cfafd8b000</arg>
  <arg>0x55cfafdb08b7</arg>
  <arg>no</arg>
  <severity>INFO</severity>
  <timestamp>Fri Jun  2 15:37:08 2023</timestamp>
</msg>
<msg id="32" tool="trc">
  <type>LOAD_MODULE</type>
  <arg>/lib64/ld-linux-x86-64.so.2</arg>
  <arg>0x7f076cfae000</arg>
  <arg>0x7f076cfda177</arg>
  <arg>no</arg>
  <severity>INFO</severity>
  <timestamp>Fri Jun  2 15:37:08 2023</timestamp>
</msg>
<msg id="33" tool="trc">
  <type>LOAD_MODULE</type>
  <arg>[vdso]</arg>
  <arg>0x7f076cfac000</arg>
  <arg>0x7f076cfacc64</arg>
  <arg>no</arg>
  <severity>INFO</severity>
  <timestamp>Fri Jun  2 15:37:08 2023</timestamp>
</msg>
<msg id="34" tool="trc">
  <type>LOAD_MODULE</type>
  <arg>/lib/x86_64-linux-gnu/libselinux.so.1</arg>
  <arg>0x7f0757109000</arg>
  <arg>0x7f0757134607</arg>
  <arg>no</arg>
  <severity>INFO</severity>
  <timestamp>Fri Jun  2 15:37:09 2023</timestamp>
</msg>
<msg id="35" tool="trc">
  <type>LOAD_MODULE</type>
  <arg>/lib/x86_64-linux-gnu/libc.so.6</arg>
  <arg>0x7f0756e78000</arg>
  <arg>0x7f075704b67f</arg>
  <arg>no</arg>
  <severity>INFO</severity>
  <timestamp>Fri Jun  2 15:37:09 2023</timestamp>
</msg>
<msg id="36" tool="trc">
  <type>LOAD_MODULE</type>
  <arg>/lib/x86_64-linux-gnu/libpcre2-8.so.0</arg>
  <arg>0x7f0756dbe000</arg>
  <arg>0x7f0756e553a7</arg>
  <arg>no</arg>
  <severity>INFO</severity>
  <timestamp>Fri Jun  2 15:37:09 2023</timestamp>
</msg>
<msg id="37" tool="trc">
  <type>LOAD_MODULE</type>
  <arg>/lib/x86_64-linux-gnu/libdl.so.2</arg>
  <arg>0x7f0756d97000</arg>
  <arg>0x7f0756d9c10f</arg>
  <arg>no</arg>
  <severity>INFO</severity>
  <timestamp>Fri Jun  2 15:37:09 2023</timestamp>
</msg>
<msg id="38" tool="trc">
  <type>LOAD_MODULE</type>
  <arg>/lib/x86_64-linux-gnu/libpthread.so.0</arg>
  <arg>0x7f0756d58000</arg>
  <arg>0x7f0756d7946f</arg>
  <arg>yes</arg>
  <severity>INFO</severity>
  <timestamp>Fri Jun  2 15:37:09 2023</timestamp>
</msg>
<msg id="39" tool="trc">
  <type>UNLOAD_MODULE</type>
  <arg>/usr/bin/ls</arg>
  <severity>INFO</severity>
  <timestamp>Fri Jun  2 15:37:10 2023</timestamp>
</msg>
<msg id="40" tool="trc">
  <type>UNLOAD_MODULE</type>
  <arg>/lib64/ld-linux-x86-64.so.2</arg>
  <severity>INFO</severity>
  <timestamp>Fri Jun  2 15:37:10 2023</timestamp>
</msg>
<msg id="41" tool="trc">
  <type>UNLOAD_MODULE</type>
  <arg>[vdso]</arg>
  <severity>INFO</severity>
  <timestamp>Fri Jun  2 15:37:10 2023</timestamp>
</msg>
<msg id="42" tool="trc">
  <type>UNLOAD_MODULE</type>
  <arg>/lib/x86_64-linux-gnu/libselinux.so.1</arg>
  <severity>INFO</severity>
  <timestamp>Fri Jun  2 15:37:10 2023</timestamp>
</msg>
<msg id="43" tool="trc">
  <type>UNLOAD_MODULE</type>
  <arg>/lib/x86_64-linux-gnu/libc.so.6</arg>
  <severity>INFO</severity>
  <timestamp>Fri Jun  2 15:37:10 2023</timestamp>
</msg>
<msg id="44" tool="trc">
  <type>UNLOAD_MODULE</type>
  <arg>/lib/x86_64-linux-gnu/libpcre2-8.so.0</arg>
  <severity>INFO</severity>
  <timestamp>Fri Jun  2 15:37:10 2023</timestamp>
</msg>
<msg id="45" tool="trc">
  <type>UNLOAD_MODULE</type>
  <arg>/lib/x86_64-linux-gnu/libdl.so.2</arg>
  <severity>INFO</severity>
  <timestamp>Fri Jun  2 15:37:10 2023</timestamp>
</msg>
<msg id="46" tool="trc">
  <type>UNLOAD_MODULE</type>
  <arg>/lib/x86_64-linux-gnu/libpthread.so.0</arg>
  <severity>INFO</severity>
  <timestamp>Fri Jun  2 15:37:10 2023</timestamp>
</msg>
<msg id="47" tool="trc">
  <type>PROCESS_FINISH</type>
  <arg>/usr/bin/ls</arg>
  <arg>274629</arg>
  <arg>0x0</arg>
  <severity>INFO</severity>
  <timestamp>Fri Jun  2 15:37:10 2023</timestamp>
</msg>
<msg id="48" tool="runtool">
  <type>app-exit-code</type>
  <arg>1</arg>
</msg>
<msg id="49" tool="runtool">
  <type>marker-file</type>
  <arg>/home/asl/Lorenzo/ASL-project-team28/MyResults/e000/trc000/trc000.advixe</arg>
</msg>
<msg id="50" tool="runtool">
  <type>collector-done</type>
</msg>
<msg id="51" tool="runtool">
  <type>log-end</type>
  <arg>2023/06/02 15:37:16</arg>
</msg>

</log>

