<?xml version="1.0" encoding="utf-8" ?>
<!-- DO NOT EDIT THIS FILE -->

<log version='2.0' source='trc'>
	<msg id='1' display='false' source='trc'>
		<type>PROCESS_START</type>
		<severity>INFO</severity>
		<timestamp>Thu Jun  1 14:21:47 2023</timestamp>
		<arg name='process'>/home/asl/Lorenzo/ASL-project-team28/bin</arg>
		<arg name='pid'>130448</arg>
	</msg>
	<!-- Instrumentation filter's state:
    Patterns applicability:
        Generic loop pattern.....................: disabled
        Generic loop pattern (with dynamic jumps): disabled
        Known trip value loop pattern............: disabled
        Runtime final value loop pattern.........: disabled
        No initial IV loop pattern...............: disabled
        IV step only loop pattern................: disabled
        No entry loop pattern....................: disabled
    Clustered memory model (CMM) applicability:
        Generic loop pattern.....................: enabled
        Generic loop pattern (with dynamic jumps): enabled
        Known trip value loop pattern............: enabled
        Runtime final value loop pattern.........: enabled
        No initial IV loop pattern...............: enabled
        IV step only loop pattern................: enabled
        No entry loop pattern....................: disabled
 -->
	<!-- Callstack mode:
    filter modules.........: true
    filter routines........: true
    count loops............: false
    count flops............: true
    trace..................: false
    extended trace.........: false
    omp trace..............: false
    jit trace..............: false
    failures trace.........: false
    dump raw...............: false
    dump final.............: false
    dump all...............: false
    stack stitching........: true
    stl profiling..........: true
    aggressive frame switch: true
    unwind frame exit......: true
    analyze child loops....: true
 -->
	<!-- Managed application profiling: -->
	<!-- 	State...................: enabled -->
	<!-- Gpu Profiling: -->
	<!-- 	State: disabled -->
	<!-- Creating caches according to description: 4:32k:8w/256k:4w/1:6144k:12w -->
	<!-- Created cache simulator with the following features: set locker, random set sampler, fast random set mapper, bb attribution, default tag, empty feature with size 6291456, associativity 12, and sampling 0.100000 -->
	<!-- Created cache simulator with the following features: empty feature, random set sampler, fast random set mapper, bb attribution, default tag, empty feature with size 262144, associativity 4, and sampling 0.100000 -->
	<!-- Created cache simulator with the following features: empty feature, random set sampler, fast random set mapper, bb attribution, default tag, empty feature with size 262144, associativity 4, and sampling 0.100000 -->
	<!-- Created cache simulator with the following features: empty feature, random set sampler, fast random set mapper, bb attribution, default tag, empty feature with size 262144, associativity 4, and sampling 0.100000 -->
	<!-- Created cache simulator with the following features: empty feature, random set sampler, fast random set mapper, bb attribution, default tag, empty feature with size 262144, associativity 4, and sampling 0.100000 -->
	<!-- Created cache simulator with the following features: empty feature, random set sampler, fast random set mapper, bb attribution, default tag, empty feature with size 32768, associativity 8, and sampling 0.100000 -->
	<!-- Created cache simulator with the following features: empty feature, random set sampler, fast random set mapper, bb attribution, default tag, empty feature with size 32768, associativity 8, and sampling 0.100000 -->
	<!-- Created cache simulator with the following features: empty feature, random set sampler, fast random set mapper, bb attribution, default tag, empty feature with size 32768, associativity 8, and sampling 0.100000 -->
	<!-- Created cache simulator with the following features: empty feature, random set sampler, fast random set mapper, bb attribution, default tag, empty feature with size 32768, associativity 8, and sampling 0.100000 -->
	<!-- Cache hierarchy created. Status=success -->
	<msg id='2' display='false' source='trc'>
		<type>PROCESS_ANALYSIS_MODE</type>
		<severity>INFO</severity>
		<timestamp>Thu Jun  1 14:21:47 2023</timestamp>
		<arg name='mode'>full</arg>
	</msg>
	<!-- Update image info for [1:0x563561DC3000:YN] /home/asl/Lorenzo/ASL-project-team28/bin -->
	<msg id='3' display='false' source='trc'>
		<type>LOAD_MODULE</type>
		<severity>INFO</severity>
		<timestamp>Thu Jun  1 14:21:47 2023</timestamp>
		<arg name='module'>/home/asl/Lorenzo/ASL-project-team28/bin</arg>
		<arg name='basement'>0x563561dc3000</arg>
		<arg name='ceiling'>0x563561de03b7</arg>
		<arg name='symtab'>yes</arg>
	</msg>
	<!-- Instrumenting image: id = 1, name = /home/asl/Lorenzo/ASL-project-team28/bin -->
	<!-- Update image info for [2:0x7F2B50C7F000:NN] /lib64/ld-linux-x86-64.so.2 -->
	<msg id='4' display='false' source='trc'>
		<type>LOAD_MODULE</type>
		<severity>INFO</severity>
		<timestamp>Thu Jun  1 14:21:47 2023</timestamp>
		<arg name='module'>/lib64/ld-linux-x86-64.so.2</arg>
		<arg name='basement'>0x7f2b50c7f000</arg>
		<arg name='ceiling'>0x7f2b50cab177</arg>
		<arg name='symtab'>no</arg>
	</msg>
	<!-- Instrumentation of /lib64/ld-linux-x86-64.so.2 image skipped because of filter conditions [cs-mode]. -->
	<!-- Update image info for [3:0x7FFDA1F87000:NN] [vdso] -->
	<msg id='5' display='false' source='trc'>
		<type>LOAD_MODULE</type>
		<severity>INFO</severity>
		<timestamp>Thu Jun  1 14:21:47 2023</timestamp>
		<arg name='module'>[vdso]</arg>
		<arg name='basement'>0x7ffda1f87000</arg>
		<arg name='ceiling'>0x7ffda1f87c64</arg>
		<arg name='symtab'>no</arg>
	</msg>
	<!-- Instrumentation of [vdso] image skipped because of filter conditions [cs-mode]. -->
	<!-- Update image info for [4:0x7F2B399B0000:YN] /opt/intel/oneapi/mkl/2023.0.0/lib/intel64/libmkl_intel_lp64.so.2 -->
	<msg id='6' display='false' source='trc'>
		<type>LOAD_MODULE</type>
		<severity>INFO</severity>
		<timestamp>Thu Jun  1 14:21:47 2023</timestamp>
		<arg name='module'>/opt/intel/oneapi/mkl/2023.0.0/lib/intel64/libmkl_intel_lp64.so.2</arg>
		<arg name='basement'>0x7f2b399b0000</arg>
		<arg name='ceiling'>0x7f2b3abdb65f</arg>
		<arg name='symtab'>yes</arg>
	</msg>
	<!-- Instrumenting image: id = 4, name = /opt/intel/oneapi/mkl/2023.0.0/lib/intel64/libmkl_intel_lp64.so.2 -->
	<!-- Update image info for [5:0x7F2B37F30000:YN] /opt/intel/oneapi/mkl/2023.0.0/lib/intel64/libmkl_sequential.so.2 -->
	<msg id='7' display='false' source='trc'>
		<type>LOAD_MODULE</type>
		<severity>INFO</severity>
		<timestamp>Thu Jun  1 14:21:53 2023</timestamp>
		<arg name='module'>/opt/intel/oneapi/mkl/2023.0.0/lib/intel64/libmkl_sequential.so.2</arg>
		<arg name='basement'>0x7f2b37f30000</arg>
		<arg name='ceiling'>0x7f2b3996588f</arg>
		<arg name='symtab'>yes</arg>
	</msg>
	<!-- Instrumenting image: id = 5, name = /opt/intel/oneapi/mkl/2023.0.0/lib/intel64/libmkl_sequential.so.2 -->
	<!-- Update image info for [6:0x7F2B33B20000:YN] /opt/intel/oneapi/mkl/2023.0.0/lib/intel64/libmkl_core.so.2 -->
	<msg id='8' display='false' source='trc'>
		<type>LOAD_MODULE</type>
		<severity>INFO</severity>
		<timestamp>Thu Jun  1 14:22:03 2023</timestamp>
		<arg name='module'>/opt/intel/oneapi/mkl/2023.0.0/lib/intel64/libmkl_core.so.2</arg>
		<arg name='basement'>0x7f2b33b20000</arg>
		<arg name='ceiling'>0x7f2b37f01e5f</arg>
		<arg name='symtab'>yes</arg>
	</msg>
	<!-- Instrumenting image: id = 6, name = /opt/intel/oneapi/mkl/2023.0.0/lib/intel64/libmkl_core.so.2 -->
	<!-- skipping routine "__mkl_cpu_detect_and_load_dll", reason cannot build control-flow graph (HasDynamicJumps) -->
	<!-- skipping routine "mkl_blas_xdgemm", reason cannot build control-flow graph (HasDynamicJumps) -->
	<!-- Update image info for [7:0x7F2B337D3000:NN] /lib/x86_64-linux-gnu/libstdc++.so.6 -->
	<msg id='9' display='false' source='trc'>
		<type>LOAD_MODULE</type>
		<severity>INFO</severity>
		<timestamp>Thu Jun  1 14:22:26 2023</timestamp>
		<arg name='module'>/lib/x86_64-linux-gnu/libstdc++.so.6</arg>
		<arg name='basement'>0x7f2b337d3000</arg>
		<arg name='ceiling'>0x7f2b3399f7ff</arg>
		<arg name='symtab'>no</arg>
	</msg>
	<!-- Instrumentation of /lib/x86_64-linux-gnu/libstdc++.so.6 image skipped because of filter conditions [cs-mode]. -->
	<!-- Update image info for [8:0x7F2B3366E000:NN] /lib/x86_64-linux-gnu/libm.so.6 -->
	<msg id='10' display='false' source='trc'>
		<type>LOAD_MODULE</type>
		<severity>INFO</severity>
		<timestamp>Thu Jun  1 14:22:26 2023</timestamp>
		<arg name='module'>/lib/x86_64-linux-gnu/libm.so.6</arg>
		<arg name='basement'>0x7f2b3366e000</arg>
		<arg name='ceiling'>0x7f2b337b110f</arg>
		<arg name='symtab'>no</arg>
	</msg>
	<!-- Instrumentation of /lib/x86_64-linux-gnu/libm.so.6 image skipped because of filter conditions [cs-mode]. -->
	<!-- Update image info for [9:0x7F2B33642000:NN] /lib/x86_64-linux-gnu/libmvec.so.1 -->
	<msg id='11' display='false' source='trc'>
		<type>LOAD_MODULE</type>
		<severity>INFO</severity>
		<timestamp>Thu Jun  1 14:22:26 2023</timestamp>
		<arg name='module'>/lib/x86_64-linux-gnu/libmvec.so.1</arg>
		<arg name='basement'>0x7f2b33642000</arg>
		<arg name='ceiling'>0x7f2b3366d127</arg>
		<arg name='symtab'>no</arg>
	</msg>
	<!-- Instrumentation of /lib/x86_64-linux-gnu/libmvec.so.1 image skipped because of filter conditions [cs-mode]. -->
	<!-- Update image info for [10:0x7F2B33628000:NN] /lib/x86_64-linux-gnu/libgcc_s.so.1 -->
	<msg id='12' display='false' source='trc'>
		<type>LOAD_MODULE</type>
		<severity>INFO</severity>
		<timestamp>Thu Jun  1 14:22:26 2023</timestamp>
		<arg name='module'>/lib/x86_64-linux-gnu/libgcc_s.so.1</arg>
		<arg name='basement'>0x7f2b33628000</arg>
		<arg name='ceiling'>0x7f2b33641447</arg>
		<arg name='symtab'>no</arg>
	</msg>
	<!-- Instrumentation of /lib/x86_64-linux-gnu/libgcc_s.so.1 image skipped because of filter conditions [cs-mode]. -->
	<!-- Update image info for [11:0x7F2B33454000:NN] /lib/x86_64-linux-gnu/libc.so.6 -->
	<msg id='13' display='false' source='trc'>
		<type>LOAD_MODULE</type>
		<severity>INFO</severity>
		<timestamp>Thu Jun  1 14:22:26 2023</timestamp>
		<arg name='module'>/lib/x86_64-linux-gnu/libc.so.6</arg>
		<arg name='basement'>0x7f2b33454000</arg>
		<arg name='ceiling'>0x7f2b3362767f</arg>
		<arg name='symtab'>no</arg>
	</msg>
	<!-- Instrumentation of /lib/x86_64-linux-gnu/libc.so.6 image skipped because of filter conditions. -->
	<!-- Update image info for [12:0x7F2B339A1000:NN] /lib/x86_64-linux-gnu/libdl.so.2 -->
	<msg id='14' display='false' source='trc'>
		<type>LOAD_MODULE</type>
		<severity>INFO</severity>
		<timestamp>Thu Jun  1 14:22:26 2023</timestamp>
		<arg name='module'>/lib/x86_64-linux-gnu/libdl.so.2</arg>
		<arg name='basement'>0x7f2b339a1000</arg>
		<arg name='ceiling'>0x7f2b339a610f</arg>
		<arg name='symtab'>no</arg>
	</msg>
	<!-- Instrumentation of /lib/x86_64-linux-gnu/libdl.so.2 image skipped because of filter conditions [cs-mode]. -->
	<!-- Update image info for [13:0x7F2B33426000:YN] /lib/x86_64-linux-gnu/libpthread.so.0 -->
	<msg id='15' display='false' source='trc'>
		<type>LOAD_MODULE</type>
		<severity>INFO</severity>
		<timestamp>Thu Jun  1 14:22:26 2023</timestamp>
		<arg name='module'>/lib/x86_64-linux-gnu/libpthread.so.0</arg>
		<arg name='basement'>0x7f2b33426000</arg>
		<arg name='ceiling'>0x7f2b3344746f</arg>
		<arg name='symtab'>yes</arg>
	</msg>
	<!-- Instrumentation of /lib/x86_64-linux-gnu/libpthread.so.0 image skipped because of filter conditions [cs-mode]. -->
</log>
	<!-- Update image info for [14:0x7F2B1DEA5000:YN] /opt/intel/oneapi/mkl/2023.0.0/lib/intel64/libmkl_avx2.so.2 -->
	<msg id='16' display='false' source='trc'>
		<type>LOAD_MODULE</type>
		<severity>INFO</severity>
		<timestamp>Thu Jun  1 14:22:30 2023</timestamp>
		<arg name='module'>/opt/intel/oneapi/mkl/2023.0.0/lib/intel64/libmkl_avx2.so.2</arg>
		<arg name='basement'>0x7f2b1dea5000</arg>
		<arg name='ceiling'>0x7f2b20d74247</arg>
		<arg name='symtab'>yes</arg>
	</msg>
	<!-- Instrumentation of /opt/intel/oneapi/mkl/2023.0.0/lib/intel64/libmkl_avx2.so.2 image skipped because of filter conditions [cs-mode]. -->
	<!-- Update image info for [15:0x7F2B2899D000:YN] /opt/intel/oneapi/mkl/2023.0.0/lib/intel64/libmkl_vml_avx2.so.2 -->
	<msg id='17' display='false' source='trc'>
		<type>LOAD_MODULE</type>
		<severity>INFO</severity>
		<timestamp>Thu Jun  1 14:22:30 2023</timestamp>
		<arg name='module'>/opt/intel/oneapi/mkl/2023.0.0/lib/intel64/libmkl_vml_avx2.so.2</arg>
		<arg name='basement'>0x7f2b2899d000</arg>
		<arg name='ceiling'>0x7f2b29789b6f</arg>
		<arg name='symtab'>yes</arg>
	</msg>
	<!-- Instrumentation of /opt/intel/oneapi/mkl/2023.0.0/lib/intel64/libmkl_vml_avx2.so.2 image skipped because of filter conditions [cs-mode]. -->
	<msg id='18' display='false' source='trc'>
		<type>UNLOAD_MODULE</type>
		<severity>INFO</severity>
		<timestamp>Thu Jun  1 14:22:30 2023</timestamp>
		<arg name='module'>/home/asl/Lorenzo/ASL-project-team28/bin</arg>
	</msg>
	<msg id='19' display='false' source='trc'>
		<type>UNLOAD_MODULE</type>
		<severity>INFO</severity>
		<timestamp>Thu Jun  1 14:22:30 2023</timestamp>
		<arg name='module'>/lib64/ld-linux-x86-64.so.2</arg>
	</msg>
	<msg id='20' display='false' source='trc'>
		<type>UNLOAD_MODULE</type>
		<severity>INFO</severity>
		<timestamp>Thu Jun  1 14:22:30 2023</timestamp>
		<arg name='module'>[vdso]</arg>
	</msg>
	<msg id='21' display='false' source='trc'>
		<type>UNLOAD_MODULE</type>
		<severity>INFO</severity>
		<timestamp>Thu Jun  1 14:22:30 2023</timestamp>
		<arg name='module'>/opt/intel/oneapi/mkl/2023.0.0/lib/intel64/libmkl_intel_lp64.so.2</arg>
	</msg>
	<msg id='22' display='false' source='trc'>
		<type>UNLOAD_MODULE</type>
		<severity>INFO</severity>
		<timestamp>Thu Jun  1 14:22:30 2023</timestamp>
		<arg name='module'>/opt/intel/oneapi/mkl/2023.0.0/lib/intel64/libmkl_sequential.so.2</arg>
	</msg>
	<msg id='23' display='false' source='trc'>
		<type>UNLOAD_MODULE</type>
		<severity>INFO</severity>
		<timestamp>Thu Jun  1 14:22:30 2023</timestamp>
		<arg name='module'>/opt/intel/oneapi/mkl/2023.0.0/lib/intel64/libmkl_core.so.2</arg>
	</msg>
	<msg id='24' display='false' source='trc'>
		<type>UNLOAD_MODULE</type>
		<severity>INFO</severity>
		<timestamp>Thu Jun  1 14:22:30 2023</timestamp>
		<arg name='module'>/lib/x86_64-linux-gnu/libstdc++.so.6</arg>
	</msg>
	<msg id='25' display='false' source='trc'>
		<type>UNLOAD_MODULE</type>
		<severity>INFO</severity>
		<timestamp>Thu Jun  1 14:22:30 2023</timestamp>
		<arg name='module'>/lib/x86_64-linux-gnu/libm.so.6</arg>
	</msg>
	<msg id='26' display='false' source='trc'>
		<type>UNLOAD_MODULE</type>
		<severity>INFO</severity>
		<timestamp>Thu Jun  1 14:22:30 2023</timestamp>
		<arg name='module'>/lib/x86_64-linux-gnu/libmvec.so.1</arg>
	</msg>
	<msg id='27' display='false' source='trc'>
		<type>UNLOAD_MODULE</type>
		<severity>INFO</severity>
		<timestamp>Thu Jun  1 14:22:30 2023</timestamp>
		<arg name='module'>/lib/x86_64-linux-gnu/libgcc_s.so.1</arg>
	</msg>
	<msg id='28' display='false' source='trc'>
		<type>UNLOAD_MODULE</type>
		<severity>INFO</severity>
		<timestamp>Thu Jun  1 14:22:30 2023</timestamp>
		<arg name='module'>/lib/x86_64-linux-gnu/libc.so.6</arg>
	</msg>
	<msg id='29' display='false' source='trc'>
		<type>UNLOAD_MODULE</type>
		<severity>INFO</severity>
		<timestamp>Thu Jun  1 14:22:30 2023</timestamp>
		<arg name='module'>/lib/x86_64-linux-gnu/libdl.so.2</arg>
	</msg>
	<msg id='30' display='false' source='trc'>
		<type>UNLOAD_MODULE</type>
		<severity>INFO</severity>
		<timestamp>Thu Jun  1 14:22:30 2023</timestamp>
		<arg name='module'>/lib/x86_64-linux-gnu/libpthread.so.0</arg>
	</msg>
	<msg id='31' display='false' source='trc'>
		<type>UNLOAD_MODULE</type>
		<severity>INFO</severity>
		<timestamp>Thu Jun  1 14:22:30 2023</timestamp>
		<arg name='module'>/opt/intel/oneapi/mkl/2023.0.0/lib/intel64/libmkl_avx2.so.2</arg>
	</msg>
	<msg id='32' display='false' source='trc'>
		<type>UNLOAD_MODULE</type>
		<severity>INFO</severity>
		<timestamp>Thu Jun  1 14:22:30 2023</timestamp>
		<arg name='module'>/opt/intel/oneapi/mkl/2023.0.0/lib/intel64/libmkl_vml_avx2.so.2</arg>
	</msg>
	<msg id='33' display='false' source='trc'>
		<type>PROCESS_FINISH</type>
		<severity>INFO</severity>
		<timestamp>Thu Jun  1 14:22:30 2023</timestamp>
		<arg name='process'>/home/asl/Lorenzo/ASL-project-team28/bin</arg>
		<arg name='pid'>130448</arg>
		<arg name='exitcode'>0x0</arg>
	</msg>
	<!-- Application exited with code 0 -->
</log>