<?xml version="1.0" encoding="utf-8"?>
<log version="1.0" tool="runtool">

<msg id="1" tool="runtool">
  <type>log-start</type>
  <arg>2023/06/16 18:28:19</arg>
</msg>
<msg id="2" tool="runtool">
  <type>bandwidth-measurement-starts</type>
</msg>
<msg id="3" tool="runtool">
  <type>bandwidth-measurement-done</type>
</msg>
<msg id="4" tool="runtool">
  <type>collector-starts</type>
</msg>
<msg id="5" tool="runtool">
  <type>marker-file</type>
  <arg>/home/asl/Lorenzo/ASL-project-team28/MyResults/e000/trc000/trc000.advixe</arg>
</msg>
<msg id="6" tool="trc">
  <type>PROCESS_START</type>
  <arg>/home/asl/Lorenzo/ASL-project-team28/bin</arg>
  <arg>30055</arg>
  <severity>INFO</severity>
  <timestamp>Fri Jun 16 18:28:30 2023</timestamp>
</msg>
<msg id="7" tool="trc">
  <type>PROCESS_ANALYSIS_MODE</type>
  <arg>full</arg>
  <severity>INFO</severity>
  <timestamp>Fri Jun 16 18:28:30 2023</timestamp>
</msg>
<msg id="8" tool="trc">
  <type>LOAD_MODULE</type>
  <arg>/home/asl/Lorenzo/ASL-project-team28/bin</arg>
  <arg>0x55b2aa8c1000</arg>
  <arg>0x55b2aa8da3b7</arg>
  <arg>yes</arg>
  <severity>INFO</severity>
  <timestamp>Fri Jun 16 18:28:30 2023</timestamp>
</msg>
<msg id="9" tool="trc">
  <type>LOAD_MODULE</type>
  <arg>/lib64/ld-linux-x86-64.so.2</arg>
  <arg>0x7f44abc1f000</arg>
  <arg>0x7f44abc4b177</arg>
  <arg>no</arg>
  <severity>INFO</severity>
  <timestamp>Fri Jun 16 18:28:30 2023</timestamp>
</msg>
<msg id="10" tool="trc">
  <type>LOAD_MODULE</type>
  <arg>[vdso]</arg>
  <arg>0x7ffe659e5000</arg>
  <arg>0x7ffe659e5c64</arg>
  <arg>no</arg>
  <severity>INFO</severity>
  <timestamp>Fri Jun 16 18:28:30 2023</timestamp>
</msg>
<msg id="11" tool="trc">
  <type>LOAD_MODULE</type>
  <arg>/opt/intel/oneapi/mkl/2023.0.0/lib/intel64/libmkl_intel_lp64.so.2</arg>
  <arg>0x7f4494935000</arg>
  <arg>0x7f4495b6065f</arg>
  <arg>yes</arg>
  <severity>INFO</severity>
  <timestamp>Fri Jun 16 18:28:30 2023</timestamp>
</msg>
<msg id="12" tool="trc">
  <type>LOAD_MODULE</type>
  <arg>/opt/intel/oneapi/mkl/2023.0.0/lib/intel64/libmkl_sequential.so.2</arg>
  <arg>0x7f4492eb4000</arg>
  <arg>0x7f44948e988f</arg>
  <arg>yes</arg>
  <severity>INFO</severity>
  <timestamp>Fri Jun 16 18:28:35 2023</timestamp>
</msg>
<msg id="13" tool="trc">
  <type>LOAD_MODULE</type>
  <arg>/opt/intel/oneapi/mkl/2023.0.0/lib/intel64/libmkl_core.so.2</arg>
  <arg>0x7f448eaab000</arg>
  <arg>0x7f4492e8ce5f</arg>
  <arg>yes</arg>
  <severity>INFO</severity>
  <timestamp>Fri Jun 16 18:28:43 2023</timestamp>
</msg>
<msg id="14" tool="trc">
  <type>LOAD_MODULE</type>
  <arg>/lib/x86_64-linux-gnu/libstdc++.so.6</arg>
  <arg>0x7f448e75d000</arg>
  <arg>0x7f448e9297ff</arg>
  <arg>no</arg>
  <severity>INFO</severity>
  <timestamp>Fri Jun 16 18:29:03 2023</timestamp>
</msg>
<msg id="15" tool="trc">
  <type>LOAD_MODULE</type>
  <arg>/lib/x86_64-linux-gnu/libm.so.6</arg>
  <arg>0x7f448e5f7000</arg>
  <arg>0x7f448e73a10f</arg>
  <arg>no</arg>
  <severity>INFO</severity>
  <timestamp>Fri Jun 16 18:29:03 2023</timestamp>
</msg>
<msg id="16" tool="trc">
  <type>LOAD_MODULE</type>
  <arg>/lib/x86_64-linux-gnu/libmvec.so.1</arg>
  <arg>0x7f448e5cb000</arg>
  <arg>0x7f448e5f6127</arg>
  <arg>no</arg>
  <severity>INFO</severity>
  <timestamp>Fri Jun 16 18:29:03 2023</timestamp>
</msg>
<msg id="17" tool="trc">
  <type>LOAD_MODULE</type>
  <arg>/lib/x86_64-linux-gnu/libgcc_s.so.1</arg>
  <arg>0x7f448e5b1000</arg>
  <arg>0x7f448e5ca447</arg>
  <arg>no</arg>
  <severity>INFO</severity>
  <timestamp>Fri Jun 16 18:29:03 2023</timestamp>
</msg>
<msg id="18" tool="trc">
  <type>LOAD_MODULE</type>
  <arg>/lib/x86_64-linux-gnu/libc.so.6</arg>
  <arg>0x7f448e3dd000</arg>
  <arg>0x7f448e5b067f</arg>
  <arg>no</arg>
  <severity>INFO</severity>
  <timestamp>Fri Jun 16 18:29:03 2023</timestamp>
</msg>
<msg id="19" tool="trc">
  <type>LOAD_MODULE</type>
  <arg>/lib/x86_64-linux-gnu/libdl.so.2</arg>
  <arg>0x7f448e3d7000</arg>
  <arg>0x7f448e3dc10f</arg>
  <arg>no</arg>
  <severity>INFO</severity>
  <timestamp>Fri Jun 16 18:29:04 2023</timestamp>
</msg>
<msg id="20" tool="trc">
  <type>LOAD_MODULE</type>
  <arg>/lib/x86_64-linux-gnu/libpthread.so.0</arg>
  <arg>0x7f448e3ab000</arg>
  <arg>0x7f448e3cc46f</arg>
  <arg>yes</arg>
  <severity>INFO</severity>
  <timestamp>Fri Jun 16 18:29:04 2023</timestamp>
</msg>
<msg id="21" tool="trc">
  <type>PROCESS_START</type>
  <arg>/usr/bin/ls</arg>
  <arg>30069</arg>
  <severity>INFO</severity>
  <timestamp>Fri Jun 16 18:29:05 2023</timestamp>
</msg>
<msg id="22" tool="trc">
  <type>PROCESS_ANALYSIS_MODE</type>
  <arg>full</arg>
  <severity>INFO</severity>
  <timestamp>Fri Jun 16 18:29:05 2023</timestamp>
</msg>
<msg id="23" tool="trc">
  <type>LOAD_MODULE</type>
  <arg>/usr/bin/ls</arg>
  <arg>0x564bdc68c000</arg>
  <arg>0x564bdc6b18b7</arg>
  <arg>no</arg>
  <severity>INFO</severity>
  <timestamp>Fri Jun 16 18:29:05 2023</timestamp>
</msg>
<msg id="24" tool="trc">
  <type>LOAD_MODULE</type>
  <arg>/lib64/ld-linux-x86-64.so.2</arg>
  <arg>0x7f725691d000</arg>
  <arg>0x7f7256949177</arg>
  <arg>no</arg>
  <severity>INFO</severity>
  <timestamp>Fri Jun 16 18:29:05 2023</timestamp>
</msg>
<msg id="25" tool="trc">
  <type>LOAD_MODULE</type>
  <arg>[vdso]</arg>
  <arg>0x7ffc4a5cf000</arg>
  <arg>0x7ffc4a5cfc64</arg>
  <arg>no</arg>
  <severity>INFO</severity>
  <timestamp>Fri Jun 16 18:29:05 2023</timestamp>
</msg>
<msg id="26" tool="trc">
  <type>LOAD_MODULE</type>
  <arg>/lib/x86_64-linux-gnu/libselinux.so.1</arg>
  <arg>0x7f7240a0b000</arg>
  <arg>0x7f7240a36607</arg>
  <arg>no</arg>
  <severity>INFO</severity>
  <timestamp>Fri Jun 16 18:29:05 2023</timestamp>
</msg>
<msg id="27" tool="trc">
  <type>LOAD_MODULE</type>
  <arg>/lib/x86_64-linux-gnu/libc.so.6</arg>
  <arg>0x7f7240773000</arg>
  <arg>0x7f724094667f</arg>
  <arg>no</arg>
  <severity>INFO</severity>
  <timestamp>Fri Jun 16 18:29:05 2023</timestamp>
</msg>
<msg id="28" tool="trc">
  <type>LOAD_MODULE</type>
  <arg>/lib/x86_64-linux-gnu/libpcre2-8.so.0</arg>
  <arg>0x7f72406b9000</arg>
  <arg>0x7f72407503a7</arg>
  <arg>no</arg>
  <severity>INFO</severity>
  <timestamp>Fri Jun 16 18:29:05 2023</timestamp>
</msg>
<msg id="29" tool="trc">
  <type>LOAD_MODULE</type>
  <arg>/lib/x86_64-linux-gnu/libdl.so.2</arg>
  <arg>0x7f7240692000</arg>
  <arg>0x7f724069710f</arg>
  <arg>no</arg>
  <severity>INFO</severity>
  <timestamp>Fri Jun 16 18:29:05 2023</timestamp>
</msg>
<msg id="30" tool="trc">
  <type>LOAD_MODULE</type>
  <arg>/lib/x86_64-linux-gnu/libpthread.so.0</arg>
  <arg>0x7f7240654000</arg>
  <arg>0x7f724067546f</arg>
  <arg>yes</arg>
  <severity>INFO</severity>
  <timestamp>Fri Jun 16 18:29:05 2023</timestamp>
</msg>
<msg id="31" tool="trc">
  <type>UNLOAD_MODULE</type>
  <arg>/usr/bin/ls</arg>
  <severity>INFO</severity>
  <timestamp>Fri Jun 16 18:29:07 2023</timestamp>
</msg>
<msg id="32" tool="trc">
  <type>UNLOAD_MODULE</type>
  <arg>/lib64/ld-linux-x86-64.so.2</arg>
  <severity>INFO</severity>
  <timestamp>Fri Jun 16 18:29:07 2023</timestamp>
</msg>
<msg id="33" tool="trc">
  <type>UNLOAD_MODULE</type>
  <arg>[vdso]</arg>
  <severity>INFO</severity>
  <timestamp>Fri Jun 16 18:29:07 2023</timestamp>
</msg>
<msg id="34" tool="trc">
  <type>UNLOAD_MODULE</type>
  <arg>/lib/x86_64-linux-gnu/libselinux.so.1</arg>
  <severity>INFO</severity>
  <timestamp>Fri Jun 16 18:29:07 2023</timestamp>
</msg>
<msg id="35" tool="trc">
  <type>UNLOAD_MODULE</type>
  <arg>/lib/x86_64-linux-gnu/libc.so.6</arg>
  <severity>INFO</severity>
  <timestamp>Fri Jun 16 18:29:07 2023</timestamp>
</msg>
<msg id="36" tool="trc">
  <type>UNLOAD_MODULE</type>
  <arg>/lib/x86_64-linux-gnu/libpcre2-8.so.0</arg>
  <severity>INFO</severity>
  <timestamp>Fri Jun 16 18:29:07 2023</timestamp>
</msg>
<msg id="37" tool="trc">
  <type>UNLOAD_MODULE</type>
  <arg>/lib/x86_64-linux-gnu/libdl.so.2</arg>
  <severity>INFO</severity>
  <timestamp>Fri Jun 16 18:29:07 2023</timestamp>
</msg>
<msg id="38" tool="trc">
  <type>UNLOAD_MODULE</type>
  <arg>/lib/x86_64-linux-gnu/libpthread.so.0</arg>
  <severity>INFO</severity>
  <timestamp>Fri Jun 16 18:29:07 2023</timestamp>
</msg>
<msg id="39" tool="trc">
  <type>PROCESS_FINISH</type>
  <arg>/usr/bin/ls</arg>
  <arg>30069</arg>
  <arg>0x0</arg>
  <severity>INFO</severity>
  <timestamp>Fri Jun 16 18:29:07 2023</timestamp>
</msg>
<msg id="40" tool="trc">
  <type>PROCESS_START</type>
  <arg>/usr/bin/dash</arg>
  <arg>30063</arg>
  <severity>INFO</severity>
  <timestamp>Fri Jun 16 18:29:04 2023</timestamp>
</msg>
<msg id="41" tool="trc">
  <type>PROCESS_ANALYSIS_MODE</type>
  <arg>full</arg>
  <severity>INFO</severity>
  <timestamp>Fri Jun 16 18:29:04 2023</timestamp>
</msg>
<msg id="42" tool="trc">
  <type>LOAD_MODULE</type>
  <arg>/usr/bin/dash</arg>
  <arg>0x5576f7ab8000</arg>
  <arg>0x5576f7ad9f6f</arg>
  <arg>no</arg>
  <severity>INFO</severity>
  <timestamp>Fri Jun 16 18:29:04 2023</timestamp>
</msg>
<msg id="43" tool="trc">
  <type>LOAD_MODULE</type>
  <arg>/lib64/ld-linux-x86-64.so.2</arg>
  <arg>0x7f7787a94000</arg>
  <arg>0x7f7787ac0177</arg>
  <arg>no</arg>
  <severity>INFO</severity>
  <timestamp>Fri Jun 16 18:29:04 2023</timestamp>
</msg>
<msg id="44" tool="trc">
  <type>LOAD_MODULE</type>
  <arg>[vdso]</arg>
  <arg>0x7ffe4a379000</arg>
  <arg>0x7ffe4a379c64</arg>
  <arg>no</arg>
  <severity>INFO</severity>
  <timestamp>Fri Jun 16 18:29:04 2023</timestamp>
</msg>
<msg id="45" tool="trc">
  <type>LOAD_MODULE</type>
  <arg>/lib/x86_64-linux-gnu/libc.so.6</arg>
  <arg>0x7f77719ca000</arg>
  <arg>0x7f7771b9d67f</arg>
  <arg>no</arg>
  <severity>INFO</severity>
  <timestamp>Fri Jun 16 18:29:04 2023</timestamp>
</msg>
<msg id="46" tool="runtool">
  <type>app-exit-code</type>
  <arg>0</arg>
</msg>
<msg id="47" tool="runtool">
  <type>marker-file</type>
  <arg>/home/asl/Lorenzo/ASL-project-team28/MyResults/e000/trc000/trc000.advixe</arg>
</msg>
<msg id="48" tool="runtool">
  <type>collector-done</type>
</msg>
<msg id="49" tool="runtool">
  <type>log-end</type>
  <arg>2023/06/16 18:33:53</arg>
</msg>

</log>

