<?xml version="1.0" encoding="utf-8"?>
<log version="1.0" tool="runtool">

<msg id="1" tool="runtool">
  <type>log-start</type>
  <arg>2023/06/01 08:01:34</arg>
</msg>
<msg id="2" tool="runtool">
  <type>bandwidth-measurement-starts</type>
</msg>
<msg id="3" tool="runtool">
  <type>bandwidth-measurement-done</type>
</msg>
<msg id="4" tool="runtool">
  <type>collector-starts</type>
</msg>
<msg id="5" tool="runtool">
  <type>marker-file</type>
  <arg>/home/asl/Lorenzo/ASL-project-team28/MyResults/e000/trc000/trc000.advixe</arg>
</msg>
<msg id="6" tool="trc">
  <type>PROCESS_START</type>
  <arg>/home/asl/Lorenzo/ASL-project-team28/bin</arg>
  <arg>79491</arg>
  <severity>INFO</severity>
  <timestamp>Thu Jun  1 08:01:44 2023</timestamp>
</msg>
<msg id="7" tool="trc">
  <type>PROCESS_ANALYSIS_MODE</type>
  <arg>full</arg>
  <severity>INFO</severity>
  <timestamp>Thu Jun  1 08:01:44 2023</timestamp>
</msg>
<msg id="8" tool="trc">
  <type>LOAD_MODULE</type>
  <arg>/home/asl/Lorenzo/ASL-project-team28/bin</arg>
  <arg>0x560329101000</arg>
  <arg>0x5603291153d7</arg>
  <arg>yes</arg>
  <severity>INFO</severity>
  <timestamp>Thu Jun  1 08:01:44 2023</timestamp>
</msg>
<msg id="9" tool="trc">
  <type>LOAD_MODULE</type>
  <arg>/lib64/ld-linux-x86-64.so.2</arg>
  <arg>0x7f7be5456000</arg>
  <arg>0x7f7be5482177</arg>
  <arg>no</arg>
  <severity>INFO</severity>
  <timestamp>Thu Jun  1 08:01:44 2023</timestamp>
</msg>
<msg id="10" tool="trc">
  <type>LOAD_MODULE</type>
  <arg>[vdso]</arg>
  <arg>0x7fffea5d8000</arg>
  <arg>0x7fffea5d8c64</arg>
  <arg>no</arg>
  <severity>INFO</severity>
  <timestamp>Thu Jun  1 08:01:44 2023</timestamp>
</msg>
<msg id="11" tool="trc">
  <type>LOAD_MODULE</type>
  <arg>/opt/intel/oneapi/mkl/2023.0.0/lib/intel64/libmkl_intel_lp64.so.2</arg>
  <arg>0x7f7bce1d6000</arg>
  <arg>0x7f7bcf40165f</arg>
  <arg>yes</arg>
  <severity>INFO</severity>
  <timestamp>Thu Jun  1 08:01:45 2023</timestamp>
</msg>
<msg id="12" tool="trc">
  <type>LOAD_MODULE</type>
  <arg>/opt/intel/oneapi/mkl/2023.0.0/lib/intel64/libmkl_sequential.so.2</arg>
  <arg>0x7f7bcc756000</arg>
  <arg>0x7f7bce18b88f</arg>
  <arg>yes</arg>
  <severity>INFO</severity>
  <timestamp>Thu Jun  1 08:01:51 2023</timestamp>
</msg>
<msg id="13" tool="trc">
  <type>LOAD_MODULE</type>
  <arg>/opt/intel/oneapi/mkl/2023.0.0/lib/intel64/libmkl_core.so.2</arg>
  <arg>0x7f7bc8346000</arg>
  <arg>0x7f7bcc727e5f</arg>
  <arg>yes</arg>
  <severity>INFO</severity>
  <timestamp>Thu Jun  1 08:02:01 2023</timestamp>
</msg>
<msg id="14" tool="trc">
  <type>LOAD_MODULE</type>
  <arg>/lib/x86_64-linux-gnu/libstdc++.so.6</arg>
  <arg>0x7f7bc7ff9000</arg>
  <arg>0x7f7bc81c57ff</arg>
  <arg>no</arg>
  <severity>INFO</severity>
  <timestamp>Thu Jun  1 08:02:26 2023</timestamp>
</msg>
<msg id="15" tool="trc">
  <type>LOAD_MODULE</type>
  <arg>/lib/x86_64-linux-gnu/libm.so.6</arg>
  <arg>0x7f7bc7e94000</arg>
  <arg>0x7f7bc7fd710f</arg>
  <arg>no</arg>
  <severity>INFO</severity>
  <timestamp>Thu Jun  1 08:02:26 2023</timestamp>
</msg>
<msg id="16" tool="trc">
  <type>LOAD_MODULE</type>
  <arg>/lib/x86_64-linux-gnu/libmvec.so.1</arg>
  <arg>0x7f7bc7e68000</arg>
  <arg>0x7f7bc7e93127</arg>
  <arg>no</arg>
  <severity>INFO</severity>
  <timestamp>Thu Jun  1 08:02:26 2023</timestamp>
</msg>
<msg id="17" tool="trc">
  <type>LOAD_MODULE</type>
  <arg>/lib/x86_64-linux-gnu/libgcc_s.so.1</arg>
  <arg>0x7f7bc7e4e000</arg>
  <arg>0x7f7bc7e67447</arg>
  <arg>no</arg>
  <severity>INFO</severity>
  <timestamp>Thu Jun  1 08:02:26 2023</timestamp>
</msg>
<msg id="18" tool="trc">
  <type>LOAD_MODULE</type>
  <arg>/lib/x86_64-linux-gnu/libc.so.6</arg>
  <arg>0x7f7bc7c7a000</arg>
  <arg>0x7f7bc7e4d67f</arg>
  <arg>no</arg>
  <severity>INFO</severity>
  <timestamp>Thu Jun  1 08:02:26 2023</timestamp>
</msg>
<msg id="19" tool="trc">
  <type>LOAD_MODULE</type>
  <arg>/lib/x86_64-linux-gnu/libdl.so.2</arg>
  <arg>0x7f7bc7c70000</arg>
  <arg>0x7f7bc7c7510f</arg>
  <arg>no</arg>
  <severity>INFO</severity>
  <timestamp>Thu Jun  1 08:02:26 2023</timestamp>
</msg>
<msg id="20" tool="trc">
  <type>LOAD_MODULE</type>
  <arg>/lib/x86_64-linux-gnu/libpthread.so.0</arg>
  <arg>0x7f7bc7c4c000</arg>
  <arg>0x7f7bc7c6d46f</arg>
  <arg>yes</arg>
  <severity>INFO</severity>
  <timestamp>Thu Jun  1 08:02:26 2023</timestamp>
</msg>
<msg id="21" tool="trc">
  <type>PROCESS_START</type>
  <arg>/usr/bin/dash</arg>
  <arg>79498</arg>
  <severity>INFO</severity>
  <timestamp>Thu Jun  1 08:02:27 2023</timestamp>
</msg>
<msg id="22" tool="trc">
  <type>PROCESS_ANALYSIS_MODE</type>
  <arg>full</arg>
  <severity>INFO</severity>
  <timestamp>Thu Jun  1 08:02:27 2023</timestamp>
</msg>
<msg id="23" tool="trc">
  <type>LOAD_MODULE</type>
  <arg>/usr/bin/dash</arg>
  <arg>0x556dcafe6000</arg>
  <arg>0x556dcb007f6f</arg>
  <arg>no</arg>
  <severity>INFO</severity>
  <timestamp>Thu Jun  1 08:02:27 2023</timestamp>
</msg>
<msg id="24" tool="trc">
  <type>LOAD_MODULE</type>
  <arg>/lib64/ld-linux-x86-64.so.2</arg>
  <arg>0x7f1c8a209000</arg>
  <arg>0x7f1c8a235177</arg>
  <arg>no</arg>
  <severity>INFO</severity>
  <timestamp>Thu Jun  1 08:02:27 2023</timestamp>
</msg>
<msg id="25" tool="trc">
  <type>LOAD_MODULE</type>
  <arg>[vdso]</arg>
  <arg>0x7fffd9dfa000</arg>
  <arg>0x7fffd9dfac64</arg>
  <arg>no</arg>
  <severity>INFO</severity>
  <timestamp>Thu Jun  1 08:02:27 2023</timestamp>
</msg>
<msg id="26" tool="trc">
  <type>LOAD_MODULE</type>
  <arg>/lib/x86_64-linux-gnu/libc.so.6</arg>
  <arg>0x7f1c7413a000</arg>
  <arg>0x7f1c7430d67f</arg>
  <arg>no</arg>
  <severity>INFO</severity>
  <timestamp>Thu Jun  1 08:02:27 2023</timestamp>
</msg>
<msg id="27" tool="trc">
  <type>PROCESS_START</type>
  <arg>/usr/bin/ls</arg>
  <arg>79504</arg>
  <severity>INFO</severity>
  <timestamp>Thu Jun  1 08:02:27 2023</timestamp>
</msg>
<msg id="28" tool="trc">
  <type>PROCESS_ANALYSIS_MODE</type>
  <arg>full</arg>
  <severity>INFO</severity>
  <timestamp>Thu Jun  1 08:02:27 2023</timestamp>
</msg>
<msg id="29" tool="trc">
  <type>LOAD_MODULE</type>
  <arg>/usr/bin/ls</arg>
  <arg>0x55aeb6c78000</arg>
  <arg>0x55aeb6c9d8b7</arg>
  <arg>no</arg>
  <severity>INFO</severity>
  <timestamp>Thu Jun  1 08:02:27 2023</timestamp>
</msg>
<msg id="30" tool="trc">
  <type>LOAD_MODULE</type>
  <arg>/lib64/ld-linux-x86-64.so.2</arg>
  <arg>0x7fe71b250000</arg>
  <arg>0x7fe71b27c177</arg>
  <arg>no</arg>
  <severity>INFO</severity>
  <timestamp>Thu Jun  1 08:02:27 2023</timestamp>
</msg>
<msg id="31" tool="trc">
  <type>LOAD_MODULE</type>
  <arg>[vdso]</arg>
  <arg>0x7ffd527c0000</arg>
  <arg>0x7ffd527c0c64</arg>
  <arg>no</arg>
  <severity>INFO</severity>
  <timestamp>Thu Jun  1 08:02:27 2023</timestamp>
</msg>
<msg id="32" tool="trc">
  <type>LOAD_MODULE</type>
  <arg>/lib/x86_64-linux-gnu/libselinux.so.1</arg>
  <arg>0x7fe705332000</arg>
  <arg>0x7fe70535d607</arg>
  <arg>no</arg>
  <severity>INFO</severity>
  <timestamp>Thu Jun  1 08:02:28 2023</timestamp>
</msg>
<msg id="33" tool="trc">
  <type>LOAD_MODULE</type>
  <arg>/lib/x86_64-linux-gnu/libc.so.6</arg>
  <arg>0x7fe7050ad000</arg>
  <arg>0x7fe70528067f</arg>
  <arg>no</arg>
  <severity>INFO</severity>
  <timestamp>Thu Jun  1 08:02:28 2023</timestamp>
</msg>
<msg id="34" tool="trc">
  <type>LOAD_MODULE</type>
  <arg>/lib/x86_64-linux-gnu/libpcre2-8.so.0</arg>
  <arg>0x7fe704fe7000</arg>
  <arg>0x7fe70507e3a7</arg>
  <arg>no</arg>
  <severity>INFO</severity>
  <timestamp>Thu Jun  1 08:02:28 2023</timestamp>
</msg>
<msg id="35" tool="trc">
  <type>LOAD_MODULE</type>
  <arg>/lib/x86_64-linux-gnu/libdl.so.2</arg>
  <arg>0x7fe704fc0000</arg>
  <arg>0x7fe704fc510f</arg>
  <arg>no</arg>
  <severity>INFO</severity>
  <timestamp>Thu Jun  1 08:02:28 2023</timestamp>
</msg>
<msg id="36" tool="trc">
  <type>LOAD_MODULE</type>
  <arg>/lib/x86_64-linux-gnu/libpthread.so.0</arg>
  <arg>0x7fe704f82000</arg>
  <arg>0x7fe704fa346f</arg>
  <arg>yes</arg>
  <severity>INFO</severity>
  <timestamp>Thu Jun  1 08:02:28 2023</timestamp>
</msg>
<msg id="37" tool="trc">
  <type>UNLOAD_MODULE</type>
  <arg>/usr/bin/ls</arg>
  <severity>INFO</severity>
  <timestamp>Thu Jun  1 08:02:29 2023</timestamp>
</msg>
<msg id="38" tool="trc">
  <type>UNLOAD_MODULE</type>
  <arg>/lib64/ld-linux-x86-64.so.2</arg>
  <severity>INFO</severity>
  <timestamp>Thu Jun  1 08:02:29 2023</timestamp>
</msg>
<msg id="39" tool="trc">
  <type>UNLOAD_MODULE</type>
  <arg>[vdso]</arg>
  <severity>INFO</severity>
  <timestamp>Thu Jun  1 08:02:29 2023</timestamp>
</msg>
<msg id="40" tool="trc">
  <type>UNLOAD_MODULE</type>
  <arg>/lib/x86_64-linux-gnu/libselinux.so.1</arg>
  <severity>INFO</severity>
  <timestamp>Thu Jun  1 08:02:29 2023</timestamp>
</msg>
<msg id="41" tool="trc">
  <type>UNLOAD_MODULE</type>
  <arg>/lib/x86_64-linux-gnu/libc.so.6</arg>
  <severity>INFO</severity>
  <timestamp>Thu Jun  1 08:02:29 2023</timestamp>
</msg>
<msg id="42" tool="trc">
  <type>UNLOAD_MODULE</type>
  <arg>/lib/x86_64-linux-gnu/libpcre2-8.so.0</arg>
  <severity>INFO</severity>
  <timestamp>Thu Jun  1 08:02:29 2023</timestamp>
</msg>
<msg id="43" tool="trc">
  <type>UNLOAD_MODULE</type>
  <arg>/lib/x86_64-linux-gnu/libdl.so.2</arg>
  <severity>INFO</severity>
  <timestamp>Thu Jun  1 08:02:29 2023</timestamp>
</msg>
<msg id="44" tool="trc">
  <type>UNLOAD_MODULE</type>
  <arg>/lib/x86_64-linux-gnu/libpthread.so.0</arg>
  <severity>INFO</severity>
  <timestamp>Thu Jun  1 08:02:29 2023</timestamp>
</msg>
<msg id="45" tool="trc">
  <type>PROCESS_FINISH</type>
  <arg>/usr/bin/ls</arg>
  <arg>79504</arg>
  <arg>0x0</arg>
  <severity>INFO</severity>
  <timestamp>Thu Jun  1 08:02:29 2023</timestamp>
</msg>
<msg id="46" tool="runtool">
  <type>app-exit-code</type>
  <arg>0</arg>
</msg>
<msg id="47" tool="runtool">
  <type>marker-file</type>
  <arg>/home/asl/Lorenzo/ASL-project-team28/MyResults/e000/trc000/trc000.advixe</arg>
</msg>
<msg id="48" tool="runtool">
  <type>collector-done</type>
</msg>
<msg id="49" tool="runtool">
  <type>log-end</type>
  <arg>2023/06/01 08:04:14</arg>
</msg>

</log>

