<?xml version="1.0" encoding="utf-8" ?>
<!-- DO NOT EDIT THIS FILE -->

<log version='2.0' source='trc'>
	<msg id='1' display='false' source='trc'>
		<type>PROCESS_START</type>
		<severity>INFO</severity>
		<timestamp>Thu Jun  1 08:01:44 2023</timestamp>
		<arg name='process'>/home/asl/Lorenzo/ASL-project-team28/bin</arg>
		<arg name='pid'>79491</arg>
	</msg>
	<!-- Instrumentation filter's state:
    Patterns applicability:
        Generic loop pattern.....................: disabled
        Generic loop pattern (with dynamic jumps): disabled
        Known trip value loop pattern............: disabled
        Runtime final value loop pattern.........: disabled
        No initial IV loop pattern...............: disabled
        IV step only loop pattern................: disabled
        No entry loop pattern....................: disabled
    Clustered memory model (CMM) applicability:
        Generic loop pattern.....................: enabled
        Generic loop pattern (with dynamic jumps): enabled
        Known trip value loop pattern............: enabled
        Runtime final value loop pattern.........: enabled
        No initial IV loop pattern...............: enabled
        IV step only loop pattern................: enabled
        No entry loop pattern....................: disabled
 -->
	<!-- Callstack mode:
    filter modules.........: true
    filter routines........: true
    count loops............: false
    count flops............: true
    trace..................: false
    extended trace.........: false
    omp trace..............: false
    jit trace..............: false
    failures trace.........: false
    dump raw...............: false
    dump final.............: false
    dump all...............: false
    stack stitching........: true
    stl profiling..........: true
    aggressive frame switch: true
    unwind frame exit......: true
    analyze child loops....: true
 -->
	<!-- Managed application profiling: -->
	<!-- 	State...................: enabled -->
	<!-- Gpu Profiling: -->
	<!-- 	State: disabled -->
	<!-- Creating caches according to description: 4:32k:8w/256k:4w/1:6144k:12w -->
	<!-- Created cache simulator with the following features: set locker, random set sampler, fast random set mapper, bb attribution, default tag, empty feature with size 6291456, associativity 12, and sampling 0.100000 -->
	<!-- Created cache simulator with the following features: empty feature, random set sampler, fast random set mapper, bb attribution, default tag, empty feature with size 262144, associativity 4, and sampling 0.100000 -->
	<!-- Created cache simulator with the following features: empty feature, random set sampler, fast random set mapper, bb attribution, default tag, empty feature with size 262144, associativity 4, and sampling 0.100000 -->
	<!-- Created cache simulator with the following features: empty feature, random set sampler, fast random set mapper, bb attribution, default tag, empty feature with size 262144, associativity 4, and sampling 0.100000 -->
	<!-- Created cache simulator with the following features: empty feature, random set sampler, fast random set mapper, bb attribution, default tag, empty feature with size 262144, associativity 4, and sampling 0.100000 -->
	<!-- Created cache simulator with the following features: empty feature, random set sampler, fast random set mapper, bb attribution, default tag, empty feature with size 32768, associativity 8, and sampling 0.100000 -->
	<!-- Created cache simulator with the following features: empty feature, random set sampler, fast random set mapper, bb attribution, default tag, empty feature with size 32768, associativity 8, and sampling 0.100000 -->
	<!-- Created cache simulator with the following features: empty feature, random set sampler, fast random set mapper, bb attribution, default tag, empty feature with size 32768, associativity 8, and sampling 0.100000 -->
	<!-- Created cache simulator with the following features: empty feature, random set sampler, fast random set mapper, bb attribution, default tag, empty feature with size 32768, associativity 8, and sampling 0.100000 -->
	<!-- Cache hierarchy created. Status=success -->
	<msg id='2' display='false' source='trc'>
		<type>PROCESS_ANALYSIS_MODE</type>
		<severity>INFO</severity>
		<timestamp>Thu Jun  1 08:01:44 2023</timestamp>
		<arg name='mode'>full</arg>
	</msg>
	<!-- Update image info for [1:0x560329101000:YN] /home/asl/Lorenzo/ASL-project-team28/bin -->
	<msg id='3' display='false' source='trc'>
		<type>LOAD_MODULE</type>
		<severity>INFO</severity>
		<timestamp>Thu Jun  1 08:01:44 2023</timestamp>
		<arg name='module'>/home/asl/Lorenzo/ASL-project-team28/bin</arg>
		<arg name='basement'>0x560329101000</arg>
		<arg name='ceiling'>0x5603291153d7</arg>
		<arg name='symtab'>yes</arg>
	</msg>
	<!-- Instrumenting image: id = 1, name = /home/asl/Lorenzo/ASL-project-team28/bin -->
	<!-- Update image info for [2:0x7F7BE5456000:NN] /lib64/ld-linux-x86-64.so.2 -->
	<msg id='4' display='false' source='trc'>
		<type>LOAD_MODULE</type>
		<severity>INFO</severity>
		<timestamp>Thu Jun  1 08:01:44 2023</timestamp>
		<arg name='module'>/lib64/ld-linux-x86-64.so.2</arg>
		<arg name='basement'>0x7f7be5456000</arg>
		<arg name='ceiling'>0x7f7be5482177</arg>
		<arg name='symtab'>no</arg>
	</msg>
	<!-- Instrumentation of /lib64/ld-linux-x86-64.so.2 image skipped because of filter conditions [cs-mode]. -->
	<!-- Update image info for [3:0x7FFFEA5D8000:NN] [vdso] -->
	<msg id='5' display='false' source='trc'>
		<type>LOAD_MODULE</type>
		<severity>INFO</severity>
		<timestamp>Thu Jun  1 08:01:44 2023</timestamp>
		<arg name='module'>[vdso]</arg>
		<arg name='basement'>0x7fffea5d8000</arg>
		<arg name='ceiling'>0x7fffea5d8c64</arg>
		<arg name='symtab'>no</arg>
	</msg>
	<!-- Instrumentation of [vdso] image skipped because of filter conditions [cs-mode]. -->
	<!-- Update image info for [4:0x7F7BCE1D6000:YN] /opt/intel/oneapi/mkl/2023.0.0/lib/intel64/libmkl_intel_lp64.so.2 -->
	<msg id='6' display='false' source='trc'>
		<type>LOAD_MODULE</type>
		<severity>INFO</severity>
		<timestamp>Thu Jun  1 08:01:45 2023</timestamp>
		<arg name='module'>/opt/intel/oneapi/mkl/2023.0.0/lib/intel64/libmkl_intel_lp64.so.2</arg>
		<arg name='basement'>0x7f7bce1d6000</arg>
		<arg name='ceiling'>0x7f7bcf40165f</arg>
		<arg name='symtab'>yes</arg>
	</msg>
	<!-- Instrumenting image: id = 4, name = /opt/intel/oneapi/mkl/2023.0.0/lib/intel64/libmkl_intel_lp64.so.2 -->
	<!-- Update image info for [5:0x7F7BCC756000:YN] /opt/intel/oneapi/mkl/2023.0.0/lib/intel64/libmkl_sequential.so.2 -->
	<msg id='7' display='false' source='trc'>
		<type>LOAD_MODULE</type>
		<severity>INFO</severity>
		<timestamp>Thu Jun  1 08:01:51 2023</timestamp>
		<arg name='module'>/opt/intel/oneapi/mkl/2023.0.0/lib/intel64/libmkl_sequential.so.2</arg>
		<arg name='basement'>0x7f7bcc756000</arg>
		<arg name='ceiling'>0x7f7bce18b88f</arg>
		<arg name='symtab'>yes</arg>
	</msg>
	<!-- Instrumenting image: id = 5, name = /opt/intel/oneapi/mkl/2023.0.0/lib/intel64/libmkl_sequential.so.2 -->
	<!-- Update image info for [6:0x7F7BC8346000:YN] /opt/intel/oneapi/mkl/2023.0.0/lib/intel64/libmkl_core.so.2 -->
	<msg id='8' display='false' source='trc'>
		<type>LOAD_MODULE</type>
		<severity>INFO</severity>
		<timestamp>Thu Jun  1 08:02:01 2023</timestamp>
		<arg name='module'>/opt/intel/oneapi/mkl/2023.0.0/lib/intel64/libmkl_core.so.2</arg>
		<arg name='basement'>0x7f7bc8346000</arg>
		<arg name='ceiling'>0x7f7bcc727e5f</arg>
		<arg name='symtab'>yes</arg>
	</msg>
	<!-- Instrumenting image: id = 6, name = /opt/intel/oneapi/mkl/2023.0.0/lib/intel64/libmkl_core.so.2 -->
	<!-- skipping routine "__mkl_cpu_detect_and_load_dll", reason cannot build control-flow graph (HasDynamicJumps) -->
	<!-- skipping routine "mkl_blas_xdgemm", reason cannot build control-flow graph (HasDynamicJumps) -->
	<!-- Update image info for [7:0x7F7BC7FF9000:NN] /lib/x86_64-linux-gnu/libstdc++.so.6 -->
	<msg id='9' display='false' source='trc'>
		<type>LOAD_MODULE</type>
		<severity>INFO</severity>
		<timestamp>Thu Jun  1 08:02:26 2023</timestamp>
		<arg name='module'>/lib/x86_64-linux-gnu/libstdc++.so.6</arg>
		<arg name='basement'>0x7f7bc7ff9000</arg>
		<arg name='ceiling'>0x7f7bc81c57ff</arg>
		<arg name='symtab'>no</arg>
	</msg>
	<!-- Instrumentation of /lib/x86_64-linux-gnu/libstdc++.so.6 image skipped because of filter conditions [cs-mode]. -->
	<!-- Update image info for [8:0x7F7BC7E94000:NN] /lib/x86_64-linux-gnu/libm.so.6 -->
	<msg id='10' display='false' source='trc'>
		<type>LOAD_MODULE</type>
		<severity>INFO</severity>
		<timestamp>Thu Jun  1 08:02:26 2023</timestamp>
		<arg name='module'>/lib/x86_64-linux-gnu/libm.so.6</arg>
		<arg name='basement'>0x7f7bc7e94000</arg>
		<arg name='ceiling'>0x7f7bc7fd710f</arg>
		<arg name='symtab'>no</arg>
	</msg>
	<!-- Instrumentation of /lib/x86_64-linux-gnu/libm.so.6 image skipped because of filter conditions [cs-mode]. -->
	<!-- Update image info for [9:0x7F7BC7E68000:NN] /lib/x86_64-linux-gnu/libmvec.so.1 -->
	<msg id='11' display='false' source='trc'>
		<type>LOAD_MODULE</type>
		<severity>INFO</severity>
		<timestamp>Thu Jun  1 08:02:26 2023</timestamp>
		<arg name='module'>/lib/x86_64-linux-gnu/libmvec.so.1</arg>
		<arg name='basement'>0x7f7bc7e68000</arg>
		<arg name='ceiling'>0x7f7bc7e93127</arg>
		<arg name='symtab'>no</arg>
	</msg>
	<!-- Instrumentation of /lib/x86_64-linux-gnu/libmvec.so.1 image skipped because of filter conditions [cs-mode]. -->
	<!-- Update image info for [10:0x7F7BC7E4E000:NN] /lib/x86_64-linux-gnu/libgcc_s.so.1 -->
	<msg id='12' display='false' source='trc'>
		<type>LOAD_MODULE</type>
		<severity>INFO</severity>
		<timestamp>Thu Jun  1 08:02:26 2023</timestamp>
		<arg name='module'>/lib/x86_64-linux-gnu/libgcc_s.so.1</arg>
		<arg name='basement'>0x7f7bc7e4e000</arg>
		<arg name='ceiling'>0x7f7bc7e67447</arg>
		<arg name='symtab'>no</arg>
	</msg>
	<!-- Instrumentation of /lib/x86_64-linux-gnu/libgcc_s.so.1 image skipped because of filter conditions [cs-mode]. -->
	<!-- Update image info for [11:0x7F7BC7C7A000:NN] /lib/x86_64-linux-gnu/libc.so.6 -->
	<msg id='13' display='false' source='trc'>
		<type>LOAD_MODULE</type>
		<severity>INFO</severity>
		<timestamp>Thu Jun  1 08:02:26 2023</timestamp>
		<arg name='module'>/lib/x86_64-linux-gnu/libc.so.6</arg>
		<arg name='basement'>0x7f7bc7c7a000</arg>
		<arg name='ceiling'>0x7f7bc7e4d67f</arg>
		<arg name='symtab'>no</arg>
	</msg>
	<!-- Instrumentation of /lib/x86_64-linux-gnu/libc.so.6 image skipped because of filter conditions. -->
	<!-- Update image info for [12:0x7F7BC7C70000:NN] /lib/x86_64-linux-gnu/libdl.so.2 -->
	<msg id='14' display='false' source='trc'>
		<type>LOAD_MODULE</type>
		<severity>INFO</severity>
		<timestamp>Thu Jun  1 08:02:26 2023</timestamp>
		<arg name='module'>/lib/x86_64-linux-gnu/libdl.so.2</arg>
		<arg name='basement'>0x7f7bc7c70000</arg>
		<arg name='ceiling'>0x7f7bc7c7510f</arg>
		<arg name='symtab'>no</arg>
	</msg>
	<!-- Instrumentation of /lib/x86_64-linux-gnu/libdl.so.2 image skipped because of filter conditions [cs-mode]. -->
	<!-- Update image info for [13:0x7F7BC7C4C000:YN] /lib/x86_64-linux-gnu/libpthread.so.0 -->
	<msg id='15' display='false' source='trc'>
		<type>LOAD_MODULE</type>
		<severity>INFO</severity>
		<timestamp>Thu Jun  1 08:02:26 2023</timestamp>
		<arg name='module'>/lib/x86_64-linux-gnu/libpthread.so.0</arg>
		<arg name='basement'>0x7f7bc7c4c000</arg>
		<arg name='ceiling'>0x7f7bc7c6d46f</arg>
		<arg name='symtab'>yes</arg>
	</msg>
	<!-- Instrumentation of /lib/x86_64-linux-gnu/libpthread.so.0 image skipped because of filter conditions [cs-mode]. -->
</log>
	<!-- Update image info for [14:0x7F7BB26B5000:YN] /opt/intel/oneapi/mkl/2023.0.0/lib/intel64/libmkl_avx2.so.2 -->
	<msg id='16' display='false' source='trc'>
		<type>LOAD_MODULE</type>
		<severity>INFO</severity>
		<timestamp>Thu Jun  1 08:02:30 2023</timestamp>
		<arg name='module'>/opt/intel/oneapi/mkl/2023.0.0/lib/intel64/libmkl_avx2.so.2</arg>
		<arg name='basement'>0x7f7bb26b5000</arg>
		<arg name='ceiling'>0x7f7bb5584247</arg>
		<arg name='symtab'>yes</arg>
	</msg>
	<!-- Instrumenting image: id = 14, name = /opt/intel/oneapi/mkl/2023.0.0/lib/intel64/libmkl_avx2.so.2 -->
	<!-- Update image info for [15:0x7F7BB18C8000:YN] /opt/intel/oneapi/mkl/2023.0.0/lib/intel64/libmkl_vml_avx2.so.2 -->
	<msg id='17' display='false' source='trc'>
		<type>LOAD_MODULE</type>
		<severity>INFO</severity>
		<timestamp>Thu Jun  1 08:02:50 2023</timestamp>
		<arg name='module'>/opt/intel/oneapi/mkl/2023.0.0/lib/intel64/libmkl_vml_avx2.so.2</arg>
		<arg name='basement'>0x7f7bb18c8000</arg>
		<arg name='ceiling'>0x7f7bb26b4b6f</arg>
		<arg name='symtab'>yes</arg>
	</msg>
	<!-- Instrumentation of /opt/intel/oneapi/mkl/2023.0.0/lib/intel64/libmkl_vml_avx2.so.2 image skipped because of filter conditions [cs-mode]. -->
	<msg id='18' display='false' source='trc'>
		<type>UNLOAD_MODULE</type>
		<severity>INFO</severity>
		<timestamp>Thu Jun  1 08:04:09 2023</timestamp>
		<arg name='module'>/home/asl/Lorenzo/ASL-project-team28/bin</arg>
	</msg>
	<msg id='19' display='false' source='trc'>
		<type>UNLOAD_MODULE</type>
		<severity>INFO</severity>
		<timestamp>Thu Jun  1 08:04:09 2023</timestamp>
		<arg name='module'>/lib64/ld-linux-x86-64.so.2</arg>
	</msg>
	<msg id='20' display='false' source='trc'>
		<type>UNLOAD_MODULE</type>
		<severity>INFO</severity>
		<timestamp>Thu Jun  1 08:04:09 2023</timestamp>
		<arg name='module'>[vdso]</arg>
	</msg>
	<msg id='21' display='false' source='trc'>
		<type>UNLOAD_MODULE</type>
		<severity>INFO</severity>
		<timestamp>Thu Jun  1 08:04:09 2023</timestamp>
		<arg name='module'>/opt/intel/oneapi/mkl/2023.0.0/lib/intel64/libmkl_intel_lp64.so.2</arg>
	</msg>
	<msg id='22' display='false' source='trc'>
		<type>UNLOAD_MODULE</type>
		<severity>INFO</severity>
		<timestamp>Thu Jun  1 08:04:09 2023</timestamp>
		<arg name='module'>/opt/intel/oneapi/mkl/2023.0.0/lib/intel64/libmkl_sequential.so.2</arg>
	</msg>
	<msg id='23' display='false' source='trc'>
		<type>UNLOAD_MODULE</type>
		<severity>INFO</severity>
		<timestamp>Thu Jun  1 08:04:09 2023</timestamp>
		<arg name='module'>/opt/intel/oneapi/mkl/2023.0.0/lib/intel64/libmkl_core.so.2</arg>
	</msg>
	<msg id='24' display='false' source='trc'>
		<type>UNLOAD_MODULE</type>
		<severity>INFO</severity>
		<timestamp>Thu Jun  1 08:04:09 2023</timestamp>
		<arg name='module'>/lib/x86_64-linux-gnu/libstdc++.so.6</arg>
	</msg>
	<msg id='25' display='false' source='trc'>
		<type>UNLOAD_MODULE</type>
		<severity>INFO</severity>
		<timestamp>Thu Jun  1 08:04:09 2023</timestamp>
		<arg name='module'>/lib/x86_64-linux-gnu/libm.so.6</arg>
	</msg>
	<msg id='26' display='false' source='trc'>
		<type>UNLOAD_MODULE</type>
		<severity>INFO</severity>
		<timestamp>Thu Jun  1 08:04:09 2023</timestamp>
		<arg name='module'>/lib/x86_64-linux-gnu/libmvec.so.1</arg>
	</msg>
	<msg id='27' display='false' source='trc'>
		<type>UNLOAD_MODULE</type>
		<severity>INFO</severity>
		<timestamp>Thu Jun  1 08:04:09 2023</timestamp>
		<arg name='module'>/lib/x86_64-linux-gnu/libgcc_s.so.1</arg>
	</msg>
	<msg id='28' display='false' source='trc'>
		<type>UNLOAD_MODULE</type>
		<severity>INFO</severity>
		<timestamp>Thu Jun  1 08:04:09 2023</timestamp>
		<arg name='module'>/lib/x86_64-linux-gnu/libc.so.6</arg>
	</msg>
	<msg id='29' display='false' source='trc'>
		<type>UNLOAD_MODULE</type>
		<severity>INFO</severity>
		<timestamp>Thu Jun  1 08:04:09 2023</timestamp>
		<arg name='module'>/lib/x86_64-linux-gnu/libdl.so.2</arg>
	</msg>
	<msg id='30' display='false' source='trc'>
		<type>UNLOAD_MODULE</type>
		<severity>INFO</severity>
		<timestamp>Thu Jun  1 08:04:09 2023</timestamp>
		<arg name='module'>/lib/x86_64-linux-gnu/libpthread.so.0</arg>
	</msg>
	<msg id='31' display='false' source='trc'>
		<type>UNLOAD_MODULE</type>
		<severity>INFO</severity>
		<timestamp>Thu Jun  1 08:04:09 2023</timestamp>
		<arg name='module'>/opt/intel/oneapi/mkl/2023.0.0/lib/intel64/libmkl_avx2.so.2</arg>
	</msg>
	<msg id='32' display='false' source='trc'>
		<type>UNLOAD_MODULE</type>
		<severity>INFO</severity>
		<timestamp>Thu Jun  1 08:04:09 2023</timestamp>
		<arg name='module'>/opt/intel/oneapi/mkl/2023.0.0/lib/intel64/libmkl_vml_avx2.so.2</arg>
	</msg>
	<msg id='33' display='false' source='trc'>
		<type>PROCESS_FINISH</type>
		<severity>INFO</severity>
		<timestamp>Thu Jun  1 08:04:09 2023</timestamp>
		<arg name='process'>/home/asl/Lorenzo/ASL-project-team28/bin</arg>
		<arg name='pid'>79491</arg>
		<arg name='exitcode'>0x0</arg>
	</msg>
	<!-- Application exited with code 0 -->
</log>