<?xml version="1.0" encoding="utf-8" ?>
<!-- DO NOT EDIT THIS FILE -->

<log version='2.0' source='trc'>
	<msg id='1' display='false' source='trc'>
		<type>PROCESS_START</type>
		<severity>INFO</severity>
		<timestamp>Thu Jun  1 05:13:20 2023</timestamp>
		<arg name='process'>/home/asl/Lorenzo/ASL-project-team28/bin</arg>
		<arg name='pid'>56189</arg>
	</msg>
	<!-- Instrumentation filter's state:
    Patterns applicability:
        Generic loop pattern.....................: disabled
        Generic loop pattern (with dynamic jumps): disabled
        Known trip value loop pattern............: disabled
        Runtime final value loop pattern.........: disabled
        No initial IV loop pattern...............: disabled
        IV step only loop pattern................: disabled
        No entry loop pattern....................: disabled
    Clustered memory model (CMM) applicability:
        Generic loop pattern.....................: enabled
        Generic loop pattern (with dynamic jumps): enabled
        Known trip value loop pattern............: enabled
        Runtime final value loop pattern.........: enabled
        No initial IV loop pattern...............: enabled
        IV step only loop pattern................: enabled
        No entry loop pattern....................: disabled
 -->
	<!-- Callstack mode:
    filter modules.........: true
    filter routines........: true
    count loops............: false
    count flops............: true
    trace..................: false
    extended trace.........: false
    omp trace..............: false
    jit trace..............: false
    failures trace.........: false
    dump raw...............: false
    dump final.............: false
    dump all...............: false
    stack stitching........: true
    stl profiling..........: true
    aggressive frame switch: true
    unwind frame exit......: true
    analyze child loops....: true
 -->
	<!-- Managed application profiling: -->
	<!-- 	State...................: enabled -->
	<!-- Gpu Profiling: -->
	<!-- 	State: disabled -->
	<!-- Creating caches according to description: 4:32k:8w/256k:4w/1:6144k:12w -->
	<!-- Created cache simulator with the following features: set locker, random set sampler, fast random set mapper, bb attribution, default tag, empty feature with size 6291456, associativity 12, and sampling 0.100000 -->
	<!-- Created cache simulator with the following features: empty feature, random set sampler, fast random set mapper, bb attribution, default tag, empty feature with size 262144, associativity 4, and sampling 0.100000 -->
	<!-- Created cache simulator with the following features: empty feature, random set sampler, fast random set mapper, bb attribution, default tag, empty feature with size 262144, associativity 4, and sampling 0.100000 -->
	<!-- Created cache simulator with the following features: empty feature, random set sampler, fast random set mapper, bb attribution, default tag, empty feature with size 262144, associativity 4, and sampling 0.100000 -->
	<!-- Created cache simulator with the following features: empty feature, random set sampler, fast random set mapper, bb attribution, default tag, empty feature with size 262144, associativity 4, and sampling 0.100000 -->
	<!-- Created cache simulator with the following features: empty feature, random set sampler, fast random set mapper, bb attribution, default tag, empty feature with size 32768, associativity 8, and sampling 0.100000 -->
	<!-- Created cache simulator with the following features: empty feature, random set sampler, fast random set mapper, bb attribution, default tag, empty feature with size 32768, associativity 8, and sampling 0.100000 -->
	<!-- Created cache simulator with the following features: empty feature, random set sampler, fast random set mapper, bb attribution, default tag, empty feature with size 32768, associativity 8, and sampling 0.100000 -->
	<!-- Created cache simulator with the following features: empty feature, random set sampler, fast random set mapper, bb attribution, default tag, empty feature with size 32768, associativity 8, and sampling 0.100000 -->
	<!-- Cache hierarchy created. Status=success -->
	<msg id='2' display='false' source='trc'>
		<type>PROCESS_ANALYSIS_MODE</type>
		<severity>INFO</severity>
		<timestamp>Thu Jun  1 05:13:20 2023</timestamp>
		<arg name='mode'>full</arg>
	</msg>
	<!-- Update image info for [1:0x561F495C4000:YN] /home/asl/Lorenzo/ASL-project-team28/bin -->
	<msg id='3' display='false' source='trc'>
		<type>LOAD_MODULE</type>
		<severity>INFO</severity>
		<timestamp>Thu Jun  1 05:13:20 2023</timestamp>
		<arg name='module'>/home/asl/Lorenzo/ASL-project-team28/bin</arg>
		<arg name='basement'>0x561f495c4000</arg>
		<arg name='ceiling'>0x561f495d33b7</arg>
		<arg name='symtab'>yes</arg>
	</msg>
	<!-- Instrumenting image: id = 1, name = /home/asl/Lorenzo/ASL-project-team28/bin -->
	<!-- Update image info for [2:0x7F71ED346000:NN] /lib64/ld-linux-x86-64.so.2 -->
	<msg id='4' display='false' source='trc'>
		<type>LOAD_MODULE</type>
		<severity>INFO</severity>
		<timestamp>Thu Jun  1 05:13:20 2023</timestamp>
		<arg name='module'>/lib64/ld-linux-x86-64.so.2</arg>
		<arg name='basement'>0x7f71ed346000</arg>
		<arg name='ceiling'>0x7f71ed372177</arg>
		<arg name='symtab'>no</arg>
	</msg>
	<!-- Instrumentation of /lib64/ld-linux-x86-64.so.2 image skipped because of filter conditions [cs-mode]. -->
	<!-- Update image info for [3:0x7FFD8D3F3000:NN] [vdso] -->
	<msg id='5' display='false' source='trc'>
		<type>LOAD_MODULE</type>
		<severity>INFO</severity>
		<timestamp>Thu Jun  1 05:13:20 2023</timestamp>
		<arg name='module'>[vdso]</arg>
		<arg name='basement'>0x7ffd8d3f3000</arg>
		<arg name='ceiling'>0x7ffd8d3f3c64</arg>
		<arg name='symtab'>no</arg>
	</msg>
	<!-- Instrumentation of [vdso] image skipped because of filter conditions [cs-mode]. -->
	<!-- Update image info for [4:0x7F71D6183000:YN] /opt/intel/oneapi/mkl/2023.0.0/lib/intel64/libmkl_intel_lp64.so.2 -->
	<msg id='6' display='false' source='trc'>
		<type>LOAD_MODULE</type>
		<severity>INFO</severity>
		<timestamp>Thu Jun  1 05:13:20 2023</timestamp>
		<arg name='module'>/opt/intel/oneapi/mkl/2023.0.0/lib/intel64/libmkl_intel_lp64.so.2</arg>
		<arg name='basement'>0x7f71d6183000</arg>
		<arg name='ceiling'>0x7f71d73ae65f</arg>
		<arg name='symtab'>yes</arg>
	</msg>
	<!-- Instrumenting image: id = 4, name = /opt/intel/oneapi/mkl/2023.0.0/lib/intel64/libmkl_intel_lp64.so.2 -->
	<!-- Update image info for [5:0x7F71D4709000:YN] /opt/intel/oneapi/mkl/2023.0.0/lib/intel64/libmkl_sequential.so.2 -->
	<msg id='7' display='false' source='trc'>
		<type>LOAD_MODULE</type>
		<severity>INFO</severity>
		<timestamp>Thu Jun  1 05:13:26 2023</timestamp>
		<arg name='module'>/opt/intel/oneapi/mkl/2023.0.0/lib/intel64/libmkl_sequential.so.2</arg>
		<arg name='basement'>0x7f71d4709000</arg>
		<arg name='ceiling'>0x7f71d613e88f</arg>
		<arg name='symtab'>yes</arg>
	</msg>
	<!-- Instrumenting image: id = 5, name = /opt/intel/oneapi/mkl/2023.0.0/lib/intel64/libmkl_sequential.so.2 -->
	<!-- Update image info for [6:0x7F71D02F9000:YN] /opt/intel/oneapi/mkl/2023.0.0/lib/intel64/libmkl_core.so.2 -->
	<msg id='8' display='false' source='trc'>
		<type>LOAD_MODULE</type>
		<severity>INFO</severity>
		<timestamp>Thu Jun  1 05:13:36 2023</timestamp>
		<arg name='module'>/opt/intel/oneapi/mkl/2023.0.0/lib/intel64/libmkl_core.so.2</arg>
		<arg name='basement'>0x7f71d02f9000</arg>
		<arg name='ceiling'>0x7f71d46dae5f</arg>
		<arg name='symtab'>yes</arg>
	</msg>
	<!-- Instrumenting image: id = 6, name = /opt/intel/oneapi/mkl/2023.0.0/lib/intel64/libmkl_core.so.2 -->
	<!-- skipping routine "__mkl_cpu_detect_and_load_dll", reason cannot build control-flow graph (HasDynamicJumps) -->
	<!-- skipping routine "mkl_blas_xdgemm", reason cannot build control-flow graph (HasDynamicJumps) -->
	<!-- Update image info for [7:0x7F71CFFAB000:NN] /lib/x86_64-linux-gnu/libstdc++.so.6 -->
	<msg id='9' display='false' source='trc'>
		<type>LOAD_MODULE</type>
		<severity>INFO</severity>
		<timestamp>Thu Jun  1 05:13:59 2023</timestamp>
		<arg name='module'>/lib/x86_64-linux-gnu/libstdc++.so.6</arg>
		<arg name='basement'>0x7f71cffab000</arg>
		<arg name='ceiling'>0x7f71d01777ff</arg>
		<arg name='symtab'>no</arg>
	</msg>
	<!-- Instrumentation of /lib/x86_64-linux-gnu/libstdc++.so.6 image skipped because of filter conditions [cs-mode]. -->
	<!-- Update image info for [8:0x7F71CFE46000:NN] /lib/x86_64-linux-gnu/libm.so.6 -->
	<msg id='10' display='false' source='trc'>
		<type>LOAD_MODULE</type>
		<severity>INFO</severity>
		<timestamp>Thu Jun  1 05:13:59 2023</timestamp>
		<arg name='module'>/lib/x86_64-linux-gnu/libm.so.6</arg>
		<arg name='basement'>0x7f71cfe46000</arg>
		<arg name='ceiling'>0x7f71cff8910f</arg>
		<arg name='symtab'>no</arg>
	</msg>
	<!-- Instrumentation of /lib/x86_64-linux-gnu/libm.so.6 image skipped because of filter conditions [cs-mode]. -->
	<!-- Update image info for [9:0x7F71CFE1A000:NN] /lib/x86_64-linux-gnu/libmvec.so.1 -->
	<msg id='11' display='false' source='trc'>
		<type>LOAD_MODULE</type>
		<severity>INFO</severity>
		<timestamp>Thu Jun  1 05:13:59 2023</timestamp>
		<arg name='module'>/lib/x86_64-linux-gnu/libmvec.so.1</arg>
		<arg name='basement'>0x7f71cfe1a000</arg>
		<arg name='ceiling'>0x7f71cfe45127</arg>
		<arg name='symtab'>no</arg>
	</msg>
	<!-- Instrumentation of /lib/x86_64-linux-gnu/libmvec.so.1 image skipped because of filter conditions [cs-mode]. -->
	<!-- Update image info for [10:0x7F71CFE00000:NN] /lib/x86_64-linux-gnu/libgcc_s.so.1 -->
	<msg id='12' display='false' source='trc'>
		<type>LOAD_MODULE</type>
		<severity>INFO</severity>
		<timestamp>Thu Jun  1 05:13:59 2023</timestamp>
		<arg name='module'>/lib/x86_64-linux-gnu/libgcc_s.so.1</arg>
		<arg name='basement'>0x7f71cfe00000</arg>
		<arg name='ceiling'>0x7f71cfe19447</arg>
		<arg name='symtab'>no</arg>
	</msg>
	<!-- Instrumentation of /lib/x86_64-linux-gnu/libgcc_s.so.1 image skipped because of filter conditions [cs-mode]. -->
	<!-- Update image info for [11:0x7F71CFC2C000:NN] /lib/x86_64-linux-gnu/libc.so.6 -->
	<msg id='13' display='false' source='trc'>
		<type>LOAD_MODULE</type>
		<severity>INFO</severity>
		<timestamp>Thu Jun  1 05:13:59 2023</timestamp>
		<arg name='module'>/lib/x86_64-linux-gnu/libc.so.6</arg>
		<arg name='basement'>0x7f71cfc2c000</arg>
		<arg name='ceiling'>0x7f71cfdff67f</arg>
		<arg name='symtab'>no</arg>
	</msg>
	<!-- Instrumentation of /lib/x86_64-linux-gnu/libc.so.6 image skipped because of filter conditions. -->
	<!-- Update image info for [12:0x7F71CFC26000:NN] /lib/x86_64-linux-gnu/libdl.so.2 -->
	<msg id='14' display='false' source='trc'>
		<type>LOAD_MODULE</type>
		<severity>INFO</severity>
		<timestamp>Thu Jun  1 05:13:59 2023</timestamp>
		<arg name='module'>/lib/x86_64-linux-gnu/libdl.so.2</arg>
		<arg name='basement'>0x7f71cfc26000</arg>
		<arg name='ceiling'>0x7f71cfc2b10f</arg>
		<arg name='symtab'>no</arg>
	</msg>
	<!-- Instrumentation of /lib/x86_64-linux-gnu/libdl.so.2 image skipped because of filter conditions [cs-mode]. -->
	<!-- Update image info for [13:0x7F71CFBF9000:YN] /lib/x86_64-linux-gnu/libpthread.so.0 -->
	<msg id='15' display='false' source='trc'>
		<type>LOAD_MODULE</type>
		<severity>INFO</severity>
		<timestamp>Thu Jun  1 05:13:59 2023</timestamp>
		<arg name='module'>/lib/x86_64-linux-gnu/libpthread.so.0</arg>
		<arg name='basement'>0x7f71cfbf9000</arg>
		<arg name='ceiling'>0x7f71cfc1a46f</arg>
		<arg name='symtab'>yes</arg>
	</msg>
	<!-- Instrumentation of /lib/x86_64-linux-gnu/libpthread.so.0 image skipped because of filter conditions [cs-mode]. -->
	<!-- Update image info for [14:0x7F71BA675000:YN] /opt/intel/oneapi/mkl/2023.0.0/lib/intel64/libmkl_avx2.so.2 -->
	<msg id='16' display='false' source='trc'>
		<type>LOAD_MODULE</type>
		<severity>INFO</severity>
		<timestamp>Thu Jun  1 05:14:00 2023</timestamp>
		<arg name='module'>/opt/intel/oneapi/mkl/2023.0.0/lib/intel64/libmkl_avx2.so.2</arg>
		<arg name='basement'>0x7f71ba675000</arg>
		<arg name='ceiling'>0x7f71bd544247</arg>
		<arg name='symtab'>yes</arg>
	</msg>
	<!-- Instrumentation of /opt/intel/oneapi/mkl/2023.0.0/lib/intel64/libmkl_avx2.so.2 image skipped because of filter conditions [cs-mode]. -->
	<!-- Update image info for [15:0x7F71C5600000:YN] /opt/intel/oneapi/mkl/2023.0.0/lib/intel64/libmkl_vml_avx2.so.2 -->
	<msg id='17' display='false' source='trc'>
		<type>LOAD_MODULE</type>
		<severity>INFO</severity>
		<timestamp>Thu Jun  1 05:14:00 2023</timestamp>
		<arg name='module'>/opt/intel/oneapi/mkl/2023.0.0/lib/intel64/libmkl_vml_avx2.so.2</arg>
		<arg name='basement'>0x7f71c5600000</arg>
		<arg name='ceiling'>0x7f71c63ecb6f</arg>
		<arg name='symtab'>yes</arg>
	</msg>
	<!-- Instrumentation of /opt/intel/oneapi/mkl/2023.0.0/lib/intel64/libmkl_vml_avx2.so.2 image skipped because of filter conditions [cs-mode]. -->
</log>
	<msg id='18' display='false' source='trc'>
		<type>UNLOAD_MODULE</type>
		<severity>INFO</severity>
		<timestamp>Thu Jun  1 05:14:03 2023</timestamp>
		<arg name='module'>/home/asl/Lorenzo/ASL-project-team28/bin</arg>
	</msg>
	<msg id='19' display='false' source='trc'>
		<type>UNLOAD_MODULE</type>
		<severity>INFO</severity>
		<timestamp>Thu Jun  1 05:14:03 2023</timestamp>
		<arg name='module'>/lib64/ld-linux-x86-64.so.2</arg>
	</msg>
	<msg id='20' display='false' source='trc'>
		<type>UNLOAD_MODULE</type>
		<severity>INFO</severity>
		<timestamp>Thu Jun  1 05:14:03 2023</timestamp>
		<arg name='module'>[vdso]</arg>
	</msg>
	<msg id='21' display='false' source='trc'>
		<type>UNLOAD_MODULE</type>
		<severity>INFO</severity>
		<timestamp>Thu Jun  1 05:14:03 2023</timestamp>
		<arg name='module'>/opt/intel/oneapi/mkl/2023.0.0/lib/intel64/libmkl_intel_lp64.so.2</arg>
	</msg>
	<msg id='22' display='false' source='trc'>
		<type>UNLOAD_MODULE</type>
		<severity>INFO</severity>
		<timestamp>Thu Jun  1 05:14:03 2023</timestamp>
		<arg name='module'>/opt/intel/oneapi/mkl/2023.0.0/lib/intel64/libmkl_sequential.so.2</arg>
	</msg>
	<msg id='23' display='false' source='trc'>
		<type>UNLOAD_MODULE</type>
		<severity>INFO</severity>
		<timestamp>Thu Jun  1 05:14:03 2023</timestamp>
		<arg name='module'>/opt/intel/oneapi/mkl/2023.0.0/lib/intel64/libmkl_core.so.2</arg>
	</msg>
	<msg id='24' display='false' source='trc'>
		<type>UNLOAD_MODULE</type>
		<severity>INFO</severity>
		<timestamp>Thu Jun  1 05:14:03 2023</timestamp>
		<arg name='module'>/lib/x86_64-linux-gnu/libstdc++.so.6</arg>
	</msg>
	<msg id='25' display='false' source='trc'>
		<type>UNLOAD_MODULE</type>
		<severity>INFO</severity>
		<timestamp>Thu Jun  1 05:14:03 2023</timestamp>
		<arg name='module'>/lib/x86_64-linux-gnu/libm.so.6</arg>
	</msg>
	<msg id='26' display='false' source='trc'>
		<type>UNLOAD_MODULE</type>
		<severity>INFO</severity>
		<timestamp>Thu Jun  1 05:14:03 2023</timestamp>
		<arg name='module'>/lib/x86_64-linux-gnu/libmvec.so.1</arg>
	</msg>
	<msg id='27' display='false' source='trc'>
		<type>UNLOAD_MODULE</type>
		<severity>INFO</severity>
		<timestamp>Thu Jun  1 05:14:03 2023</timestamp>
		<arg name='module'>/lib/x86_64-linux-gnu/libgcc_s.so.1</arg>
	</msg>
	<msg id='28' display='false' source='trc'>
		<type>UNLOAD_MODULE</type>
		<severity>INFO</severity>
		<timestamp>Thu Jun  1 05:14:03 2023</timestamp>
		<arg name='module'>/lib/x86_64-linux-gnu/libc.so.6</arg>
	</msg>
	<msg id='29' display='false' source='trc'>
		<type>UNLOAD_MODULE</type>
		<severity>INFO</severity>
		<timestamp>Thu Jun  1 05:14:03 2023</timestamp>
		<arg name='module'>/lib/x86_64-linux-gnu/libdl.so.2</arg>
	</msg>
	<msg id='30' display='false' source='trc'>
		<type>UNLOAD_MODULE</type>
		<severity>INFO</severity>
		<timestamp>Thu Jun  1 05:14:03 2023</timestamp>
		<arg name='module'>/lib/x86_64-linux-gnu/libpthread.so.0</arg>
	</msg>
	<msg id='31' display='false' source='trc'>
		<type>UNLOAD_MODULE</type>
		<severity>INFO</severity>
		<timestamp>Thu Jun  1 05:14:03 2023</timestamp>
		<arg name='module'>/opt/intel/oneapi/mkl/2023.0.0/lib/intel64/libmkl_avx2.so.2</arg>
	</msg>
	<msg id='32' display='false' source='trc'>
		<type>UNLOAD_MODULE</type>
		<severity>INFO</severity>
		<timestamp>Thu Jun  1 05:14:03 2023</timestamp>
		<arg name='module'>/opt/intel/oneapi/mkl/2023.0.0/lib/intel64/libmkl_vml_avx2.so.2</arg>
	</msg>
	<msg id='33' display='false' source='trc'>
		<type>PROCESS_FINISH</type>
		<severity>INFO</severity>
		<timestamp>Thu Jun  1 05:14:03 2023</timestamp>
		<arg name='process'>/home/asl/Lorenzo/ASL-project-team28/bin</arg>
		<arg name='pid'>56189</arg>
		<arg name='exitcode'>0x1</arg>
	</msg>
	<!-- Application exited with code 1 -->
</log>