<?xml version="1.0" encoding="utf-8"?>
<log version="1.0" tool="runtool">

<msg id="1" tool="runtool">
  <type>log-start</type>
  <arg>2023/06/16 14:53:14</arg>
</msg>
<msg id="2" tool="runtool">
  <type>bandwidth-measurement-starts</type>
</msg>
<msg id="3" tool="runtool">
  <type>bandwidth-measurement-done</type>
</msg>
<msg id="4" tool="runtool">
  <type>collector-starts</type>
</msg>
<msg id="5" tool="runtool">
  <type>marker-file</type>
  <arg>/home/asl/Lorenzo/ASL-project-team28/MyResults/e000/trc000/trc000.advixe</arg>
</msg>
<msg id="6" tool="trc">
  <type>PROCESS_START</type>
  <arg>/home/asl/Lorenzo/ASL-project-team28/bin</arg>
  <arg>14957</arg>
  <severity>INFO</severity>
  <timestamp>Fri Jun 16 14:53:24 2023</timestamp>
</msg>
<msg id="7" tool="trc">
  <type>PROCESS_ANALYSIS_MODE</type>
  <arg>full</arg>
  <severity>INFO</severity>
  <timestamp>Fri Jun 16 14:53:24 2023</timestamp>
</msg>
<msg id="8" tool="trc">
  <type>LOAD_MODULE</type>
  <arg>/home/asl/Lorenzo/ASL-project-team28/bin</arg>
  <arg>0x5564defb3000</arg>
  <arg>0x5564defc53b7</arg>
  <arg>yes</arg>
  <severity>INFO</severity>
  <timestamp>Fri Jun 16 14:53:24 2023</timestamp>
</msg>
<msg id="9" tool="trc">
  <type>LOAD_MODULE</type>
  <arg>/lib64/ld-linux-x86-64.so.2</arg>
  <arg>0x7fc42fe74000</arg>
  <arg>0x7fc42fea0177</arg>
  <arg>no</arg>
  <severity>INFO</severity>
  <timestamp>Fri Jun 16 14:53:24 2023</timestamp>
</msg>
<msg id="10" tool="trc">
  <type>LOAD_MODULE</type>
  <arg>[vdso]</arg>
  <arg>0x7ffdfa5f6000</arg>
  <arg>0x7ffdfa5f6c64</arg>
  <arg>no</arg>
  <severity>INFO</severity>
  <timestamp>Fri Jun 16 14:53:24 2023</timestamp>
</msg>
<msg id="11" tool="trc">
  <type>LOAD_MODULE</type>
  <arg>/opt/intel/oneapi/mkl/2023.0.0/lib/intel64/libmkl_intel_lp64.so.2</arg>
  <arg>0x7fc418ba9000</arg>
  <arg>0x7fc419dd465f</arg>
  <arg>yes</arg>
  <severity>INFO</severity>
  <timestamp>Fri Jun 16 14:53:24 2023</timestamp>
</msg>
<msg id="12" tool="trc">
  <type>LOAD_MODULE</type>
  <arg>/opt/intel/oneapi/mkl/2023.0.0/lib/intel64/libmkl_sequential.so.2</arg>
  <arg>0x7fc417128000</arg>
  <arg>0x7fc418b5d88f</arg>
  <arg>yes</arg>
  <severity>INFO</severity>
  <timestamp>Fri Jun 16 14:53:29 2023</timestamp>
</msg>
<msg id="13" tool="trc">
  <type>LOAD_MODULE</type>
  <arg>/opt/intel/oneapi/mkl/2023.0.0/lib/intel64/libmkl_core.so.2</arg>
  <arg>0x7fc412d1f000</arg>
  <arg>0x7fc417100e5f</arg>
  <arg>yes</arg>
  <severity>INFO</severity>
  <timestamp>Fri Jun 16 14:53:38 2023</timestamp>
</msg>
<msg id="14" tool="trc">
  <type>LOAD_MODULE</type>
  <arg>/lib/x86_64-linux-gnu/libstdc++.so.6</arg>
  <arg>0x7fc4129d1000</arg>
  <arg>0x7fc412b9d7ff</arg>
  <arg>no</arg>
  <severity>INFO</severity>
  <timestamp>Fri Jun 16 14:53:59 2023</timestamp>
</msg>
<msg id="15" tool="trc">
  <type>LOAD_MODULE</type>
  <arg>/lib/x86_64-linux-gnu/libm.so.6</arg>
  <arg>0x7fc41286c000</arg>
  <arg>0x7fc4129af10f</arg>
  <arg>no</arg>
  <severity>INFO</severity>
  <timestamp>Fri Jun 16 14:53:59 2023</timestamp>
</msg>
<msg id="16" tool="trc">
  <type>LOAD_MODULE</type>
  <arg>/lib/x86_64-linux-gnu/libmvec.so.1</arg>
  <arg>0x7fc412840000</arg>
  <arg>0x7fc41286b127</arg>
  <arg>no</arg>
  <severity>INFO</severity>
  <timestamp>Fri Jun 16 14:53:59 2023</timestamp>
</msg>
<msg id="17" tool="trc">
  <type>LOAD_MODULE</type>
  <arg>/lib/x86_64-linux-gnu/libgcc_s.so.1</arg>
  <arg>0x7fc412826000</arg>
  <arg>0x7fc41283f447</arg>
  <arg>no</arg>
  <severity>INFO</severity>
  <timestamp>Fri Jun 16 14:53:59 2023</timestamp>
</msg>
<msg id="18" tool="trc">
  <type>LOAD_MODULE</type>
  <arg>/lib/x86_64-linux-gnu/libc.so.6</arg>
  <arg>0x7fc412652000</arg>
  <arg>0x7fc41282567f</arg>
  <arg>no</arg>
  <severity>INFO</severity>
  <timestamp>Fri Jun 16 14:53:59 2023</timestamp>
</msg>
<msg id="19" tool="trc">
  <type>LOAD_MODULE</type>
  <arg>/lib/x86_64-linux-gnu/libdl.so.2</arg>
  <arg>0x7fc412b9f000</arg>
  <arg>0x7fc412ba410f</arg>
  <arg>no</arg>
  <severity>INFO</severity>
  <timestamp>Fri Jun 16 14:53:59 2023</timestamp>
</msg>
<msg id="20" tool="trc">
  <type>LOAD_MODULE</type>
  <arg>/lib/x86_64-linux-gnu/libpthread.so.0</arg>
  <arg>0x7fc41261f000</arg>
  <arg>0x7fc41264046f</arg>
  <arg>yes</arg>
  <severity>INFO</severity>
  <timestamp>Fri Jun 16 14:53:59 2023</timestamp>
</msg>
<msg id="21" tool="trc">
  <type>LOAD_MODULE</type>
  <arg>/opt/intel/oneapi/mkl/2023.0.0/lib/intel64/libmkl_avx2.so.2</arg>
  <arg>0x7fc3f1087000</arg>
  <arg>0x7fc3f3f56247</arg>
  <arg>yes</arg>
  <severity>INFO</severity>
  <timestamp>Fri Jun 16 14:54:00 2023</timestamp>
</msg>
<msg id="22" tool="trc">
  <type>LOAD_MODULE</type>
  <arg>/opt/intel/oneapi/mkl/2023.0.0/lib/intel64/libmkl_vml_avx2.so.2</arg>
  <arg>0x7fc3f029a000</arg>
  <arg>0x7fc3f1086b6f</arg>
  <arg>yes</arg>
  <severity>INFO</severity>
  <timestamp>Fri Jun 16 14:54:16 2023</timestamp>
</msg>
<msg id="23" tool="trc">
  <type>PROCESS_START</type>
  <arg>/usr/bin/dash</arg>
  <arg>14969</arg>
  <severity>INFO</severity>
  <timestamp>Fri Jun 16 14:55:27 2023</timestamp>
</msg>
<msg id="24" tool="trc">
  <type>PROCESS_ANALYSIS_MODE</type>
  <arg>full</arg>
  <severity>INFO</severity>
  <timestamp>Fri Jun 16 14:55:27 2023</timestamp>
</msg>
<msg id="25" tool="trc">
  <type>LOAD_MODULE</type>
  <arg>/usr/bin/dash</arg>
  <arg>0x557ba840d000</arg>
  <arg>0x557ba842ef6f</arg>
  <arg>no</arg>
  <severity>INFO</severity>
  <timestamp>Fri Jun 16 14:55:27 2023</timestamp>
</msg>
<msg id="26" tool="trc">
  <type>LOAD_MODULE</type>
  <arg>/lib64/ld-linux-x86-64.so.2</arg>
  <arg>0x7f64628a4000</arg>
  <arg>0x7f64628d0177</arg>
  <arg>no</arg>
  <severity>INFO</severity>
  <timestamp>Fri Jun 16 14:55:27 2023</timestamp>
</msg>
<msg id="27" tool="trc">
  <type>LOAD_MODULE</type>
  <arg>[vdso]</arg>
  <arg>0x7ffface4d000</arg>
  <arg>0x7ffface4dc64</arg>
  <arg>no</arg>
  <severity>INFO</severity>
  <timestamp>Fri Jun 16 14:55:27 2023</timestamp>
</msg>
<msg id="28" tool="trc">
  <type>LOAD_MODULE</type>
  <arg>/lib/x86_64-linux-gnu/libc.so.6</arg>
  <arg>0x7f644c7a1000</arg>
  <arg>0x7f644c97467f</arg>
  <arg>no</arg>
  <severity>INFO</severity>
  <timestamp>Fri Jun 16 14:55:27 2023</timestamp>
</msg>
<msg id="29" tool="trc">
  <type>PROCESS_START</type>
  <arg>/usr/bin/ls</arg>
  <arg>14975</arg>
  <severity>INFO</severity>
  <timestamp>Fri Jun 16 14:55:28 2023</timestamp>
</msg>
<msg id="30" tool="trc">
  <type>PROCESS_ANALYSIS_MODE</type>
  <arg>full</arg>
  <severity>INFO</severity>
  <timestamp>Fri Jun 16 14:55:28 2023</timestamp>
</msg>
<msg id="31" tool="trc">
  <type>LOAD_MODULE</type>
  <arg>/usr/bin/ls</arg>
  <arg>0x56021a091000</arg>
  <arg>0x56021a0b68b7</arg>
  <arg>no</arg>
  <severity>INFO</severity>
  <timestamp>Fri Jun 16 14:55:28 2023</timestamp>
</msg>
<msg id="32" tool="trc">
  <type>LOAD_MODULE</type>
  <arg>/lib64/ld-linux-x86-64.so.2</arg>
  <arg>0x7fbee1a95000</arg>
  <arg>0x7fbee1ac1177</arg>
  <arg>no</arg>
  <severity>INFO</severity>
  <timestamp>Fri Jun 16 14:55:28 2023</timestamp>
</msg>
<msg id="33" tool="trc">
  <type>LOAD_MODULE</type>
  <arg>[vdso]</arg>
  <arg>0x7ffe1ef66000</arg>
  <arg>0x7ffe1ef66c64</arg>
  <arg>no</arg>
  <severity>INFO</severity>
  <timestamp>Fri Jun 16 14:55:28 2023</timestamp>
</msg>
<msg id="34" tool="trc">
  <type>LOAD_MODULE</type>
  <arg>/lib/x86_64-linux-gnu/libselinux.so.1</arg>
  <arg>0x7fbecbb4a000</arg>
  <arg>0x7fbecbb75607</arg>
  <arg>no</arg>
  <severity>INFO</severity>
  <timestamp>Fri Jun 16 14:55:28 2023</timestamp>
</msg>
<msg id="35" tool="trc">
  <type>LOAD_MODULE</type>
  <arg>/lib/x86_64-linux-gnu/libc.so.6</arg>
  <arg>0x7fbecb8b2000</arg>
  <arg>0x7fbecba8567f</arg>
  <arg>no</arg>
  <severity>INFO</severity>
  <timestamp>Fri Jun 16 14:55:28 2023</timestamp>
</msg>
<msg id="36" tool="trc">
  <type>LOAD_MODULE</type>
  <arg>/lib/x86_64-linux-gnu/libpcre2-8.so.0</arg>
  <arg>0x7fbecb7f8000</arg>
  <arg>0x7fbecb88f3a7</arg>
  <arg>no</arg>
  <severity>INFO</severity>
  <timestamp>Fri Jun 16 14:55:28 2023</timestamp>
</msg>
<msg id="37" tool="trc">
  <type>LOAD_MODULE</type>
  <arg>/lib/x86_64-linux-gnu/libdl.so.2</arg>
  <arg>0x7fbecb7d1000</arg>
  <arg>0x7fbecb7d610f</arg>
  <arg>no</arg>
  <severity>INFO</severity>
  <timestamp>Fri Jun 16 14:55:28 2023</timestamp>
</msg>
<msg id="38" tool="trc">
  <type>LOAD_MODULE</type>
  <arg>/lib/x86_64-linux-gnu/libpthread.so.0</arg>
  <arg>0x7fbecb793000</arg>
  <arg>0x7fbecb7b446f</arg>
  <arg>yes</arg>
  <severity>INFO</severity>
  <timestamp>Fri Jun 16 14:55:28 2023</timestamp>
</msg>
<msg id="39" tool="trc">
  <type>UNLOAD_MODULE</type>
  <arg>/usr/bin/ls</arg>
  <severity>INFO</severity>
  <timestamp>Fri Jun 16 14:55:30 2023</timestamp>
</msg>
<msg id="40" tool="trc">
  <type>UNLOAD_MODULE</type>
  <arg>/lib64/ld-linux-x86-64.so.2</arg>
  <severity>INFO</severity>
  <timestamp>Fri Jun 16 14:55:30 2023</timestamp>
</msg>
<msg id="41" tool="trc">
  <type>UNLOAD_MODULE</type>
  <arg>[vdso]</arg>
  <severity>INFO</severity>
  <timestamp>Fri Jun 16 14:55:30 2023</timestamp>
</msg>
<msg id="42" tool="trc">
  <type>UNLOAD_MODULE</type>
  <arg>/lib/x86_64-linux-gnu/libselinux.so.1</arg>
  <severity>INFO</severity>
  <timestamp>Fri Jun 16 14:55:30 2023</timestamp>
</msg>
<msg id="43" tool="trc">
  <type>UNLOAD_MODULE</type>
  <arg>/lib/x86_64-linux-gnu/libc.so.6</arg>
  <severity>INFO</severity>
  <timestamp>Fri Jun 16 14:55:30 2023</timestamp>
</msg>
<msg id="44" tool="trc">
  <type>UNLOAD_MODULE</type>
  <arg>/lib/x86_64-linux-gnu/libpcre2-8.so.0</arg>
  <severity>INFO</severity>
  <timestamp>Fri Jun 16 14:55:30 2023</timestamp>
</msg>
<msg id="45" tool="trc">
  <type>UNLOAD_MODULE</type>
  <arg>/lib/x86_64-linux-gnu/libdl.so.2</arg>
  <severity>INFO</severity>
  <timestamp>Fri Jun 16 14:55:30 2023</timestamp>
</msg>
<msg id="46" tool="trc">
  <type>UNLOAD_MODULE</type>
  <arg>/lib/x86_64-linux-gnu/libpthread.so.0</arg>
  <severity>INFO</severity>
  <timestamp>Fri Jun 16 14:55:30 2023</timestamp>
</msg>
<msg id="47" tool="trc">
  <type>PROCESS_FINISH</type>
  <arg>/usr/bin/ls</arg>
  <arg>14975</arg>
  <arg>0x0</arg>
  <severity>INFO</severity>
  <timestamp>Fri Jun 16 14:55:30 2023</timestamp>
</msg>
<msg id="48" tool="runtool">
  <type>app-exit-code</type>
  <arg>1</arg>
</msg>
<msg id="49" tool="runtool">
  <type>marker-file</type>
  <arg>/home/asl/Lorenzo/ASL-project-team28/MyResults/e000/trc000/trc000.advixe</arg>
</msg>
<msg id="50" tool="runtool">
  <type>collector-done</type>
</msg>
<msg id="51" tool="runtool">
  <type>log-end</type>
  <arg>2023/06/16 14:56:45</arg>
</msg>

</log>

