10 [140429981463488] INFO perfrun.launcher <> - Launcher main begin
11 [140429981463488] INFO perfrun.launcher <> - MessageCatalogInit finished
11 [140429981463488] INFO perfrun.launcher <> - Launcher instance created
11 [140429981463488] INFO perfrun.launcher <> - argc = 7; cmdline = /opt/intel/oneapi/advisor/2023.0.0/bin64/advixe-runss --ui-output-format xml --ui-output-fd 6 --option-file /home/asl/Lorenzo/ASL-project-team28/MyResults/e000/hs000/config/runss.options 
69 [140429981463488] INFO perfrun.launcher <> - create msngr2::ICliToolContext
69 [140429981463488] INFO perfrun.launcher <> - create file finder object
69 [140429981463488] INFO perfrun.launcher <> - create a result directory: pattern = /home/asl/Lorenzo/ASL-project-team28/MyResults/e000/hs000 pid = 4294967295
71 [140429981463488] INFO perfrun.sdk <> - checked that the directory /home/asl/Lorenzo/ASL-project-team28/MyResults/e000/hs000 is a local directory
71 [140429981463488] INFO perfrun.sdk <> - the directory /home/asl/Lorenzo/ASL-project-team28/MyResults/e000/hs000 is a local directory with FS type ID 61267
71 [140429981463488] INFO perfrun.launcher <> - create data directory = /home/asl/Lorenzo/ASL-project-team28/MyResults/e000/hs000/data.0
71 [140429981463488] INFO perfrun.launcher <> - Creating the master collection flag
75 [140429981463488] INFO perfrun.launcher <> - Done creating the master collection flag
76 [140429972104960] INFO perfrun.launcher <> - plugin [remoteplug] was disabled because it doesn't support the given collection type.
76 [140429972104960] INFO perfrun.sdk <> - Allocating TMU :/home/asl/Lorenzo/ASL-project-team28/MyResults/e000/hs000/data.0/systemcollector-230109-palehost.sc
76 [140429972104960] INFO perfrun.launcher <> - plugin [] was disabled because it doesn't support the given collection type.
76 [140429972104960] INFO perfrun.launcher <> - plugin [gpu] was disabled because it doesn't support the given collection type.
76 [140429972104960] INFO perfrun.launcher <> - plugin [] was disabled because it doesn't support the given collection type.
76 [140429972104960] INFO perfrun.launcher <> - plugin [] was disabled because it doesn't support the given collection type.
76 [140429972104960] INFO perfrun.launcher <> - plugin [] was disabled because it doesn't support the given collection type.
76 [140429972104960] INFO perfrun.mrte <> - system-wide mode is 0
76 [140429972104960] INFO perfrun.mrte <> - Getting  mrte profiling environment ...
83 [140429972104960] INFO perfrun.mrte <> - INTEL_MRTE_DATA_DIR=/home/asl/Lorenzo/ASL-project-team28/MyResults/e000/hs000/data.0
83 [140429972104960] INFO perfrun.mrte <> - INTEL_MRTE_HOST_NAME=palehost
83 [140429972104960] INFO perfrun.mrte <> - JAVA_TOOL_OPTIONS=-agentlib:advixe_tpssmrte_javaprof_1.0 -Dsun.boot.library.path=/opt/intel/oneapi/advisor/2023.0.0/lib32/runtime:/opt/intel/oneapi/advisor/2023.0.0/lib64/runtime
83 [140429972104960] INFO perfrun.mrte <> - LD_LIBRARY_PATH=/opt/intel/oneapi/advisor/2023.0.0/lib32/runtime:/opt/intel/oneapi/advisor/2023.0.0/lib64/runtime:/opt/intel/oneapi/mkl/2023.1.0/lib/intel64:/opt/intel/oneapi/tbb/2021.8.0/env/../lib/intel64/gcc4.8:/opt/intel/oneapi/mpi/2021.8.0//libfabric/lib:/opt/intel/oneapi/mpi/2021.8.0//lib/release:/opt/intel/oneapi/mpi/2021.8.0//lib:/opt/intel/oneapi/mkl/2023.0.0/lib/intel64:/opt/intel/oneapi/ipp/2021.7.0/lib/intel64:/opt/intel/oneapi/ippcp/2021.6.3/lib/intel64:/opt/intel/oneapi/ipp/2021.7.0/lib/intel64:/opt/intel/oneapi/debugger/2023.0.0/gdb/intel64/lib:/opt/intel/oneapi/debugger/2023.0.0/libipt/intel64/lib:/opt/intel/oneapi/debugger/2023.0.0/dep/lib:/opt/intel/oneapi/compiler/2023.0.0/linux/lib:/opt/intel/oneapi/compiler/2023.0.0/linux/lib/x64:/opt/intel/oneapi/compiler/2023.0.0/linux/compiler/lib/intel64_lin:/opt/intel/oneapi/ccl/2021.8.0/lib/cpu_gpu_dpcpp:/opt/intel/oneapi/mkl/2023.1.0/lib/intel64:/opt/intel/oneapi/mkl/2023.1.0/lib/intel64:
83 [140429972104960] INFO perfrun.mrte <> - Data directory: /home/asl/Lorenzo/ASL-project-team28/MyResults/e000/hs000/data.0
83 [140429972104960] INFO perfrun.mrte <> - Mrte plugin is initialized
83 [140429972104960] INFO perfrun.launcher <> - plugin [] was disabled because it doesn't support the given collection type.
83 [140429972104960] INFO perfrun.launcher <> - plugin [] was disabled because it doesn't support the given collection type.
83 [140429972104960] INFO perfrun.launcher <> - plugin [] was disabled because it doesn't support the given collection type.
83 [140429972104960] INFO perfrun.launcher <> - plugin [] was disabled because it doesn't support the given collection type.
83 [140429972104960] INFO perfrun.launcher <> - plugin [] was disabled because it doesn't support the given collection type.
83 [140429972104960] INFO perfrun.launcher <> - plugin [] was disabled because it doesn't support the given collection type.
83 [140429972104960] INFO perfrun.launcher <> - plugin [] was disabled because it doesn't support the given collection type.
83 [140429972104960] INFO perfrun.tpss <> - initialize tpss controller
83 [140429972104960] INFO perfrun.tpss <> - configure collection mode: value = cpu:stack
83 [140429972104960] INFO perfrun.tpss <> - default obj-size-min=1024
83 [140429972104960] INFO perfrun.tpss <> - default hash-table-size=0
83 [140429972104960] INFO perfrun.launcher <> - plugin [] was disabled because it doesn't support the given collection type.
83 [140429972104960] INFO perfrun.launcher <> - plugin [] was disabled because it doesn't support the given collection type.
83 [140429972104960] INFO perfrun.launcher <> - plugin [] was disabled because it doesn't support the given collection type.
83 [140429972104960] INFO perfrun.launcher <> - plugin [] was disabled because it doesn't support the given collection type.
83 [140429972104960] INFO perfrun.launcher <> - plugin [] was disabled because it doesn't support the given collection type.
83 [140429972104960] INFO perfrun.launcher <> - plugin [] was disabled because it doesn't support the given collection type.
83 [140429972104960] INFO perfrun.launcher <> - plugin [] was disabled because it doesn't support the given collection type.
83 [140429972104960] INFO perfrun.launcher <> - plugin [] was disabled because it doesn't support the given collection type.
83 [140429972104960] INFO perfrun.launcher <> - plugin [] was disabled because it doesn't support the given collection type.
83 [140429981463488] INFO perfrun.launcher <> - set environment variable: LD_LIBRARY_PATH = /opt/intel/oneapi/advisor/2023.0.0/lib32/runtime:/opt/intel/oneapi/advisor/2023.0.0/lib64/runtime:/opt/intel/oneapi/mkl/2023.1.0/lib/intel64:/opt/intel/oneapi/tbb/2021.8.0/env/../lib/intel64/gcc4.8:/opt/intel/oneapi/mpi/2021.8.0//libfabric/lib:/opt/intel/oneapi/mpi/2021.8.0//lib/release:/opt/intel/oneapi/mpi/2021.8.0//lib:/opt/intel/oneapi/mkl/2023.0.0/lib/intel64:/opt/intel/oneapi/ipp/2021.7.0/lib/intel64:/opt/intel/oneapi/ippcp/2021.6.3/lib/intel64:/opt/intel/oneapi/ipp/2021.7.0/lib/intel64:/opt/intel/oneapi/debugger/2023.0.0/gdb/intel64/lib:/opt/intel/oneapi/debugger/2023.0.0/libipt/intel64/lib:/opt/intel/oneapi/debugger/2023.0.0/dep/lib:/opt/intel/oneapi/compiler/2023.0.0/linux/lib:/opt/intel/oneapi/compiler/2023.0.0/linux/lib/x64:/opt/intel/oneapi/compiler/2023.0.0/linux/compiler/lib/intel64_lin:/opt/intel/oneapi/ccl/2021.8.0/lib/cpu_gpu_dpcpp:/opt/intel/oneapi/mkl/2023.1.0/lib/intel64:/opt/intel/oneapi/mkl/2023.1.0/lib/intel64:
83 [140429981463488] INFO perfrun.launcher <> - set environment variable: INTEL_LIBITTNOTIFY32 = /opt/intel/oneapi/advisor/2023.0.0/lib32/runtime/libittnotify_collector.so
83 [140429981463488] INFO perfrun.launcher <> - set environment variable: INTEL_LIBITTNOTIFY64 = /opt/intel/oneapi/advisor/2023.0.0/lib64/runtime/libittnotify_collector.so
83 [140429981463488] INFO perfrun.launcher <> - set environment variable: INTEL_ITTNOTIFY_GROUPS = 
83 [140429981463488] INFO perfrun.launcher <> - set environment variable: INTEL_JIT_PROFILER32 = /opt/intel/oneapi/advisor/2023.0.0/lib32/runtime/libittnotify_collector.so
83 [140429981463488] INFO perfrun.launcher <> - set environment variable: INTEL_JIT_PROFILER64 = /opt/intel/oneapi/advisor/2023.0.0/lib64/runtime/libittnotify_collector.so
83 [140429981463488] INFO perfrun.launcher <> - set environment variable: OMP_TOOL_LIBRARIES = /opt/intel/oneapi/advisor/2023.0.0/lib32/runtime/libittnotify_collector.so:/opt/intel/oneapi/advisor/2023.0.0/lib64/runtime/libittnotify_collector.so
83 [140429981463488] INFO perfrun.launcher <> - set environment variable: ENABLE_JITPROFILING = 1
83 [140429981463488] INFO perfrun.launcher <> - set environment variable: CL_CONFIG_USE_VTUNE = True
83 [140429981463488] INFO perfrun.launcher <> - set environment variable: KMP_FORKJOIN_FRAMES = 0
84 [140429981463488] INFO perfrun.launcher <> - set environment variable: KMP_FORKJOIN_FRAMES_MODE = 0
84 [140429981463488] INFO perfrun.launcher <> - set environment variable: OMP_TOOL = disabled
84 [140429981463488] INFO perfrun.launcher <> - set environment variable: INTEL_MRTE_DATA_DIR = /home/asl/Lorenzo/ASL-project-team28/MyResults/e000/hs000/data.0
84 [140429981463488] INFO perfrun.launcher <> - set environment variable: INTEL_MRTE_HOST_NAME = palehost
84 [140429981463488] INFO perfrun.launcher <> - set environment variable: JAVA_TOOL_OPTIONS = -agentlib:advixe_tpssmrte_javaprof_1.0 -Dsun.boot.library.path=/opt/intel/oneapi/advisor/2023.0.0/lib32/runtime:/opt/intel/oneapi/advisor/2023.0.0/lib64/runtime
84 [140429981463488] INFO perfrun.launcher <> - set environment variable: LD_LIBRARY_PATH = /opt/intel/oneapi/advisor/2023.0.0/lib32/runtime:/opt/intel/oneapi/advisor/2023.0.0/lib64/runtime:/opt/intel/oneapi/mkl/2023.1.0/lib/intel64:/opt/intel/oneapi/tbb/2021.8.0/env/../lib/intel64/gcc4.8:/opt/intel/oneapi/mpi/2021.8.0//libfabric/lib:/opt/intel/oneapi/mpi/2021.8.0//lib/release:/opt/intel/oneapi/mpi/2021.8.0//lib:/opt/intel/oneapi/mkl/2023.0.0/lib/intel64:/opt/intel/oneapi/ipp/2021.7.0/lib/intel64:/opt/intel/oneapi/ippcp/2021.6.3/lib/intel64:/opt/intel/oneapi/ipp/2021.7.0/lib/intel64:/opt/intel/oneapi/debugger/2023.0.0/gdb/intel64/lib:/opt/intel/oneapi/debugger/2023.0.0/libipt/intel64/lib:/opt/intel/oneapi/debugger/2023.0.0/dep/lib:/opt/intel/oneapi/compiler/2023.0.0/linux/lib:/opt/intel/oneapi/compiler/2023.0.0/linux/lib/x64:/opt/intel/oneapi/compiler/2023.0.0/linux/compiler/lib/intel64_lin:/opt/intel/oneapi/ccl/2021.8.0/lib/cpu_gpu_dpcpp:/opt/intel/oneapi/mkl/2023.1.0/lib/intel64:/opt/intel/oneapi/mkl/2023.1.0/lib/intel64:
84 [140429981463488] INFO perfrun.launcher <> - RpcServer: run RPC server to handle requests
84 [140429981463488] INFO perfrun.launcher <> - Launcher: command line to start before modification = ./bin 512 ./venv/bin/python solver.py tmp.bin data
84 [140429981463488] INFO perfrun.launcher <> - Launcher: command line to start after modification = /opt/intel/oneapi/advisor/2023.0.0/bin64/pin -error_file /home/asl/Lorenzo/ASL-project-team28/MyResults/e000/hs000/data.0/pinerr.tpsslog -detach_reattach -follow_execv -tool_load_option deepbind -t64 /opt/intel/oneapi/advisor/2023.0.0/lib64/libtpsstool.so -t /opt/intel/oneapi/advisor/2023.0.0/lib32/libtpsstool.so -server_name tpss_ipc.230109 -prd_dir /opt/intel/oneapi/advisor/2023.0.0 -- ./bin 512 ./venv/bin/python solver.py tmp.bin data
84 [140429981463488] INFO perfrun.launcher <> - ProcessCreator object was created
84 [140429981463488] INFO perfrun.launcher <> - Launcher: the process was started in suspend mode
85 [140429972104960] WARN perfrun.system <> - Could not do anything with /sys/kernel/debug/kvm: boost::filesystem::status: Permission denied: "/sys/kernel/debug/kvm", at file: vcs/perfrun1/plugins/system/src/trace_writer.cpp:787
85 [140429972104960] WARN perfrun.system <> - Folder "/var/run/libvirt/qemu/"doesn't exist, at file: vcs/perfrun1/plugins/system/src/trace_writer.cpp:800
85 [140429972104960] WARN perfrun.sdk <> - Failed to find xl binary on any of the system paths: /bin, /sbin, /usr/bin, /usr/sbin., at file: vcs/perfrun1/sdk/src/utils.cpp:204
88 [140429972104960] INFO perfrun.vdso <> - Helper runtool '/opt/intel/oneapi/advisor/2023.0.0/bin32/advixe-runss -dump-vdso -r /home/asl/Lorenzo/ASL-project-team28/MyResults/e000/hs000 --tmp-dir /tmp/advixe-tmp-asl' returned 1
175 [140429972104960] INFO perfrun.vdso <> - Helper runtool '/opt/intel/oneapi/advisor/2023.0.0/bin64/advixe-runss -dump-vdso -r /home/asl/Lorenzo/ASL-project-team28/MyResults/e000/hs000 --tmp-dir /tmp/advixe-tmp-asl' returned 0
175 [140429972104960] INFO perfrun.itt <> - start itt controller for pid #230114
175 [140429972104960] INFO perfrun.tpss <> - start tpss controller for pid #230114
226 [140429981463488] INFO perfrun.launcher <> - Launcher: all plugins were started
226 [140429981463488] INFO perfrun.launcher <> - DirectoryMonitor object was created
226 [140429981463488] INFO perfrun.launcher <> - DirectoryMonitor: a callback was added
226 [140429981463488] INFO perfrun.launcher <> - DirectoryMonitor was started with pingTime = 1000
226 [140429981463488] INFO perfrun.launcher <> - DeadlineTimer is going to be constructed
226 [140429981463488] INFO perfrun.launcher <> - DeadlineTimer: a callback was added
231 [140429981463488] INFO perfrun.launcher <> - Launcher: resume the profiled application and  wait its termination or stop command
1571 [140429981463488] INFO perfrun.launcher <> - Launcher: the profiled application was terminated  with exit code = 1
1576 [140429972104960] INFO perfrun.itt <> - detach itt controller
1576 [140429972104960] INFO perfrun.itt <> - detach itt controller done
1576 [140429972104960] INFO perfrun.tpss <> - stop tpss controller
1576 [140429972104960] INFO perfrun.sdk <> - De-allocating TMU: /home/asl/Lorenzo/ASL-project-team28/MyResults/e000/hs000/data.0/systemcollector-230109-palehost.sc
1576 [140429972104960] INFO perfrun.system <> - closed the system trace file: /home/asl/Lorenzo/ASL-project-team28/MyResults/e000/hs000/data.0/systemcollector-230109-palehost.sc
1576 [140429981463488] INFO perfrun.launcher <> - Launcher: all plugins were stopped.
1576 [140429981463488] INFO perfrun.launcher <> - DeadlineTimer is going to be destroyed
1577 [140429981463488] INFO perfrun.launcher <> - DeadlineTimer was destroyed
1577 [140429981463488] INFO perfrun.launcher <> - DirectoryMonitor object was destroyed
1577 [140429981463488] WARN perfrun.launcher <> - Stop command is ignored because it is received when collection is already stopped, at file: vcs/perfrun1/launcher/src/command_handler.cpp:226
1577 [140429981463488] INFO perfrun.launcher <> - Application exit code: 1
1577 [140429981463488] INFO perfrun.launcher <> - Exit code: 4
