<?xml version="1.0" encoding="utf-8"?>
<log version="1.0" tool="runtool">

<msg id="1" tool="runtool">
  <type>log-start</type>
  <arg>2023/06/02 15:03:15</arg>
</msg>
<msg id="2" tool="runtool">
  <type>bandwidth-measurement-starts</type>
</msg>
<msg id="3" tool="runtool">
  <type>bandwidth-measurement-done</type>
</msg>
<msg id="4" tool="runtool">
  <type>collector-starts</type>
</msg>
<msg id="5" tool="runtool">
  <type>marker-file</type>
  <arg>/home/asl/Lorenzo/ASL-project-team28/MyResults/e000/trc000/trc000.advixe</arg>
</msg>
<msg id="6" tool="trc">
  <type>PROCESS_START</type>
  <arg>/home/asl/Lorenzo/ASL-project-team28/bin</arg>
  <arg>272466</arg>
  <severity>INFO</severity>
  <timestamp>Fri Jun  2 15:03:26 2023</timestamp>
</msg>
<msg id="7" tool="trc">
  <type>PROCESS_ANALYSIS_MODE</type>
  <arg>full</arg>
  <severity>INFO</severity>
  <timestamp>Fri Jun  2 15:03:26 2023</timestamp>
</msg>
<msg id="8" tool="trc">
  <type>LOAD_MODULE</type>
  <arg>/home/asl/Lorenzo/ASL-project-team28/bin</arg>
  <arg>0x564e42634000</arg>
  <arg>0x564e426483d7</arg>
  <arg>yes</arg>
  <severity>INFO</severity>
  <timestamp>Fri Jun  2 15:03:26 2023</timestamp>
</msg>
<msg id="9" tool="trc">
  <type>LOAD_MODULE</type>
  <arg>/lib64/ld-linux-x86-64.so.2</arg>
  <arg>0x7fee20a5d000</arg>
  <arg>0x7fee20a89177</arg>
  <arg>no</arg>
  <severity>INFO</severity>
  <timestamp>Fri Jun  2 15:03:26 2023</timestamp>
</msg>
<msg id="10" tool="trc">
  <type>LOAD_MODULE</type>
  <arg>[vdso]</arg>
  <arg>0x7fff54b15000</arg>
  <arg>0x7fff54b15c64</arg>
  <arg>no</arg>
  <severity>INFO</severity>
  <timestamp>Fri Jun  2 15:03:26 2023</timestamp>
</msg>
<msg id="11" tool="trc">
  <type>LOAD_MODULE</type>
  <arg>/opt/intel/oneapi/mkl/2023.0.0/lib/intel64/libmkl_intel_lp64.so.2</arg>
  <arg>0x7fee097b7000</arg>
  <arg>0x7fee0a9e265f</arg>
  <arg>yes</arg>
  <severity>INFO</severity>
  <timestamp>Fri Jun  2 15:03:26 2023</timestamp>
</msg>
<msg id="12" tool="trc">
  <type>LOAD_MODULE</type>
  <arg>/opt/intel/oneapi/mkl/2023.0.0/lib/intel64/libmkl_sequential.so.2</arg>
  <arg>0x7fee07d36000</arg>
  <arg>0x7fee0976b88f</arg>
  <arg>yes</arg>
  <severity>INFO</severity>
  <timestamp>Fri Jun  2 15:03:32 2023</timestamp>
</msg>
<msg id="13" tool="trc">
  <type>LOAD_MODULE</type>
  <arg>/opt/intel/oneapi/mkl/2023.0.0/lib/intel64/libmkl_core.so.2</arg>
  <arg>0x7fee0392d000</arg>
  <arg>0x7fee07d0ee5f</arg>
  <arg>yes</arg>
  <severity>INFO</severity>
  <timestamp>Fri Jun  2 15:03:42 2023</timestamp>
</msg>
<msg id="14" tool="trc">
  <type>LOAD_MODULE</type>
  <arg>/lib/x86_64-linux-gnu/libstdc++.so.6</arg>
  <arg>0x7fee035df000</arg>
  <arg>0x7fee037ab7ff</arg>
  <arg>no</arg>
  <severity>INFO</severity>
  <timestamp>Fri Jun  2 15:04:07 2023</timestamp>
</msg>
<msg id="15" tool="trc">
  <type>LOAD_MODULE</type>
  <arg>/lib/x86_64-linux-gnu/libm.so.6</arg>
  <arg>0x7fee0347a000</arg>
  <arg>0x7fee035bd10f</arg>
  <arg>no</arg>
  <severity>INFO</severity>
  <timestamp>Fri Jun  2 15:04:07 2023</timestamp>
</msg>
<msg id="16" tool="trc">
  <type>LOAD_MODULE</type>
  <arg>/lib/x86_64-linux-gnu/libmvec.so.1</arg>
  <arg>0x7fee0344e000</arg>
  <arg>0x7fee03479127</arg>
  <arg>no</arg>
  <severity>INFO</severity>
  <timestamp>Fri Jun  2 15:04:07 2023</timestamp>
</msg>
<msg id="17" tool="trc">
  <type>LOAD_MODULE</type>
  <arg>/lib/x86_64-linux-gnu/libgcc_s.so.1</arg>
  <arg>0x7fee03434000</arg>
  <arg>0x7fee0344d447</arg>
  <arg>no</arg>
  <severity>INFO</severity>
  <timestamp>Fri Jun  2 15:04:07 2023</timestamp>
</msg>
<msg id="18" tool="trc">
  <type>LOAD_MODULE</type>
  <arg>/lib/x86_64-linux-gnu/libc.so.6</arg>
  <arg>0x7fee03260000</arg>
  <arg>0x7fee0343367f</arg>
  <arg>no</arg>
  <severity>INFO</severity>
  <timestamp>Fri Jun  2 15:04:07 2023</timestamp>
</msg>
<msg id="19" tool="trc">
  <type>LOAD_MODULE</type>
  <arg>/lib/x86_64-linux-gnu/libdl.so.2</arg>
  <arg>0x7fee037ad000</arg>
  <arg>0x7fee037b210f</arg>
  <arg>no</arg>
  <severity>INFO</severity>
  <timestamp>Fri Jun  2 15:04:07 2023</timestamp>
</msg>
<msg id="20" tool="trc">
  <type>LOAD_MODULE</type>
  <arg>/lib/x86_64-linux-gnu/libpthread.so.0</arg>
  <arg>0x7fee0322d000</arg>
  <arg>0x7fee0324e46f</arg>
  <arg>yes</arg>
  <severity>INFO</severity>
  <timestamp>Fri Jun  2 15:04:07 2023</timestamp>
</msg>
<msg id="21" tool="trc">
  <type>LOAD_MODULE</type>
  <arg>/opt/intel/oneapi/mkl/2023.0.0/lib/intel64/libmkl_avx2.so.2</arg>
  <arg>0x7fededcaa000</arg>
  <arg>0x7fedf0b79247</arg>
  <arg>yes</arg>
  <severity>INFO</severity>
  <timestamp>Fri Jun  2 15:04:07 2023</timestamp>
</msg>
<msg id="22" tool="trc">
  <type>LOAD_MODULE</type>
  <arg>/opt/intel/oneapi/mkl/2023.0.0/lib/intel64/libmkl_vml_avx2.so.2</arg>
  <arg>0x7fedece01000</arg>
  <arg>0x7fededbedb6f</arg>
  <arg>yes</arg>
  <severity>INFO</severity>
  <timestamp>Fri Jun  2 15:04:27 2023</timestamp>
</msg>
<msg id="23" tool="trc">
  <type>PROCESS_START</type>
  <arg>/usr/bin/ls</arg>
  <arg>272479</arg>
  <severity>INFO</severity>
  <timestamp>Fri Jun  2 15:04:39 2023</timestamp>
</msg>
<msg id="24" tool="trc">
  <type>PROCESS_ANALYSIS_MODE</type>
  <arg>full</arg>
  <severity>INFO</severity>
  <timestamp>Fri Jun  2 15:04:39 2023</timestamp>
</msg>
<msg id="25" tool="trc">
  <type>LOAD_MODULE</type>
  <arg>/usr/bin/ls</arg>
  <arg>0x56228751d000</arg>
  <arg>0x5622875428b7</arg>
  <arg>no</arg>
  <severity>INFO</severity>
  <timestamp>Fri Jun  2 15:04:39 2023</timestamp>
</msg>
<msg id="26" tool="trc">
  <type>LOAD_MODULE</type>
  <arg>/lib64/ld-linux-x86-64.so.2</arg>
  <arg>0x7f439b2bf000</arg>
  <arg>0x7f439b2eb177</arg>
  <arg>no</arg>
  <severity>INFO</severity>
  <timestamp>Fri Jun  2 15:04:39 2023</timestamp>
</msg>
<msg id="27" tool="trc">
  <type>LOAD_MODULE</type>
  <arg>[vdso]</arg>
  <arg>0x7ffebd1e4000</arg>
  <arg>0x7ffebd1e4c64</arg>
  <arg>no</arg>
  <severity>INFO</severity>
  <timestamp>Fri Jun  2 15:04:39 2023</timestamp>
</msg>
<msg id="28" tool="trc">
  <type>LOAD_MODULE</type>
  <arg>/lib/x86_64-linux-gnu/libselinux.so.1</arg>
  <arg>0x7f438539a000</arg>
  <arg>0x7f43853c5607</arg>
  <arg>no</arg>
  <severity>INFO</severity>
  <timestamp>Fri Jun  2 15:04:40 2023</timestamp>
</msg>
<msg id="29" tool="trc">
  <type>LOAD_MODULE</type>
  <arg>/lib/x86_64-linux-gnu/libc.so.6</arg>
  <arg>0x7f438510e000</arg>
  <arg>0x7f43852e167f</arg>
  <arg>no</arg>
  <severity>INFO</severity>
  <timestamp>Fri Jun  2 15:04:40 2023</timestamp>
</msg>
<msg id="30" tool="trc">
  <type>LOAD_MODULE</type>
  <arg>/lib/x86_64-linux-gnu/libpcre2-8.so.0</arg>
  <arg>0x7f4385048000</arg>
  <arg>0x7f43850df3a7</arg>
  <arg>no</arg>
  <severity>INFO</severity>
  <timestamp>Fri Jun  2 15:04:40 2023</timestamp>
</msg>
<msg id="31" tool="trc">
  <type>LOAD_MODULE</type>
  <arg>/lib/x86_64-linux-gnu/libdl.so.2</arg>
  <arg>0x7f4385021000</arg>
  <arg>0x7f438502610f</arg>
  <arg>no</arg>
  <severity>INFO</severity>
  <timestamp>Fri Jun  2 15:04:40 2023</timestamp>
</msg>
<msg id="32" tool="trc">
  <type>LOAD_MODULE</type>
  <arg>/lib/x86_64-linux-gnu/libpthread.so.0</arg>
  <arg>0x7f4384fe3000</arg>
  <arg>0x7f438500446f</arg>
  <arg>yes</arg>
  <severity>INFO</severity>
  <timestamp>Fri Jun  2 15:04:40 2023</timestamp>
</msg>
<msg id="33" tool="trc">
  <type>UNLOAD_MODULE</type>
  <arg>/usr/bin/ls</arg>
  <severity>INFO</severity>
  <timestamp>Fri Jun  2 15:04:41 2023</timestamp>
</msg>
<msg id="34" tool="trc">
  <type>UNLOAD_MODULE</type>
  <arg>/lib64/ld-linux-x86-64.so.2</arg>
  <severity>INFO</severity>
  <timestamp>Fri Jun  2 15:04:41 2023</timestamp>
</msg>
<msg id="35" tool="trc">
  <type>UNLOAD_MODULE</type>
  <arg>[vdso]</arg>
  <severity>INFO</severity>
  <timestamp>Fri Jun  2 15:04:41 2023</timestamp>
</msg>
<msg id="36" tool="trc">
  <type>UNLOAD_MODULE</type>
  <arg>/lib/x86_64-linux-gnu/libselinux.so.1</arg>
  <severity>INFO</severity>
  <timestamp>Fri Jun  2 15:04:41 2023</timestamp>
</msg>
<msg id="37" tool="trc">
  <type>UNLOAD_MODULE</type>
  <arg>/lib/x86_64-linux-gnu/libc.so.6</arg>
  <severity>INFO</severity>
  <timestamp>Fri Jun  2 15:04:41 2023</timestamp>
</msg>
<msg id="38" tool="trc">
  <type>UNLOAD_MODULE</type>
  <arg>/lib/x86_64-linux-gnu/libpcre2-8.so.0</arg>
  <severity>INFO</severity>
  <timestamp>Fri Jun  2 15:04:41 2023</timestamp>
</msg>
<msg id="39" tool="trc">
  <type>UNLOAD_MODULE</type>
  <arg>/lib/x86_64-linux-gnu/libdl.so.2</arg>
  <severity>INFO</severity>
  <timestamp>Fri Jun  2 15:04:41 2023</timestamp>
</msg>
<msg id="40" tool="trc">
  <type>UNLOAD_MODULE</type>
  <arg>/lib/x86_64-linux-gnu/libpthread.so.0</arg>
  <severity>INFO</severity>
  <timestamp>Fri Jun  2 15:04:41 2023</timestamp>
</msg>
<msg id="41" tool="trc">
  <type>PROCESS_FINISH</type>
  <arg>/usr/bin/ls</arg>
  <arg>272479</arg>
  <arg>0x0</arg>
  <severity>INFO</severity>
  <timestamp>Fri Jun  2 15:04:41 2023</timestamp>
</msg>
<msg id="42" tool="trc">
  <type>PROCESS_START</type>
  <arg>/usr/bin/dash</arg>
  <arg>272473</arg>
  <severity>INFO</severity>
  <timestamp>Fri Jun  2 15:04:38 2023</timestamp>
</msg>
<msg id="43" tool="trc">
  <type>PROCESS_ANALYSIS_MODE</type>
  <arg>full</arg>
  <severity>INFO</severity>
  <timestamp>Fri Jun  2 15:04:38 2023</timestamp>
</msg>
<msg id="44" tool="trc">
  <type>LOAD_MODULE</type>
  <arg>/usr/bin/dash</arg>
  <arg>0x561bedd83000</arg>
  <arg>0x561bedda4f6f</arg>
  <arg>no</arg>
  <severity>INFO</severity>
  <timestamp>Fri Jun  2 15:04:38 2023</timestamp>
</msg>
<msg id="45" tool="trc">
  <type>LOAD_MODULE</type>
  <arg>/lib64/ld-linux-x86-64.so.2</arg>
  <arg>0x7f7c3dd3a000</arg>
  <arg>0x7f7c3dd66177</arg>
  <arg>no</arg>
  <severity>INFO</severity>
  <timestamp>Fri Jun  2 15:04:38 2023</timestamp>
</msg>
<msg id="46" tool="trc">
  <type>LOAD_MODULE</type>
  <arg>[vdso]</arg>
  <arg>0x7ffe743e1000</arg>
  <arg>0x7ffe743e1c64</arg>
  <arg>no</arg>
  <severity>INFO</severity>
  <timestamp>Fri Jun  2 15:04:38 2023</timestamp>
</msg>
<msg id="47" tool="trc">
  <type>LOAD_MODULE</type>
  <arg>/lib/x86_64-linux-gnu/libc.so.6</arg>
  <arg>0x7f7c27c5d000</arg>
  <arg>0x7f7c27e3067f</arg>
  <arg>no</arg>
  <severity>INFO</severity>
  <timestamp>Fri Jun  2 15:04:39 2023</timestamp>
</msg>
<msg id="48" tool="runtool">
  <type>app-exit-code</type>
  <arg>1</arg>
</msg>
<msg id="49" tool="runtool">
  <type>marker-file</type>
  <arg>/home/asl/Lorenzo/ASL-project-team28/MyResults/e000/trc000/trc000.advixe</arg>
</msg>
<msg id="50" tool="runtool">
  <type>collector-done</type>
</msg>
<msg id="51" tool="runtool">
  <type>log-end</type>
  <arg>2023/06/02 15:05:20</arg>
</msg>

</log>

