<?xml version="1.0" encoding="utf-8" ?>
<!-- DO NOT EDIT THIS FILE -->

<log version='2.0' source='trc'>
	<msg id='1' display='false' source='trc'>
		<type>PROCESS_START</type>
		<severity>INFO</severity>
		<timestamp>Thu Jun  1 03:51:53 2023</timestamp>
		<arg name='process'>/home/asl/Lorenzo/ASL-project-team28/bin</arg>
		<arg name='pid'>44218</arg>
	</msg>
	<!-- Instrumentation filter's state:
    Patterns applicability:
        Generic loop pattern.....................: disabled
        Generic loop pattern (with dynamic jumps): disabled
        Known trip value loop pattern............: disabled
        Runtime final value loop pattern.........: disabled
        No initial IV loop pattern...............: disabled
        IV step only loop pattern................: disabled
        No entry loop pattern....................: disabled
    Clustered memory model (CMM) applicability:
        Generic loop pattern.....................: enabled
        Generic loop pattern (with dynamic jumps): enabled
        Known trip value loop pattern............: enabled
        Runtime final value loop pattern.........: enabled
        No initial IV loop pattern...............: enabled
        IV step only loop pattern................: enabled
        No entry loop pattern....................: disabled
 -->
	<!-- Callstack mode:
    filter modules.........: true
    filter routines........: true
    count loops............: false
    count flops............: true
    trace..................: false
    extended trace.........: false
    omp trace..............: false
    jit trace..............: false
    failures trace.........: false
    dump raw...............: false
    dump final.............: false
    dump all...............: false
    stack stitching........: true
    stl profiling..........: true
    aggressive frame switch: true
    unwind frame exit......: true
    analyze child loops....: true
 -->
	<!-- Managed application profiling: -->
	<!-- 	State...................: enabled -->
	<!-- Gpu Profiling: -->
	<!-- 	State: disabled -->
	<!-- Creating caches according to description: 4:32k:8w/256k:4w/1:6144k:12w -->
	<!-- Created cache simulator with the following features: set locker, random set sampler, fast random set mapper, bb attribution, default tag, empty feature with size 6291456, associativity 12, and sampling 0.100000 -->
	<!-- Created cache simulator with the following features: empty feature, random set sampler, fast random set mapper, bb attribution, default tag, empty feature with size 262144, associativity 4, and sampling 0.100000 -->
	<!-- Created cache simulator with the following features: empty feature, random set sampler, fast random set mapper, bb attribution, default tag, empty feature with size 262144, associativity 4, and sampling 0.100000 -->
	<!-- Created cache simulator with the following features: empty feature, random set sampler, fast random set mapper, bb attribution, default tag, empty feature with size 262144, associativity 4, and sampling 0.100000 -->
	<!-- Created cache simulator with the following features: empty feature, random set sampler, fast random set mapper, bb attribution, default tag, empty feature with size 262144, associativity 4, and sampling 0.100000 -->
	<!-- Created cache simulator with the following features: empty feature, random set sampler, fast random set mapper, bb attribution, default tag, empty feature with size 32768, associativity 8, and sampling 0.100000 -->
	<!-- Created cache simulator with the following features: empty feature, random set sampler, fast random set mapper, bb attribution, default tag, empty feature with size 32768, associativity 8, and sampling 0.100000 -->
	<!-- Created cache simulator with the following features: empty feature, random set sampler, fast random set mapper, bb attribution, default tag, empty feature with size 32768, associativity 8, and sampling 0.100000 -->
	<!-- Created cache simulator with the following features: empty feature, random set sampler, fast random set mapper, bb attribution, default tag, empty feature with size 32768, associativity 8, and sampling 0.100000 -->
	<!-- Cache hierarchy created. Status=success -->
	<msg id='2' display='false' source='trc'>
		<type>PROCESS_ANALYSIS_MODE</type>
		<severity>INFO</severity>
		<timestamp>Thu Jun  1 03:51:53 2023</timestamp>
		<arg name='mode'>full</arg>
	</msg>
	<!-- Update image info for [1:0x56510A8AB000:YN] /home/asl/Lorenzo/ASL-project-team28/bin -->
	<msg id='3' display='false' source='trc'>
		<type>LOAD_MODULE</type>
		<severity>INFO</severity>
		<timestamp>Thu Jun  1 03:51:53 2023</timestamp>
		<arg name='module'>/home/asl/Lorenzo/ASL-project-team28/bin</arg>
		<arg name='basement'>0x56510a8ab000</arg>
		<arg name='ceiling'>0x56510a8bb3b7</arg>
		<arg name='symtab'>yes</arg>
	</msg>
	<!-- Instrumenting image: id = 1, name = /home/asl/Lorenzo/ASL-project-team28/bin -->
	<!-- Update image info for [2:0x7FDA13B34000:NN] /lib64/ld-linux-x86-64.so.2 -->
	<msg id='4' display='false' source='trc'>
		<type>LOAD_MODULE</type>
		<severity>INFO</severity>
		<timestamp>Thu Jun  1 03:51:53 2023</timestamp>
		<arg name='module'>/lib64/ld-linux-x86-64.so.2</arg>
		<arg name='basement'>0x7fda13b34000</arg>
		<arg name='ceiling'>0x7fda13b60177</arg>
		<arg name='symtab'>no</arg>
	</msg>
	<!-- Instrumentation of /lib64/ld-linux-x86-64.so.2 image skipped because of filter conditions [cs-mode]. -->
	<!-- Update image info for [3:0x7FFE90998000:NN] [vdso] -->
	<msg id='5' display='false' source='trc'>
		<type>LOAD_MODULE</type>
		<severity>INFO</severity>
		<timestamp>Thu Jun  1 03:51:53 2023</timestamp>
		<arg name='module'>[vdso]</arg>
		<arg name='basement'>0x7ffe90998000</arg>
		<arg name='ceiling'>0x7ffe90998c64</arg>
		<arg name='symtab'>no</arg>
	</msg>
	<!-- Instrumentation of [vdso] image skipped because of filter conditions [cs-mode]. -->
	<!-- Update image info for [4:0x7FD9FC964000:YN] /opt/intel/oneapi/mkl/2023.0.0/lib/intel64/libmkl_intel_lp64.so.2 -->
	<msg id='6' display='false' source='trc'>
		<type>LOAD_MODULE</type>
		<severity>INFO</severity>
		<timestamp>Thu Jun  1 03:51:53 2023</timestamp>
		<arg name='module'>/opt/intel/oneapi/mkl/2023.0.0/lib/intel64/libmkl_intel_lp64.so.2</arg>
		<arg name='basement'>0x7fd9fc964000</arg>
		<arg name='ceiling'>0x7fd9fdb8f65f</arg>
		<arg name='symtab'>yes</arg>
	</msg>
	<!-- Instrumenting image: id = 4, name = /opt/intel/oneapi/mkl/2023.0.0/lib/intel64/libmkl_intel_lp64.so.2 -->
	<!-- Update image info for [5:0x7FD9FAEEA000:YN] /opt/intel/oneapi/mkl/2023.0.0/lib/intel64/libmkl_sequential.so.2 -->
	<msg id='7' display='false' source='trc'>
		<type>LOAD_MODULE</type>
		<severity>INFO</severity>
		<timestamp>Thu Jun  1 03:51:59 2023</timestamp>
		<arg name='module'>/opt/intel/oneapi/mkl/2023.0.0/lib/intel64/libmkl_sequential.so.2</arg>
		<arg name='basement'>0x7fd9faeea000</arg>
		<arg name='ceiling'>0x7fd9fc91f88f</arg>
		<arg name='symtab'>yes</arg>
	</msg>
	<!-- Instrumenting image: id = 5, name = /opt/intel/oneapi/mkl/2023.0.0/lib/intel64/libmkl_sequential.so.2 -->
	<!-- Update image info for [6:0x7FD9F6ADA000:YN] /opt/intel/oneapi/mkl/2023.0.0/lib/intel64/libmkl_core.so.2 -->
	<msg id='8' display='false' source='trc'>
		<type>LOAD_MODULE</type>
		<severity>INFO</severity>
		<timestamp>Thu Jun  1 03:52:08 2023</timestamp>
		<arg name='module'>/opt/intel/oneapi/mkl/2023.0.0/lib/intel64/libmkl_core.so.2</arg>
		<arg name='basement'>0x7fd9f6ada000</arg>
		<arg name='ceiling'>0x7fd9faebbe5f</arg>
		<arg name='symtab'>yes</arg>
	</msg>
	<!-- Instrumenting image: id = 6, name = /opt/intel/oneapi/mkl/2023.0.0/lib/intel64/libmkl_core.so.2 -->
	<!-- skipping routine "__mkl_cpu_detect_and_load_dll", reason cannot build control-flow graph (HasDynamicJumps) -->
	<!-- skipping routine "mkl_blas_xdgemm", reason cannot build control-flow graph (HasDynamicJumps) -->
	<!-- Update image info for [7:0x7FD9F678C000:NN] /lib/x86_64-linux-gnu/libstdc++.so.6 -->
	<msg id='9' display='false' source='trc'>
		<type>LOAD_MODULE</type>
		<severity>INFO</severity>
		<timestamp>Thu Jun  1 03:52:31 2023</timestamp>
		<arg name='module'>/lib/x86_64-linux-gnu/libstdc++.so.6</arg>
		<arg name='basement'>0x7fd9f678c000</arg>
		<arg name='ceiling'>0x7fd9f69587ff</arg>
		<arg name='symtab'>no</arg>
	</msg>
	<!-- Instrumentation of /lib/x86_64-linux-gnu/libstdc++.so.6 image skipped because of filter conditions [cs-mode]. -->
	<!-- Update image info for [8:0x7FD9F6627000:NN] /lib/x86_64-linux-gnu/libm.so.6 -->
	<msg id='10' display='false' source='trc'>
		<type>LOAD_MODULE</type>
		<severity>INFO</severity>
		<timestamp>Thu Jun  1 03:52:31 2023</timestamp>
		<arg name='module'>/lib/x86_64-linux-gnu/libm.so.6</arg>
		<arg name='basement'>0x7fd9f6627000</arg>
		<arg name='ceiling'>0x7fd9f676a10f</arg>
		<arg name='symtab'>no</arg>
	</msg>
	<!-- Instrumentation of /lib/x86_64-linux-gnu/libm.so.6 image skipped because of filter conditions [cs-mode]. -->
	<!-- Update image info for [9:0x7FD9F65FB000:NN] /lib/x86_64-linux-gnu/libmvec.so.1 -->
	<msg id='11' display='false' source='trc'>
		<type>LOAD_MODULE</type>
		<severity>INFO</severity>
		<timestamp>Thu Jun  1 03:52:31 2023</timestamp>
		<arg name='module'>/lib/x86_64-linux-gnu/libmvec.so.1</arg>
		<arg name='basement'>0x7fd9f65fb000</arg>
		<arg name='ceiling'>0x7fd9f6626127</arg>
		<arg name='symtab'>no</arg>
	</msg>
	<!-- Instrumentation of /lib/x86_64-linux-gnu/libmvec.so.1 image skipped because of filter conditions [cs-mode]. -->
	<!-- Update image info for [10:0x7FD9F65E1000:NN] /lib/x86_64-linux-gnu/libgcc_s.so.1 -->
	<msg id='12' display='false' source='trc'>
		<type>LOAD_MODULE</type>
		<severity>INFO</severity>
		<timestamp>Thu Jun  1 03:52:31 2023</timestamp>
		<arg name='module'>/lib/x86_64-linux-gnu/libgcc_s.so.1</arg>
		<arg name='basement'>0x7fd9f65e1000</arg>
		<arg name='ceiling'>0x7fd9f65fa447</arg>
		<arg name='symtab'>no</arg>
	</msg>
	<!-- Instrumentation of /lib/x86_64-linux-gnu/libgcc_s.so.1 image skipped because of filter conditions [cs-mode]. -->
	<!-- Update image info for [11:0x7FD9F640D000:NN] /lib/x86_64-linux-gnu/libc.so.6 -->
	<msg id='13' display='false' source='trc'>
		<type>LOAD_MODULE</type>
		<severity>INFO</severity>
		<timestamp>Thu Jun  1 03:52:31 2023</timestamp>
		<arg name='module'>/lib/x86_64-linux-gnu/libc.so.6</arg>
		<arg name='basement'>0x7fd9f640d000</arg>
		<arg name='ceiling'>0x7fd9f65e067f</arg>
		<arg name='symtab'>no</arg>
	</msg>
	<!-- Instrumentation of /lib/x86_64-linux-gnu/libc.so.6 image skipped because of filter conditions. -->
	<!-- Update image info for [12:0x7FD9F6407000:NN] /lib/x86_64-linux-gnu/libdl.so.2 -->
	<msg id='14' display='false' source='trc'>
		<type>LOAD_MODULE</type>
		<severity>INFO</severity>
		<timestamp>Thu Jun  1 03:52:32 2023</timestamp>
		<arg name='module'>/lib/x86_64-linux-gnu/libdl.so.2</arg>
		<arg name='basement'>0x7fd9f6407000</arg>
		<arg name='ceiling'>0x7fd9f640c10f</arg>
		<arg name='symtab'>no</arg>
	</msg>
	<!-- Instrumentation of /lib/x86_64-linux-gnu/libdl.so.2 image skipped because of filter conditions [cs-mode]. -->
	<!-- Update image info for [13:0x7FD9F63CA000:YN] /lib/x86_64-linux-gnu/libpthread.so.0 -->
	<msg id='15' display='false' source='trc'>
		<type>LOAD_MODULE</type>
		<severity>INFO</severity>
		<timestamp>Thu Jun  1 03:52:32 2023</timestamp>
		<arg name='module'>/lib/x86_64-linux-gnu/libpthread.so.0</arg>
		<arg name='basement'>0x7fd9f63ca000</arg>
		<arg name='ceiling'>0x7fd9f63eb46f</arg>
		<arg name='symtab'>yes</arg>
	</msg>
	<!-- Instrumentation of /lib/x86_64-linux-gnu/libpthread.so.0 image skipped because of filter conditions [cs-mode]. -->
	<!-- Update image info for [14:0x7FD9E0E56000:YN] /opt/intel/oneapi/mkl/2023.0.0/lib/intel64/libmkl_avx2.so.2 -->
	<msg id='16' display='false' source='trc'>
		<type>LOAD_MODULE</type>
		<severity>INFO</severity>
		<timestamp>Thu Jun  1 03:52:32 2023</timestamp>
		<arg name='module'>/opt/intel/oneapi/mkl/2023.0.0/lib/intel64/libmkl_avx2.so.2</arg>
		<arg name='basement'>0x7fd9e0e56000</arg>
		<arg name='ceiling'>0x7fd9e3d25247</arg>
		<arg name='symtab'>yes</arg>
	</msg>
	<!-- Instrumentation of /opt/intel/oneapi/mkl/2023.0.0/lib/intel64/libmkl_avx2.so.2 image skipped because of filter conditions [cs-mode]. -->
	<!-- Update image info for [15:0x7FD9EBDD7000:YN] /opt/intel/oneapi/mkl/2023.0.0/lib/intel64/libmkl_vml_avx2.so.2 -->
	<msg id='17' display='false' source='trc'>
		<type>LOAD_MODULE</type>
		<severity>INFO</severity>
		<timestamp>Thu Jun  1 03:52:33 2023</timestamp>
		<arg name='module'>/opt/intel/oneapi/mkl/2023.0.0/lib/intel64/libmkl_vml_avx2.so.2</arg>
		<arg name='basement'>0x7fd9ebdd7000</arg>
		<arg name='ceiling'>0x7fd9ecbc3b6f</arg>
		<arg name='symtab'>yes</arg>
	</msg>
	<!-- Instrumentation of /opt/intel/oneapi/mkl/2023.0.0/lib/intel64/libmkl_vml_avx2.so.2 image skipped because of filter conditions [cs-mode]. -->
</log>
	<msg id='18' display='false' source='trc'>
		<type>UNLOAD_MODULE</type>
		<severity>INFO</severity>
		<timestamp>Thu Jun  1 03:52:36 2023</timestamp>
		<arg name='module'>/home/asl/Lorenzo/ASL-project-team28/bin</arg>
	</msg>
	<msg id='19' display='false' source='trc'>
		<type>UNLOAD_MODULE</type>
		<severity>INFO</severity>
		<timestamp>Thu Jun  1 03:52:36 2023</timestamp>
		<arg name='module'>/lib64/ld-linux-x86-64.so.2</arg>
	</msg>
	<msg id='20' display='false' source='trc'>
		<type>UNLOAD_MODULE</type>
		<severity>INFO</severity>
		<timestamp>Thu Jun  1 03:52:36 2023</timestamp>
		<arg name='module'>[vdso]</arg>
	</msg>
	<msg id='21' display='false' source='trc'>
		<type>UNLOAD_MODULE</type>
		<severity>INFO</severity>
		<timestamp>Thu Jun  1 03:52:36 2023</timestamp>
		<arg name='module'>/opt/intel/oneapi/mkl/2023.0.0/lib/intel64/libmkl_intel_lp64.so.2</arg>
	</msg>
	<msg id='22' display='false' source='trc'>
		<type>UNLOAD_MODULE</type>
		<severity>INFO</severity>
		<timestamp>Thu Jun  1 03:52:36 2023</timestamp>
		<arg name='module'>/opt/intel/oneapi/mkl/2023.0.0/lib/intel64/libmkl_sequential.so.2</arg>
	</msg>
	<msg id='23' display='false' source='trc'>
		<type>UNLOAD_MODULE</type>
		<severity>INFO</severity>
		<timestamp>Thu Jun  1 03:52:36 2023</timestamp>
		<arg name='module'>/opt/intel/oneapi/mkl/2023.0.0/lib/intel64/libmkl_core.so.2</arg>
	</msg>
	<msg id='24' display='false' source='trc'>
		<type>UNLOAD_MODULE</type>
		<severity>INFO</severity>
		<timestamp>Thu Jun  1 03:52:36 2023</timestamp>
		<arg name='module'>/lib/x86_64-linux-gnu/libstdc++.so.6</arg>
	</msg>
	<msg id='25' display='false' source='trc'>
		<type>UNLOAD_MODULE</type>
		<severity>INFO</severity>
		<timestamp>Thu Jun  1 03:52:36 2023</timestamp>
		<arg name='module'>/lib/x86_64-linux-gnu/libm.so.6</arg>
	</msg>
	<msg id='26' display='false' source='trc'>
		<type>UNLOAD_MODULE</type>
		<severity>INFO</severity>
		<timestamp>Thu Jun  1 03:52:36 2023</timestamp>
		<arg name='module'>/lib/x86_64-linux-gnu/libmvec.so.1</arg>
	</msg>
	<msg id='27' display='false' source='trc'>
		<type>UNLOAD_MODULE</type>
		<severity>INFO</severity>
		<timestamp>Thu Jun  1 03:52:36 2023</timestamp>
		<arg name='module'>/lib/x86_64-linux-gnu/libgcc_s.so.1</arg>
	</msg>
	<msg id='28' display='false' source='trc'>
		<type>UNLOAD_MODULE</type>
		<severity>INFO</severity>
		<timestamp>Thu Jun  1 03:52:36 2023</timestamp>
		<arg name='module'>/lib/x86_64-linux-gnu/libc.so.6</arg>
	</msg>
	<msg id='29' display='false' source='trc'>
		<type>UNLOAD_MODULE</type>
		<severity>INFO</severity>
		<timestamp>Thu Jun  1 03:52:36 2023</timestamp>
		<arg name='module'>/lib/x86_64-linux-gnu/libdl.so.2</arg>
	</msg>
	<msg id='30' display='false' source='trc'>
		<type>UNLOAD_MODULE</type>
		<severity>INFO</severity>
		<timestamp>Thu Jun  1 03:52:36 2023</timestamp>
		<arg name='module'>/lib/x86_64-linux-gnu/libpthread.so.0</arg>
	</msg>
	<msg id='31' display='false' source='trc'>
		<type>UNLOAD_MODULE</type>
		<severity>INFO</severity>
		<timestamp>Thu Jun  1 03:52:36 2023</timestamp>
		<arg name='module'>/opt/intel/oneapi/mkl/2023.0.0/lib/intel64/libmkl_avx2.so.2</arg>
	</msg>
	<msg id='32' display='false' source='trc'>
		<type>UNLOAD_MODULE</type>
		<severity>INFO</severity>
		<timestamp>Thu Jun  1 03:52:36 2023</timestamp>
		<arg name='module'>/opt/intel/oneapi/mkl/2023.0.0/lib/intel64/libmkl_vml_avx2.so.2</arg>
	</msg>
	<msg id='33' display='false' source='trc'>
		<type>PROCESS_FINISH</type>
		<severity>INFO</severity>
		<timestamp>Thu Jun  1 03:52:36 2023</timestamp>
		<arg name='process'>/home/asl/Lorenzo/ASL-project-team28/bin</arg>
		<arg name='pid'>44218</arg>
		<arg name='exitcode'>0x1</arg>
	</msg>
	<!-- Application exited with code 1 -->
</log>