9 [140353687885760] INFO perfrun.launcher <> - Launcher main begin
9 [140353687885760] INFO perfrun.launcher <> - MessageCatalogInit finished
9 [140353687885760] INFO perfrun.launcher <> - Launcher instance created
9 [140353687885760] INFO perfrun.launcher <> - argc = 6; cmdline = /opt/intel/oneapi/advisor/2023.0.0/bin64/advixe-runss -dump-vdso -r /home/asl/Lorenzo/ASL-project-team28/MyResults/e000/hs000 --tmp-dir /tmp/advixe-tmp-asl 
38 [140353687885760] INFO perfrun.launcher <> - create msngr2::ICliToolContext
38 [140353687885760] INFO perfrun.launcher <> - create file finder object
39 [140353678370560] INFO perfrun.launcher <> - plugin [remoteplug] was disabled because it doesn't support the given collection type.
39 [140353678370560] INFO perfrun.launcher <> - plugin [system] was disabled because it doesn't support the given collection type.
39 [140353678370560] INFO perfrun.vdso <> - dumping [vdso] pseudomodule
40 [140353678370560] WARN perfrun.vdso <> - could not archive [vdso], return code 5, at file: vcs/perfrun1/plugins/vdso/src/vdso_collector.cpp:264
40 [140353678370560] INFO perfrun.launcher <> - plugin [itt] was disabled because it doesn't support the given collection type.
40 [140353678370560] INFO perfrun.launcher <> - plugin [] was disabled because it doesn't support the given collection type.
40 [140353678370560] INFO perfrun.launcher <> - plugin [gpu] was disabled because it doesn't support the given collection type.
40 [140353678370560] INFO perfrun.launcher <> - plugin [] was disabled because it doesn't support the given collection type.
40 [140353678370560] INFO perfrun.launcher <> - plugin [] was disabled because it doesn't support the given collection type.
40 [140353678370560] INFO perfrun.launcher <> - plugin [] was disabled because it doesn't support the given collection type.
40 [140353678370560] INFO perfrun.launcher <> - plugin [mrte] was disabled because it doesn't support the given collection type.
40 [140353678370560] INFO perfrun.launcher <> - plugin [] was disabled because it doesn't support the given collection type.
40 [140353678370560] INFO perfrun.launcher <> - plugin [] was disabled because it doesn't support the given collection type.
40 [140353678370560] INFO perfrun.launcher <> - plugin [] was disabled because it doesn't support the given collection type.
40 [140353678370560] INFO perfrun.launcher <> - plugin [] was disabled because it doesn't support the given collection type.
40 [140353678370560] INFO perfrun.launcher <> - plugin [] was disabled because it doesn't support the given collection type.
40 [140353678370560] INFO perfrun.launcher <> - plugin [] was disabled because it doesn't support the given collection type.
40 [140353678370560] INFO perfrun.launcher <> - plugin [] was disabled because it doesn't support the given collection type.
40 [140353678370560] INFO perfrun.launcher <> - plugin [tpss] was disabled because it doesn't support the given collection type.
40 [140353678370560] INFO perfrun.launcher <> - plugin [] was disabled because it doesn't support the given collection type.
40 [140353678370560] INFO perfrun.launcher <> - plugin [] was disabled because it doesn't support the given collection type.
40 [140353678370560] INFO perfrun.launcher <> - plugin [] was disabled because it doesn't support the given collection type.
40 [140353678370560] INFO perfrun.launcher <> - plugin [] was disabled because it doesn't support the given collection type.
40 [140353678370560] INFO perfrun.launcher <> - plugin [] was disabled because it doesn't support the given collection type.
40 [140353678370560] INFO perfrun.launcher <> - plugin [] was disabled because it doesn't support the given collection type.
40 [140353678370560] INFO perfrun.launcher <> - plugin [] was disabled because it doesn't support the given collection type.
40 [140353678370560] INFO perfrun.launcher <> - plugin [] was disabled because it doesn't support the given collection type.
40 [140353678370560] INFO perfrun.launcher <> - plugin [] was disabled because it doesn't support the given collection type.
40 [140353687885760] INFO perfrun.launcher <> - Application exit code: 0
40 [140353687885760] INFO perfrun.launcher <> - Exit code: 0
