<?xml version="1.0" encoding="utf-8"?>
<log version="1.0" tool="runtool">

<msg id="1" tool="runtool">
  <type>log-start</type>
  <arg>2023/06/02 17:47:41</arg>
</msg>
<msg id="2" tool="runtool">
  <type>bandwidth-measurement-starts</type>
</msg>
<msg id="3" tool="runtool">
  <type>bandwidth-measurement-done</type>
</msg>
<msg id="4" tool="runtool">
  <type>collector-starts</type>
</msg>
<msg id="5" tool="runtool">
  <type>marker-file</type>
  <arg>/home/asl/Lorenzo/ASL-project-team28/MyResults/e000/trc000/trc000.advixe</arg>
</msg>
<msg id="6" tool="trc">
  <type>PROCESS_START</type>
  <arg>/home/asl/Lorenzo/ASL-project-team28/bin</arg>
  <arg>288104</arg>
  <severity>INFO</severity>
  <timestamp>Fri Jun  2 17:47:52 2023</timestamp>
</msg>
<msg id="7" tool="trc">
  <type>PROCESS_ANALYSIS_MODE</type>
  <arg>full</arg>
  <severity>INFO</severity>
  <timestamp>Fri Jun  2 17:47:52 2023</timestamp>
</msg>
<msg id="8" tool="trc">
  <type>LOAD_MODULE</type>
  <arg>/home/asl/Lorenzo/ASL-project-team28/bin</arg>
  <arg>0x56008a7a5000</arg>
  <arg>0x56008a7c13b7</arg>
  <arg>yes</arg>
  <severity>INFO</severity>
  <timestamp>Fri Jun  2 17:47:52 2023</timestamp>
</msg>
<msg id="9" tool="trc">
  <type>LOAD_MODULE</type>
  <arg>/lib64/ld-linux-x86-64.so.2</arg>
  <arg>0x7f33daaa2000</arg>
  <arg>0x7f33daace177</arg>
  <arg>no</arg>
  <severity>INFO</severity>
  <timestamp>Fri Jun  2 17:47:52 2023</timestamp>
</msg>
<msg id="10" tool="trc">
  <type>LOAD_MODULE</type>
  <arg>[vdso]</arg>
  <arg>0x7ffd93f44000</arg>
  <arg>0x7ffd93f44c64</arg>
  <arg>no</arg>
  <severity>INFO</severity>
  <timestamp>Fri Jun  2 17:47:52 2023</timestamp>
</msg>
<msg id="11" tool="trc">
  <type>LOAD_MODULE</type>
  <arg>/opt/intel/oneapi/mkl/2023.0.0/lib/intel64/libmkl_intel_lp64.so.2</arg>
  <arg>0x7f33c37b9000</arg>
  <arg>0x7f33c49e465f</arg>
  <arg>yes</arg>
  <severity>INFO</severity>
  <timestamp>Fri Jun  2 17:47:52 2023</timestamp>
</msg>
<msg id="12" tool="trc">
  <type>LOAD_MODULE</type>
  <arg>/opt/intel/oneapi/mkl/2023.0.0/lib/intel64/libmkl_sequential.so.2</arg>
  <arg>0x7f33c1d31000</arg>
  <arg>0x7f33c376688f</arg>
  <arg>yes</arg>
  <severity>INFO</severity>
  <timestamp>Fri Jun  2 17:47:58 2023</timestamp>
</msg>
<msg id="13" tool="trc">
  <type>LOAD_MODULE</type>
  <arg>/opt/intel/oneapi/mkl/2023.0.0/lib/intel64/libmkl_core.so.2</arg>
  <arg>0x7f33bd929000</arg>
  <arg>0x7f33c1d0ae5f</arg>
  <arg>yes</arg>
  <severity>INFO</severity>
  <timestamp>Fri Jun  2 17:48:08 2023</timestamp>
</msg>
<msg id="14" tool="trc">
  <type>LOAD_MODULE</type>
  <arg>/lib/x86_64-linux-gnu/libstdc++.so.6</arg>
  <arg>0x7f33bd5dc000</arg>
  <arg>0x7f33bd7a87ff</arg>
  <arg>no</arg>
  <severity>INFO</severity>
  <timestamp>Fri Jun  2 17:48:31 2023</timestamp>
</msg>
<msg id="15" tool="trc">
  <type>LOAD_MODULE</type>
  <arg>/lib/x86_64-linux-gnu/libm.so.6</arg>
  <arg>0x7f33bd477000</arg>
  <arg>0x7f33bd5ba10f</arg>
  <arg>no</arg>
  <severity>INFO</severity>
  <timestamp>Fri Jun  2 17:48:31 2023</timestamp>
</msg>
<msg id="16" tool="trc">
  <type>LOAD_MODULE</type>
  <arg>/lib/x86_64-linux-gnu/libmvec.so.1</arg>
  <arg>0x7f33bd44b000</arg>
  <arg>0x7f33bd476127</arg>
  <arg>no</arg>
  <severity>INFO</severity>
  <timestamp>Fri Jun  2 17:48:31 2023</timestamp>
</msg>
<msg id="17" tool="trc">
  <type>LOAD_MODULE</type>
  <arg>/lib/x86_64-linux-gnu/libgcc_s.so.1</arg>
  <arg>0x7f33bd431000</arg>
  <arg>0x7f33bd44a447</arg>
  <arg>no</arg>
  <severity>INFO</severity>
  <timestamp>Fri Jun  2 17:48:31 2023</timestamp>
</msg>
<msg id="18" tool="trc">
  <type>LOAD_MODULE</type>
  <arg>/lib/x86_64-linux-gnu/libc.so.6</arg>
  <arg>0x7f33bd25d000</arg>
  <arg>0x7f33bd43067f</arg>
  <arg>no</arg>
  <severity>INFO</severity>
  <timestamp>Fri Jun  2 17:48:31 2023</timestamp>
</msg>
<msg id="19" tool="trc">
  <type>LOAD_MODULE</type>
  <arg>/lib/x86_64-linux-gnu/libdl.so.2</arg>
  <arg>0x7f33bd7aa000</arg>
  <arg>0x7f33bd7af10f</arg>
  <arg>no</arg>
  <severity>INFO</severity>
  <timestamp>Fri Jun  2 17:48:31 2023</timestamp>
</msg>
<msg id="20" tool="trc">
  <type>LOAD_MODULE</type>
  <arg>/lib/x86_64-linux-gnu/libpthread.so.0</arg>
  <arg>0x7f33bd22f000</arg>
  <arg>0x7f33bd25046f</arg>
  <arg>yes</arg>
  <severity>INFO</severity>
  <timestamp>Fri Jun  2 17:48:31 2023</timestamp>
</msg>
<msg id="21" tool="trc">
  <type>LOAD_MODULE</type>
  <arg>/opt/intel/oneapi/mkl/2023.0.0/lib/intel64/libmkl_avx2.so.2</arg>
  <arg>0x7f33a7c9e000</arg>
  <arg>0x7f33aab6d247</arg>
  <arg>yes</arg>
  <severity>INFO</severity>
  <timestamp>Fri Jun  2 17:48:32 2023</timestamp>
</msg>
<msg id="22" tool="trc">
  <type>LOAD_MODULE</type>
  <arg>/opt/intel/oneapi/mkl/2023.0.0/lib/intel64/libmkl_vml_avx2.so.2</arg>
  <arg>0x7f33b2c2f000</arg>
  <arg>0x7f33b3a1bb6f</arg>
  <arg>yes</arg>
  <severity>INFO</severity>
  <timestamp>Fri Jun  2 17:48:32 2023</timestamp>
</msg>
<msg id="23" tool="trc">
  <type>PROCESS_START</type>
  <arg>/usr/bin/ls</arg>
  <arg>288117</arg>
  <severity>INFO</severity>
  <timestamp>Fri Jun  2 17:48:33 2023</timestamp>
</msg>
<msg id="24" tool="trc">
  <type>PROCESS_ANALYSIS_MODE</type>
  <arg>full</arg>
  <severity>INFO</severity>
  <timestamp>Fri Jun  2 17:48:33 2023</timestamp>
</msg>
<msg id="25" tool="trc">
  <type>LOAD_MODULE</type>
  <arg>/usr/bin/ls</arg>
  <arg>0x558ba5b62000</arg>
  <arg>0x558ba5b878b7</arg>
  <arg>no</arg>
  <severity>INFO</severity>
  <timestamp>Fri Jun  2 17:48:33 2023</timestamp>
</msg>
<msg id="26" tool="trc">
  <type>LOAD_MODULE</type>
  <arg>/lib64/ld-linux-x86-64.so.2</arg>
  <arg>0x7efd36584000</arg>
  <arg>0x7efd365b0177</arg>
  <arg>no</arg>
  <severity>INFO</severity>
  <timestamp>Fri Jun  2 17:48:33 2023</timestamp>
</msg>
<msg id="27" tool="trc">
  <type>LOAD_MODULE</type>
  <arg>[vdso]</arg>
  <arg>0x7ffd0e50b000</arg>
  <arg>0x7ffd0e50bc64</arg>
  <arg>no</arg>
  <severity>INFO</severity>
  <timestamp>Fri Jun  2 17:48:33 2023</timestamp>
</msg>
<msg id="28" tool="trc">
  <type>LOAD_MODULE</type>
  <arg>/lib/x86_64-linux-gnu/libselinux.so.1</arg>
  <arg>0x7efd206e3000</arg>
  <arg>0x7efd2070e607</arg>
  <arg>no</arg>
  <severity>INFO</severity>
  <timestamp>Fri Jun  2 17:48:33 2023</timestamp>
</msg>
<msg id="29" tool="trc">
  <type>LOAD_MODULE</type>
  <arg>/lib/x86_64-linux-gnu/libc.so.6</arg>
  <arg>0x7efd20452000</arg>
  <arg>0x7efd2062567f</arg>
  <arg>no</arg>
  <severity>INFO</severity>
  <timestamp>Fri Jun  2 17:48:33 2023</timestamp>
</msg>
<msg id="30" tool="trc">
  <type>LOAD_MODULE</type>
  <arg>/lib/x86_64-linux-gnu/libpcre2-8.so.0</arg>
  <arg>0x7efd20398000</arg>
  <arg>0x7efd2042f3a7</arg>
  <arg>no</arg>
  <severity>INFO</severity>
  <timestamp>Fri Jun  2 17:48:33 2023</timestamp>
</msg>
<msg id="31" tool="trc">
  <type>LOAD_MODULE</type>
  <arg>/lib/x86_64-linux-gnu/libdl.so.2</arg>
  <arg>0x7efd20371000</arg>
  <arg>0x7efd2037610f</arg>
  <arg>no</arg>
  <severity>INFO</severity>
  <timestamp>Fri Jun  2 17:48:33 2023</timestamp>
</msg>
<msg id="32" tool="trc">
  <type>LOAD_MODULE</type>
  <arg>/lib/x86_64-linux-gnu/libpthread.so.0</arg>
  <arg>0x7efd20332000</arg>
  <arg>0x7efd2035346f</arg>
  <arg>yes</arg>
  <severity>INFO</severity>
  <timestamp>Fri Jun  2 17:48:33 2023</timestamp>
</msg>
<msg id="33" tool="trc">
  <type>UNLOAD_MODULE</type>
  <arg>/usr/bin/ls</arg>
  <severity>INFO</severity>
  <timestamp>Fri Jun  2 17:48:35 2023</timestamp>
</msg>
<msg id="34" tool="trc">
  <type>UNLOAD_MODULE</type>
  <arg>/lib64/ld-linux-x86-64.so.2</arg>
  <severity>INFO</severity>
  <timestamp>Fri Jun  2 17:48:35 2023</timestamp>
</msg>
<msg id="35" tool="trc">
  <type>UNLOAD_MODULE</type>
  <arg>[vdso]</arg>
  <severity>INFO</severity>
  <timestamp>Fri Jun  2 17:48:35 2023</timestamp>
</msg>
<msg id="36" tool="trc">
  <type>UNLOAD_MODULE</type>
  <arg>/lib/x86_64-linux-gnu/libselinux.so.1</arg>
  <severity>INFO</severity>
  <timestamp>Fri Jun  2 17:48:35 2023</timestamp>
</msg>
<msg id="37" tool="trc">
  <type>UNLOAD_MODULE</type>
  <arg>/lib/x86_64-linux-gnu/libc.so.6</arg>
  <severity>INFO</severity>
  <timestamp>Fri Jun  2 17:48:35 2023</timestamp>
</msg>
<msg id="38" tool="trc">
  <type>UNLOAD_MODULE</type>
  <arg>/lib/x86_64-linux-gnu/libpcre2-8.so.0</arg>
  <severity>INFO</severity>
  <timestamp>Fri Jun  2 17:48:35 2023</timestamp>
</msg>
<msg id="39" tool="trc">
  <type>UNLOAD_MODULE</type>
  <arg>/lib/x86_64-linux-gnu/libdl.so.2</arg>
  <severity>INFO</severity>
  <timestamp>Fri Jun  2 17:48:35 2023</timestamp>
</msg>
<msg id="40" tool="trc">
  <type>UNLOAD_MODULE</type>
  <arg>/lib/x86_64-linux-gnu/libpthread.so.0</arg>
  <severity>INFO</severity>
  <timestamp>Fri Jun  2 17:48:35 2023</timestamp>
</msg>
<msg id="41" tool="trc">
  <type>PROCESS_FINISH</type>
  <arg>/usr/bin/ls</arg>
  <arg>288117</arg>
  <arg>0x0</arg>
  <severity>INFO</severity>
  <timestamp>Fri Jun  2 17:48:35 2023</timestamp>
</msg>
<msg id="42" tool="trc">
  <type>PROCESS_START</type>
  <arg>/usr/bin/dash</arg>
  <arg>288111</arg>
  <severity>INFO</severity>
  <timestamp>Fri Jun  2 17:48:32 2023</timestamp>
</msg>
<msg id="43" tool="trc">
  <type>PROCESS_ANALYSIS_MODE</type>
  <arg>full</arg>
  <severity>INFO</severity>
  <timestamp>Fri Jun  2 17:48:32 2023</timestamp>
</msg>
<msg id="44" tool="trc">
  <type>LOAD_MODULE</type>
  <arg>/usr/bin/dash</arg>
  <arg>0x55a49e4fc000</arg>
  <arg>0x55a49e51df6f</arg>
  <arg>no</arg>
  <severity>INFO</severity>
  <timestamp>Fri Jun  2 17:48:32 2023</timestamp>
</msg>
<msg id="45" tool="trc">
  <type>LOAD_MODULE</type>
  <arg>/lib64/ld-linux-x86-64.so.2</arg>
  <arg>0x7f0d936d6000</arg>
  <arg>0x7f0d93702177</arg>
  <arg>no</arg>
  <severity>INFO</severity>
  <timestamp>Fri Jun  2 17:48:32 2023</timestamp>
</msg>
<msg id="46" tool="trc">
  <type>LOAD_MODULE</type>
  <arg>[vdso]</arg>
  <arg>0x7ffe0ab7e000</arg>
  <arg>0x7ffe0ab7ec64</arg>
  <arg>no</arg>
  <severity>INFO</severity>
  <timestamp>Fri Jun  2 17:48:32 2023</timestamp>
</msg>
<msg id="47" tool="trc">
  <type>LOAD_MODULE</type>
  <arg>/lib/x86_64-linux-gnu/libc.so.6</arg>
  <arg>0x7f0d7d683000</arg>
  <arg>0x7f0d7d85667f</arg>
  <arg>no</arg>
  <severity>INFO</severity>
  <timestamp>Fri Jun  2 17:48:32 2023</timestamp>
</msg>
<msg id="48" tool="runtool">
  <type>app-exit-code</type>
  <arg>1</arg>
</msg>
<msg id="49" tool="runtool">
  <type>marker-file</type>
  <arg>/home/asl/Lorenzo/ASL-project-team28/MyResults/e000/trc000/trc000.advixe</arg>
</msg>
<msg id="50" tool="runtool">
  <type>collector-done</type>
</msg>
<msg id="51" tool="runtool">
  <type>log-end</type>
  <arg>2023/06/02 17:48:41</arg>
</msg>

</log>

